Found a listing in the collection with the Job Name '$eq', 'ctmdaily', Server '$regex', '', Group Name '$regex', '', Application '$regex', '' and Owner '$regex', '' 
Found a listing in the collection with the Job Name '$regex', '^ctmdaily', Server '$regex', '', Group Name '$regex', '', Application '$regex', '' and Owner '$regex', '' 
Found a listing in the collection with the Job Name '$regex', '^TSM', Server '$regex', '', Group Name '$regex', '', Table '$regex', '' and Owner '$regex', '' 
Found a listing in the collection with the Job Name '$regex', '^TSM', Server '$regex', '', Group Name '$regex', '', Table '$regex', '' and Owner '$regex', '' 
Found a listing in the collection with the Job Name '$eq', 'ctmdaily', Server '$regex', '', Group Name '$regex', '', Table '$regex', '' and Owner '$regex', '' 
Found a listing in the collection with the Job Name '$eq', 'ctmdaily', Server '$regex', '', Group Name '$regex', '', Table '$regex', '' and Owner '$regex', '' 
Found a listing in the collection with the Job Name '$regex', '^ctm', Server '$regex', '', Group Name '$regex', '', Table '$regex', '' and Owner '$regex', '' 
Found a listing in the collection with the Job Name '$regex', '^ctmdaily', Server '$regex', '', Group Name '$regex', '', Table '$regex', '' and Owner '$regex', '' 
No Listings found with the Job Name '$eq', 'VBVDELETEVP', Server '$regex', '', Group Name '$regex', '', Application '$regex', '' and Owner '$regex', '' 
No Listings found with the Job Name '$eq', 'VBVDELETEVP', Server '$regex', '', Group Name '$regex', '', Application '$regex', '' and Owner '$regex', '' 
No Listings found with the Job Name '$eq', 'VBVDELETEVP', Server '$regex', '', Group Name '$regex', '', Application '$regex', '' and Owner '$regex', '' 
Found a listing in the collection with the Job Name '$eq', 'ctmdaily', Server '$regex', '', Group Name '$regex', '', Application '$regex', '' and Owner '$regex', '' 
No Listings found with the Job Name '$regex', '^WLIAPI[A-Z]', Server '$regex', '', Group Name '$regex', '', Application '$regex', '' and Owner '$regex', '' 
Found a listing in the collection with the Job Name '$eq', 'LSTCBL', Server '$regex', '', Group Name '$regex', '', Table '$regex', '' and Owner '$regex', '' 
No Listings found with the Job Name '$eq', '^RUIDCONNECT-DEV01', Server '$regex', '', Group Name '$regex', '', Table '$regex', '' and Owner '$regex', '' 
No Listings found with the Job Name '$eq', 'RUIDCONNECT-DEV01', Server '$regex', '', Group Name '$regex', '', Table '$regex', '' and Owner '$regex', '' 
No Listings found with the Job Name '$eq', 'RUIDCONNECT', Server '$regex', '', Group Name '$regex', '', Table '$regex', '' and Owner '$regex', '' 
No Listings found with the Job Name '$eq', 'RUIDCONNECT-DEV01', Server '$regex', '', Group Name '$regex', '', Table '$regex', '' and Owner '$regex', '' 
No Listings found with the Job Name '$eq', 'RUIDCONNECT-DEV01', Server '$regex', '', Group Name '$regex', '', Table '$regex', '' and Owner '$regex', '' 
No Listings found with the Job Name '$regex', '^RUIDCONNECT', Server '$regex', '', Group Name '$regex', '', Table '$regex', '' and Owner '$regex', '' 
No Listings found with the Job Name '$regex', '', Server '$regex', '^kp2autoapp01', Group Name '$regex', '', Table '$regex', '' and Owner '$regex', '' 
$eq
kp2autoapp01
false
$regex

$regex

$eq
kp2autoapp01
$regex

$regex

false
$regex

$regex

$eq
kp2autoapp01
$regex

$regex

true
true
true
true
false
$regex

$regex

$eq
kp2autoapp01
$regex

$regex

true
true
true
true
$eq
kp2autoapp01
false
$regex

$regex

$eq
kp2autoapp01
$regex

$regex

true
true
true
true
$eq
kp2autoapp01
true
No Listings found with the Job Name '$regex', '', Server '$eq', 'kp2autoapp01', Group Name '$regex', '', Table '$regex', '' and Owner '$regex', '' 
true
No Listings found with the Job Name '$regex', '^MXED', Server '$regex', '', Group Name '$regex', '', Table '$regex', '' and Owner '$regex', '' 
true
No Listings found with the Job Name '$regex', '', Server '$eq', 'kp2autoapp01', Group Name '$regex', '', Table '$regex', '' and Owner '$regex', '' 
false
false
false
true
true
No Listings found with the Job Name '$regex', '^NBU.*DBDEV$', Server '$regex', '', Group Name '$regex', '', Table '$regex', '' and Owner '$regex', '' 
No Listings found with the Job Name '$regex', '^NBU.*DBDEV$', Server '$regex', '', Group Name '$regex', '', Table '$regex', '' and Owner '$regex', '' 
true
Found a listing in the collection with the Job Name '$regex', '^NBU.*AD$', Server '$regex', '', Group Name '$regex', '', Table '$regex', '' and Owner '$regex', '' 
true
Found a listing in the collection with the Job Name '$regex', '^NBU.*AD$', Server '$regex', '', Group Name '$regex', '', Application '$regex', '' and Owner '$regex', '' 
true
Found a listing in the collection with the Job Name '$regex', '^NBU', Server '$regex', '', Group Name '$regex', '', Application '$regex', '' and Owner '$regex', '' 
true
No Listings found with the Job Name '$eq', 'NBU-DBO05_PGLM-HW', Server '$regex', '', Group Name '$regex', '', Table '$regex', '' and Owner '$regex', '' 
true
No Listings found with the Job Name '$regex', '', Server '$eq', 'bca-srmqas', Group Name '$regex', '', Application '$regex', '' and Owner '$regex', '' 
true
No Listings found with the Job Name '$regex', '', Server '$eq', 'bcasap1', Group Name '$regex', '', Application '$regex', '' and Owner '$regex', '' 
No documents found!
false
true
Found a listing in the collection with the Job Name '$eq', 'CHNBRANCH', Server '$regex', '', Group Name '$regex', '', Table '$regex', '' and Owner '$regex', '' 
true
Found a listing in the collection with the Job Name '$eq', 'CHNCCFOTO', Server '$regex', '', Group Name '$regex', '', Table '$regex', '' and Owner '$regex', '' 
true
Found a listing in the collection with the Job Name '$eq', 'CHNPEKERJAAN', Server '$regex', '', Group Name '$regex', '', Table '$regex', '' and Owner '$regex', '' 
true
Found a listing in the collection with the Job Name '$eq', 'CHNCOUNTRY', Server '$regex', '', Group Name '$regex', '', Table '$regex', '' and Owner '$regex', '' 
true
Found a listing in the collection with the Job Name '$eq', 'CHNSCREENSHOT', Server '$regex', '', Group Name '$regex', '', Table '$regex', '' and Owner '$regex', '' 
true
No Listings found with the Job Name '$eq', 'CHNKGKPML1', Server '$regex', '', Group Name '$regex', '', Table '$regex', '' and Owner '$regex', '' 
true
No Listings found with the Job Name '$eq', 'CHNKGKPML1', Server '$regex', '', Group Name '$regex', '', Table '$regex', '' and Owner '$regex', '' 
true
Found a listing in the collection with the Job Name '$eq', 'CHNEMAIL', Server '$regex', '', Group Name '$regex', '', Table '$regex', '' and Owner '$regex', '' 
true
Found a listing in the collection with the Job Name '$eq', 'CHNKFKCC1', Server '$regex', '', Group Name '$regex', '', Table '$regex', '' and Owner '$regex', '' 
true
Found a listing in the collection with the Job Name '$eq', 'CHNKFKCC2', Server '$regex', '', Group Name '$regex', '', Table '$regex', '' and Owner '$regex', '' 
true
No Listings found with the Job Name '$eq', 'CHNDWH', Server '$regex', '', Group Name '$regex', '', Table '$regex', '' and Owner '$regex', '' 
true
No Listings found with the Job Name '$eq', 'CHNDWH', Server '$regex', '', Group Name '$regex', '', Table '$regex', '' and Owner '$regex', '' 
true
No Listings found with the Job Name '$eq', 'CHNDWH', Server '$regex', '', Group Name '$regex', '', Table '$regex', '' and Owner '$regex', '' 
false
true
No Listings found with the Job Name '$regex', '^CHNDW', Server '$regex', '', Group Name '$regex', '', Table '$regex', '' and Owner '$regex', '' 
true
Found a listing in the collection with the Job Name '$eq', 'CHNKFKPML1', Server '$regex', '', Group Name '$regex', '', Table '$regex', '' and Owner '$regex', '' 
true
Found a listing in the collection with the Job Name '$eq', 'CHNKFKPML2', Server '$regex', '', Group Name '$regex', '', Table '$regex', '' and Owner '$regex', '' 
true
No Listings found with the Job Name '$eq', 'CHNDWH', Server '$regex', '', Group Name '$regex', '', Table '$regex', '' and Owner '$regex', '' 
true
No Listings found with the Job Name '$eq', 'CHNDWH', Server '$regex', '', Group Name '$regex', '', Table '$regex', '' and Owner '$regex', '' 
true
Found a listing in the collection with the Job Name '$eq', 'STRTBECU', Server '$regex', '', Group Name '$regex', '', Table '$regex', '' and Owner '$regex', '' 
true
No Listings found with the Job Name '$eq', 'STRTCARD', Server '$regex', '', Group Name '$regex', '', Table '$regex', '' and Owner '$regex', '' 
false
true
Found a listing in the collection with the Job Name '$eq', 'CHNDWH', Server '$regex', '', Group Name '$regex', '', Table '$regex', '' and Owner '$regex', '' 
true
Found a listing in the collection with the Job Name '$eq', 'CHNDWH', Server '$regex', '', Group Name '$regex', '', Table '$regex', '' and Owner '$regex', '' 
true
Found a listing in the collection with the Job Name '$eq', 'ctmdaily', Server '$regex', '', Group Name '$regex', '', Application '$regex', '' and Owner '$regex', '' 
true
Found a listing in the collection with the Job Name '$eq', 'ctmdaily', Server '$regex', '', Group Name '$regex', '', Table '$regex', '' and Owner '$regex', '' 
true
Found a listing in the collection with the Job Name '$eq', 'IMCONSUB', Server '$regex', '', Group Name '$regex', '', Table '$regex', '' and Owner '$regex', '' 
true
No Listings found with the Job Name '$regex', '^INF', Server '$regex', '', Group Name '$regex', '', Application '$regex', '' and Owner '$regex', '' 
true
Found a listing in the collection with the Job Name '$eq', 'ctmdaily', Server '$regex', '', Group Name '$regex', '', Application '$regex', '' and Owner '$regex', '' 
true
No Listings found with the Job Name '$regex', '^INF', Server '$regex', '', Group Name '$regex', '', Application '$regex', '' and Owner '$regex', '' 
true
Found a listing in the collection with the Job Name '$regex', '^INF', Server '$regex', '', Group Name '$regex', '', Application '$regex', '' and Owner '$regex', '' 
true
Found a listing in the collection with the Job Name '$regex', '^INF', Server '$regex', '', Group Name '$regex', '', Application '$regex', '' and Owner '$regex', '' 
true
Found a listing in the collection with the Job Name '$regex', '^INF', Server '$regex', '', Group Name '$regex', '', Application '$regex', '' and Owner '$regex', '' 
true
Found a listing in the collection with the Job Name '$regex', '^INF', Server '$regex', '', Group Name '$regex', '', Application '$regex', '' and Owner '$regex', '' 
true
Found a listing in the collection with the Job Name '$regex', '^INF', Server '$regex', '', Group Name '$regex', '', Application '$regex', '' and Owner '$regex', '' 
true
Found a listing in the collection with the Job Name '$regex', '^INF', Server '$regex', '', Group Name '$regex', '', Application '$regex', '' and Owner '$regex', '' 
true
Found a listing in the collection with the Job Name '$regex', '^INF', Server '$regex', '', Group Name '$regex', '', Application '$regex', '' and Owner '$regex', '' 
true
Found a listing in the collection with the Job Name '$regex', '^TSM', Server '$regex', '', Group Name '$regex', '', Application '$regex', '' and Owner '$regex', '' 
true
Found a listing in the collection with the Job Name '$regex', '^TSM', Server '$regex', '', Group Name '$regex', '', Application '$regex', '' and Owner '$regex', '' 
true
Found a listing in the collection with the Job Name '$regex', '^INF', Server '$regex', '', Group Name '$regex', '', Application '$regex', '' and Owner '$regex', '' 
true
Found a listing in the collection with the Job Name '$regex', '^INF', Server '$regex', '', Group Name '$regex', '', Application '$regex', '' and Owner '$regex', '' 
true
No Listings found with the Job Name '$regex', '^INF', Server '$regex', '', Group Name '$regex', '', Application '$regex', '' and Owner '$regex', '' 
true
Found a listing in the collection with the Job Name '$eq', 'ctmdaily', Server '$regex', '', Group Name '$regex', '', Application '$regex', '' and Owner '$regex', '' 
true
Found a listing in the collection with the Job Name '$regex', '^NBU', Server '$regex', '', Group Name '$regex', '', Application '$regex', '' and Owner '$regex', '' 
true
No Listings found with the Job Name '$regex', '^INF', Server '$regex', '', Group Name '$regex', '', Application '$regex', '' and Owner '$regex', '' 
true
Found a listing in the collection with the Job Name '$regex', '^INF', Server '$regex', '', Group Name '$regex', '', Application '$regex', '' and Owner '$regex', '' 
true
Found a listing in the collection with the Job Name '$regex', '^INF', Server '$regex', '', Group Name '$regex', '', Application '$regex', '' and Owner '$regex', '' 
true
No Listings found with the Job Name '$regex', '^INF', Server '$regex', '', Group Name '$regex', '', Application '$regex', '' and Owner '$regex', '' 
true
Found a listing in the collection with the Job Name '$eq', 'CTMHAI1', Server '$regex', '', Group Name '$regex', '', Application '$regex', '' and Owner '$regex', '' 
true
true
true
false
true
true
true
true
true
Found a listing in the collection with the Job Name '$regex', '^INF', Server '$regex', '', Group Name '$regex', '', Application '$regex', '' and Owner '$regex', '' 
true
No Listings found with the Job Name '$regex', '^INF', Server '$regex', '', Group Name '$regex', '', Application '$regex', '' and Owner '$regex', '' 
true
No Listings found with the Job Name '$regex', '^INF', Server '$regex', '', Group Name '$regex', '', Application '$regex', '' and Owner '$regex', '' 
true
No Listings found with the Job Name '$regex', '^INF', Server '$regex', '', Group Name '$regex', '', Application '$regex', '' and Owner '$regex', '' 
true
No Listings found with the Job Name '$regex', '^INF', Server '$regex', '', Group Name '$regex', '', Application '$regex', '' and Owner '$regex', '' 
true
No Listings found with the Job Name '$regex', '^INF', Server '$regex', '', Group Name '$regex', '', Application '$regex', '' and Owner '$regex', '' 
true
No Listings found with the Job Name '$regex', '^INF', Server '$regex', '', Group Name '$regex', '', Application '$regex', '' and Owner '$regex', '' 
true
No Listings found with the Job Name '$regex', '^INF', Server '$regex', '', Group Name '$regex', '', Application '$regex', '' and Owner '$regex', '' 
true
No Listings found with the Job Name '$regex', '^INF', Server '$regex', '', Group Name '$regex', '', Application '$regex', '' and Owner '$regex', '' 
true
No Listings found with the Job Name '$regex', '^INF', Server '$regex', '', Group Name '$regex', '', Application '$regex', '' and Owner '$regex', '' 
false
true
No Listings found with the Job Name '$eq', 'ctmdaily', Server '$regex', '', Group Name '$regex', '', Application '$regex', '' and Owner '$regex', '' 
true
No Listings found with the Job Name '$regex', '^INF', Server '$regex', '', Group Name '$regex', '', Application '$regex', '' and Owner '$regex', '' 
true
true
true
Found a listing in the collection with the Job Name '$regex', '^INF', Server '$regex', '', Group Name '$regex', '', Application '$regex', '' and Owner '$regex', '' 
true
Found a listing in the collection with the Job Name '$regex', '^STRT', Server '$regex', '', Group Name '$regex', '', Application '$regex', '' and Owner '$regex', '' 
true
true
No Listings found with the Job Name '$regex', '^INF', Server '$regex', '', Group Name '$regex', '', Application '$regex', '' and Owner '$regex', '' 
true
No Listings found with the Job Name '$regex', '^TSM', Server '$regex', '', Group Name '$regex', '', Application '$regex', '' and Owner '$regex', '' 
true
No Listings found with the Job Name '$regex', '^STRT', Server '$regex', '', Group Name '$regex', '', Application '$regex', '' and Owner '$regex', '' 
true
No Listings found with the Job Name '$regex', '^TSM', Server '$regex', '', Group Name '$regex', '', Application '$regex', '' and Owner '$regex', '' 
true
true
true
true
true
Found a listing in the collection with the Job Name '$regex', '^INF', Server '$regex', '', Group Name '$regex', '', Application '$regex', '' and Owner '$regex', '' 
true
No Listings found with the Job Name '$regex', '^TSM', Server '$regex', '', Group Name '$regex', '', Application '$regex', '' and Owner '$regex', '' 
true
No Listings found with the Job Name '$regex', '^NBU', Server '$regex', '', Group Name '$regex', '', Application '$regex', '' and Owner '$regex', '' 
true
Found a listing in the collection with the Job Name '$regex', '^INF', Server '$regex', '', Group Name '$regex', '', Application '$regex', '' and Owner '$regex', '' 
true
No Listings found with the Job Name '$eq', 'ctmdaily', Server '$regex', '', Group Name '$regex', '', Application '$regex', '' and Owner '$regex', '' 
true
No Listings found with the Job Name '$regex', '^TSM', Server '$regex', '', Group Name '$regex', '', Application '$regex', '' and Owner '$regex', '' 
true
Found a listing in the collection with the Job Name '$regex', '^INF', Server '$regex', '', Group Name '$regex', '', Application '$regex', '' and Owner '$regex', '' 
true
Found a listing in the collection with the Job Name '$regex', '^TSM', Server '$regex', '', Group Name '$regex', '', Application '$regex', '' and Owner '$regex', '' 
true
Found a listing in the collection with the Job Name '$regex', '^INF', Server '$regex', '', Group Name '$regex', '', Application '$regex', '' and Owner '$regex', '' 
true
Found a listing in the collection with the Job Name '$regex', '^TSM', Server '$regex', '', Group Name '$regex', '', Application '$regex', '' and Owner '$regex', '' 
true
No Listings found with the Job Name '$regex', '^INF', Server '$regex', '', Group Name '$regex', '', Application '$regex', '' and Owner '$regex', '' 
true
Found a listing in the collection with the Job Name '$regex', '^INF', Server '$regex', '', Group Name '$regex', '', Application '$regex', '' and Owner '$regex', '' 
true
No Listings found with the Job Name '$regex', '^TSM', Server '$regex', '', Group Name '$regex', '', Application '$regex', '' and Owner '$regex', '' 
true
true
No Listings found with the Job Name '$regex', '^TSM', Server '$regex', '', Group Name '$regex', '', Application '$regex', '' and Owner '$regex', '' 
true
No Listings found with the Job Name '$regex', '^INF', Server '$regex', '', Group Name '$regex', '', Application '$regex', '' and Owner '$regex', '' 
true
No Listings found with the Job Name '$eq', 'ctmdaily', Server '$regex', '', Group Name '$regex', '', Application '$regex', '' and Owner '$regex', '' 
true
No Listings found with the Job Name '$regex', '^INF', Server '$regex', '', Group Name '$regex', '', Application '$regex', '' and Owner '$regex', '' 
true
Found a listing in the collection with the Job Name '$regex', '^TSM', Server '$regex', '', Group Name '$regex', '', Application '$regex', '' and Owner '$regex', '' 
true
No Listings found with the Job Name '$regex', '^INF', Server '$regex', '', Group Name '$regex', '', Application '$regex', '' and Owner '$regex', '' 
true
No Listings found with the Job Name '$regex', '^INF', Server '$regex', '', Group Name '$regex', '', Application '$regex', '' and Owner '$regex', '' 
true
No Listings found with the Job Name '$regex', '^TSM', Server '$regex', '', Group Name '$regex', '', Application '$regex', '' and Owner '$regex', '' 
true
Found a listing in the collection with the Job Name '$regex', '^TSM', Server '$regex', '', Group Name '$regex', '', Application '$regex', '' and Owner '$regex', '' 
true
No Listings found with the Job Name '$regex', '^TSM', Server '$regex', '', Group Name '$regex', '', Application '$regex', '' and Owner '$regex', '' 
true
No Listings found with the Job Name '$regex', '^INF', Server '$regex', '', Group Name '$regex', '', Application '$regex', '' and Owner '$regex', '' 
true
No Listings found with the Job Name '$regex', '^INF', Server '$regex', '', Group Name '$regex', '', Application '$regex', '' and Owner '$regex', '' 
true
Found a listing in the collection with the Job Name '$regex', '^TSM', Server '$regex', '', Group Name '$regex', '', Application '$regex', '' and Owner '$regex', '' 
true
No Listings found with the Job Name '$regex', '^TSM', Server '$regex', '', Group Name '$regex', '', Application '$regex', '' and Owner '$regex', '' 
true
No Listings found with the Job Name '$regex', '^STRT', Server '$regex', '', Group Name '$regex', '', Application '$regex', '' and Owner '$regex', '' 
true
No Listings found with the Job Name '$regex', '^INF', Server '$regex', '', Group Name '$regex', '', Application '$regex', '' and Owner '$regex', '' 
true
No Listings found with the Job Name '$regex', '^TSM', Server '$regex', '', Group Name '$regex', '', Application '$regex', '' and Owner '$regex', '' 
true
Found a listing in the collection with the Job Name '$regex', '^TSM', Server '$regex', '', Group Name '$regex', '', Application '$regex', '' and Owner '$regex', '' 
true
No Listings found with the Job Name '$regex', '^TSM', Server '$regex', '', Group Name '$regex', '', Application '$regex', '' and Owner '$regex', '' 
true
Found a listing in the collection with the Job Name '$regex', '^INF', Server '$regex', '', Group Name '$regex', '', Application '$regex', '' and Owner '$regex', '' 
true
No Listings found with the Job Name '$eq', 'ctmdaily', Server '$regex', '', Group Name '$regex', '', Application '$regex', '' and Owner '$regex', '' 
true
No Listings found with the Job Name '$eq', 'INFMCLKFINSTL', Server '$regex', '', Group Name '$regex', '', Application '$regex', '' and Owner '$regex', '' 
true
No Listings found with the Job Name '$eq', 'INFMCLKFINSTL', Server '$regex', '', Group Name '$regex', '', Application '$regex', '' and Owner '$regex', '' 
true
Found a listing in the collection with the Job Name '$eq', 'INFMCLKFINSTL', Server '$regex', '', Group Name '$regex', '', Application '$regex', '' and Owner '$regex', '' 
true
Found a listing in the collection with the Job Name '$eq', 'INFMCLKFINSTL', Server '$regex', '', Group Name '$regex', '', Application '$regex', '' and Owner '$regex', '' 
true
Found a listing in the collection with the Job Name '$regex', '^INF', Server '$regex', '', Group Name '$regex', '', Application '$regex', '' and Owner '$regex', '' 
true
Found a listing in the collection with the Job Name '$regex', '^INF', Server '$regex', '', Group Name '$regex', '', Application '$regex', '' and Owner '$regex', '' 
true
Found a listing in the collection with the Job Name '$regex', '^INF', Server '$regex', '', Group Name '$regex', '', Application '$regex', '' and Owner '$regex', '' 
true
Found a listing in the collection with the Job Name '$eq', 'ctmdaily', Server '$regex', '', Group Name '$regex', '', Application '$regex', '' and Owner '$regex', '' 
true
Found a listing in the collection with the Job Name '$eq', 'ctmdaily', Server '$regex', '', Group Name '$regex', '', Application '$regex', '' and Owner '$regex', '' 
true
Found a listing in the collection with the Job Name '$eq', 'ctmdaily', Server '$regex', '', Group Name '$regex', '', Application '$regex', '' and Owner '$regex', '' 
true
No Listings found with the Job Name '$eq', 'INFMCLKFINSTL', Server '$regex', '', Group Name '$regex', '', Application '$regex', '' and Owner '$regex', '' 
true
No Listings found with the Job Name '$eq', 'INFMCLKFINSTL', Server '$regex', '', Group Name '$regex', '', Application '$regex', '' and Owner '$regex', '' 
true
Found a listing in the collection with the Job Name '$eq', 'INFMCLKFINSTL', Server '$regex', '', Group Name '$regex', '', Application '$regex', '' and Owner '$regex', '' 
true
Found a listing in the collection with the Job Name '$eq', 'ctmdaily', Server '$regex', '', Group Name '$regex', '', Application '$regex', '' and Owner '$regex', '' 
true
No Listings found with the Job Name '$eq', 'ctmdaily', Server '$regex', '', Group Name '$regex', '', Application '$regex', '' and Owner '$regex', '' 
true
No Listings found with the Job Name '$eq', 'ctmdaily', Server '$regex', '', Group Name '$regex', '', Application '$regex', '' and Owner '$regex', '' 
true
Found a listing in the collection with the Job Name '$regex', '^EBI', Server '$regex', '', Group Name '$regex', '', Application '$regex', '' and Owner '$regex', '' 
true
No Listings found with the Job Name '$eq', 'ctmdaily', Server '$regex', '', Group Name '$regex', '', Application '$regex', '' and Owner '$regex', '' 
true
Found a listing in the collection with the Job Name '$regex', '^EBI', Server '$regex', '', Group Name '$regex', '', Application '$regex', '' and Owner '$regex', '' 
true
Found a listing in the collection with the Job Name '$regex', '^EBI', Server '$regex', '', Group Name '$regex', '', Application '$regex', '' and Owner '$regex', '' 
true
No Listings found with the Job Name '$eq', 'NBU-UAT3OUTAP01-D', Server '$regex', '', Group Name '$regex', '', Application '$regex', '' and Owner '$regex', '' 
true
Found a listing in the collection with the Job Name '$eq', 'ctmdaily', Server '$regex', '', Group Name '$regex', '', Application '$regex', '' and Owner '$regex', '' 
true
No Listings found with the Job Name '$eq', 'ctmdaily', Server '$regex', '', Group Name '$regex', '', Application '$regex', '' and Owner '$regex', '' 
true
Found a listing in the collection with the Job Name '$regex', '^NBU', Server '$regex', '', Group Name '$regex', '', Application '$regex', '' and Owner '$regex', '' 
true
No Listings found with the Job Name '$eq', 'NBU-BCA_ECCDEV-D', Server '$regex', '', Group Name '$regex', '', Application '$regex', '' and Owner '$regex', '' 
true
No Listings found with the Job Name '$eq', 'ctmdaily', Server '$regex', '', Group Name '$regex', '', Application '$regex', '' and Owner '$regex', '' 
true
No Listings found with the Job Name '$regex', '^BIM', Server '$regex', '', Group Name '$regex', '', Application '$regex', '' and Owner '$regex', '' 
true
No Listings found with the Job Name '$eq', 'DEV_BIMB', Server '$regex', '', Group Name '$regex', '', Application '$regex', '' and Owner '$regex', '' 
true
Found a listing in the collection with the Job Name '$eq', 'DEV_BIMB', Server '$regex', '', Group Name '$regex', '', Application '$regex', '' and Owner '$regex', '' 
true
No Listings found with the Job Name '$eq', 'DEV_BIMB', Server '$regex', '', Group Name '$regex', '', Application '$regex', '' and Owner '$regex', '' 
true
Found a listing in the collection with the Job Name '$eq', 'ctmdaily', Server '$regex', '', Group Name '$regex', '', Application '$regex', '' and Owner '$regex', '' 
true
Found a listing in the collection with the Job Name '$eq', 'ctmdaily', Server '$regex', '', Group Name '$regex', '', Application '$regex', '' and Owner '$regex', '' 
true
Found a listing in the collection with the Job Name '$eq', 'ctmdaily', Server '$regex', '', Group Name '$regex', '', Application '$regex', '' and Owner '$regex', '' 
true
Found a listing in the collection with the Job Name '$eq', 'ctmdaily', Server '$regex', '', Group Name '$regex', '', Application '$regex', '' and Owner '$regex', '' 
true
Found a listing in the collection with the Job Name '$eq', 'ctmdaily', Server '$regex', '', Group Name '$regex', '', Application '$regex', '' and Owner '$regex', '' 
true
Found a listing in the collection with the Job Name '$eq', 'ctmdaily', Server '$regex', '', Group Name '$regex', '', Application '$regex', '' and Owner '$regex', '' 
true
Found a listing in the collection with the Job Name '$regex', '^INF', Server '$regex', '', Group Name '$regex', '', Application '$regex', '' and Owner '$regex', '' 
true
Found a listing in the collection with the Job Name '$eq', 'ctmdaily', Server '$regex', '', Group Name '$regex', '', Application '$regex', '' and Owner '$regex', '' 
true
Found a listing in the collection with the Job Name '$eq', 'ctmdaily', Server '$regex', '', Group Name '$regex', '', Application '$regex', '' and Owner '$regex', '' 
true
Found a listing in the collection with the Job Name '$regex', '^INF', Server '$regex', '', Group Name '$regex', '', Application '$regex', '' and Owner '$regex', '' 
true
Found a listing in the collection with the Job Name '$regex', '^INF', Server '$regex', '', Group Name '$regex', '', Application '$regex', '' and Owner '$regex', '' 
true
Found a listing in the collection with the Job Name '$regex', '^INF', Server '$regex', '', Group Name '$regex', '', Application '$regex', '' and Owner '$regex', '' 
true
Found a listing in the collection with the Job Name '$regex', '^INF', Server '$regex', '', Group Name '$regex', '', Application '$regex', '' and Owner '$regex', '' 
true
Found a listing in the collection with the Job Name '$regex', '^INF', Server '$regex', '', Group Name '$regex', '', Application '$regex', '' and Owner '$regex', '' 
true
Found a listing in the collection with the Job Name '$regex', '^INF', Server '$regex', '', Group Name '$regex', '', Application '$regex', '' and Owner '$regex', '' 
true
Found a listing in the collection with the Job Name '$regex', '^INF', Server '$regex', '', Group Name '$regex', '', Application '$regex', '' and Owner '$regex', '' 
true
Found a listing in the collection with the Job Name '$regex', '^INF', Server '$regex', '', Group Name '$regex', '', Application '$regex', '' and Owner '$regex', '' 
true
Found a listing in the collection with the Job Name '$regex', '^INF', Server '$regex', '', Group Name '$regex', '', Application '$regex', '' and Owner '$regex', '' 
true
Found a listing in the collection with the Job Name '$regex', '^EBI', Server '$regex', '', Group Name '$regex', '', Application '$regex', '' and Owner '$regex', '' 
true
Found a listing in the collection with the Job Name '$regex', '^EBI', Server '$regex', '', Group Name '$regex', '', Application '$regex', '' and Owner '$regex', '' 
true
Found a listing in the collection with the Job Name '$regex', '^EBI', Server '$regex', '', Group Name '$regex', '', Application '$regex', '' and Owner '$regex', '' 
true
No Listings found with the Job Name '$regex', '^INF', Server '$regex', '', Group Name '$regex', '', Application '$regex', '' and Owner '$regex', '' 
true
Found a listing in the collection with the Job Name '$regex', '^IDV', Server '$regex', '', Group Name '$regex', '', Application '$regex', '' and Owner '$regex', '' 
true
Found a listing in the collection with the Job Name '$regex', '^INF', Server '$regex', '', Group Name '$regex', '', Application '$regex', '' and Owner '$regex', '' 
false
false
true
Found a listing in the collection with the Job Name '$regex', '^EBI', Server '$regex', '', Group Name '$regex', '', Application '$regex', '' and Owner '$regex', '' 
true
Found a listing in the collection with the Job Name '$regex', '^EBI', Server '$regex', '', Group Name '$regex', '', Application '$regex', '' and Owner '$regex', '' 
true
Found a listing in the collection with the Job Name '$regex', '^INF', Server '$regex', '', Group Name '$regex', '', Application '$regex', '' and Owner '$regex', '' 
true
Found a listing in the collection with the Job Name '$regex', '^EBI', Server '$regex', '', Group Name '$regex', '', Application '$regex', '' and Owner '$regex', '' 
true
No Listings found with the Job Name '$regex', '^TSM', Server '$regex', '', Group Name '$regex', '', Application '$regex', '' and Owner '$regex', '' 
true
Found a listing in the collection with the Job Name '$regex', '^NBU', Server '$regex', '', Group Name '$regex', '', Application '$regex', '' and Owner '$regex', '' 
true
No Listings found with the Job Name '$regex', '^TSM', Server '$regex', '', Group Name '$regex', '', Application '$regex', '' and Owner '$regex', '' 
true
Found a listing in the collection with the Job Name '$regex', '^NBU', Server '$regex', '', Group Name '$regex', '', Application '$regex', '' and Owner '$regex', '' 
true
Found a listing in the collection with the Job Name '$regex', '^NBU', Server '$regex', '', Group Name '$regex', '', Application '$regex', '' and Owner '$regex', '' 
true
Found a listing in the collection with the Job Name '$regex', '^INF', Server '$regex', '', Group Name '$regex', '', Application '$regex', '' and Owner '$regex', '' 
false
true
Found a listing in the collection with the Job Name '$regex', '^DEV', Server '$regex', '', Group Name '$regex', '', Application '$regex', '' and Owner '$regex', '' 
true
Found a listing in the collection with the Job Name '$regex', '^DEV', Server '$regex', '', Group Name '$regex', '', Application '$regex', '' and Owner '$regex', '' 
true
Found a listing in the collection with the Job Name '$regex', '^TSM', Server '$regex', '', Group Name '$regex', '', Application '$regex', '' and Owner '$regex', '' 
true
Found a listing in the collection with the Job Name '$regex', '^STRT', Server '$regex', '', Group Name '$regex', '', Application '$regex', '' and Owner '$regex', '' 
true
Found a listing in the collection with the Job Name '$regex', '^INF', Server '$regex', '', Group Name '$regex', '', Application '$regex', '' and Owner '$regex', '' 
true
Found a listing in the collection with the Job Name '$regex', '^EBI', Server '$regex', '', Group Name '$regex', '', Application '$regex', '' and Owner '$regex', '' 
true
Found a listing in the collection with the Job Name '$regex', '^NBU', Server '$regex', '', Group Name '$regex', '', Application '$regex', '' and Owner '$regex', '' 
true
Found a listing in the collection with the Job Name '$regex', '^DEV', Server '$regex', '', Group Name '$regex', '', Application '$regex', '' and Owner '$regex', '' 
true
Found a listing in the collection with the Job Name '$regex', '^NBU', Server '$regex', '', Group Name '$regex', '', Application '$regex', '' and Owner '$regex', '' 
true
Found a listing in the collection with the Job Name '$regex', '^NBU', Server '$regex', '', Group Name '$regex', '', Application '$regex', '' and Owner '$regex', '' 
true
Found a listing in the collection with the Job Name '$regex', '^NBU', Server '$regex', '', Group Name '$regex', '', Application '$regex', '' and Owner '$regex', '' 
true
Found a listing in the collection with the Job Name '$regex', '^INF', Server '$regex', '', Group Name '$regex', '', Application '$regex', '' and Owner '$regex', '' 
true
Found a listing in the collection with the Job Name '$regex', '^DEV', Server '$regex', '', Group Name '$regex', '', Application '$regex', '' and Owner '$regex', '' 
true
No Listings found with the Job Name '$regex', '^INF', Server '$regex', '', Group Name '$regex', '', Application '$regex', '' and Owner '$regex', '' 
true
No Listings found with the Job Name '$regex', '', Server '$eq', 'oln2estmt01', Group Name '$regex', '', Application '$regex', '' and Owner '$regex', '' 
true
Found a listing in the collection with the Job Name '$regex', '^DEV', Server '$regex', '', Group Name '$regex', '', Application '$regex', '' and Owner '$regex', '' 
No documents found!
No documents found!
No documents found!
true
No Listings found with the Job Name '$regex', '^XSC', Server '$regex', '', Group Name '$regex', '', Application '$regex', '' and Owner '$regex', '' 
true
No Listings found with the Job Name '$eq', 'XSCFRTRYRELLMT', Server '$regex', '', Group Name '$regex', '', Application '$regex', '' and Owner '$regex', '' 
true
No Listings found with the Job Name '$eq', 'XSCFRTRYRELLMT', Server '$regex', '', Group Name '$regex', '', Application '$regex', '' and Owner '$regex', '' 
true
No Listings found with the Job Name '$eq', 'XSCFRTRYRELLMT', Server '$regex', '', Group Name '$regex', '', Application '$regex', '' and Owner '$regex', '' 
true
true
true
true
Found a listing in the collection with the Job Name '$eq', 'ctmdaily', Server '$regex', '', Group Name '$regex', '', Application '$regex', '' and Owner '$regex', '' 
true
true
true
false
true
true
true
true
Found a listing in the collection with the Job Name '$eq', 'ctmdaily', Server '$regex', '', Group Name '$regex', '', Application '$regex', '' and Owner '$regex', '' 
true
Found a listing in the collection with the Job Name '$eq', 'ctmdaily', Server '$regex', '', Group Name '$regex', '', Application '$regex', '' and Owner '$regex', '' 
true
Found a listing in the collection with the Job Name '$regex', '^DEV', Server '$regex', '', Group Name '$regex', '', Application '$regex', '' and Owner '$regex', '' 
true
Found a listing in the collection with the Job Name '$regex', '^DEV', Server '$regex', '', Group Name '$regex', '', Application '$regex', '' and Owner '$regex', '' 
true
Found a listing in the collection with the Job Name '$eq', 'ctmdaily', Server '$regex', '', Group Name '$regex', '', Application '$regex', '' and Owner '$regex', '' 
true
Found a listing in the collection with the Job Name '$eq', 'ctmdaily', Server '$regex', '', Group Name '$regex', '', Application '$regex', '' and Owner '$regex', '' 
true
Found a listing in the collection with the Job Name '$eq', 'ctmdaily', Server '$regex', '', Group Name '$regex', '', Application '$regex', '' and Owner '$regex', '' 
true
No Listings found with the Job Name '$regex', '^GISTA', Server '$regex', '', Group Name '$regex', '', Application '$regex', '' and Owner '$regex', '' 
true
No Listings found with the Job Name '$eq', 'XSCFSYNCCAL', Server '$regex', '', Group Name '$regex', '', Application '$regex', '' and Owner '$regex', '' 
true
Found a listing in the collection with the Job Name '$eq', 'XSCFRTRYRELLMT', Server '$regex', '', Group Name '$regex', '', Application '$regex', '' and Owner '$regex', '' 
true
Found a listing in the collection with the Job Name '$eq', 'ctmdaily', Server '$regex', '', Group Name '$regex', '', Application '$regex', '' and Owner '$regex', '' 
true
Found a listing in the collection with the Job Name '$eq', 'CTMDAILY', Server '$regex', '', Group Name '$regex', '', Application '$regex', '' and Owner '$regex', '' 
true
Found a listing in the collection with the Job Name '$regex', '^INF', Server '$regex', '', Group Name '$regex', '', Application '$regex', '' and Owner '$regex', '' 
true
Found a listing in the collection with the Job Name '$regex', '^EBI', Server '$regex', '', Group Name '$regex', '', Application '$regex', '' and Owner '$regex', '' 
true
No Listings found with the Job Name '$eq', 'ctmdaily', Server '$regex', '', Group Name '$regex', '', Application '$regex', '' and Owner '$regex', '' 
true
No Listings found with the Job Name '$eq', '^NBU', Server '$regex', '', Group Name '$regex', '', Application '$regex', '' and Owner '$regex', '' 
true
Found a listing in the collection with the Job Name '$regex', '^NBU', Server '$regex', '', Group Name '$regex', '', Application '$regex', '' and Owner '$regex', '' 
true
Found a listing in the collection with the Job Name '$regex', '^XSC', Server '$regex', '', Group Name '$regex', '', Application '$regex', '' and Owner '$regex', '' 
true
Found a listing in the collection with the Job Name '$regex', '^XSC', Server '$regex', '', Group Name '$regex', '', Application '$regex', '' and Owner '$regex', '' 
true
Found a listing in the collection with the Job Name '$regex', '^XSC', Server '$regex', '', Group Name '$regex', '', Application '$regex', '' and Owner '$regex', '' 
true
Found a listing in the collection with the Job Name '$regex', '^XSC', Server '$regex', '', Group Name '$regex', '', Application '$regex', '' and Owner '$regex', '' 
true
Found a listing in the collection with the Job Name '$regex', '^DEV', Server '$regex', '', Group Name '$regex', '', Application '$regex', '' and Owner '$regex', '' 
true
Found a listing in the collection with the Job Name '$regex', '^XSC', Server '$regex', '', Group Name '$regex', '', Application '$regex', '' and Owner '$regex', '' 
true
No Listings found with the Job Name '$regex', '^INF', Server '$regex', '', Group Name '$regex', '', Application '$regex', '' and Owner '$regex', '' 
true
No Listings found with the Job Name '$regex', '^INF', Server '$regex', '', Group Name '$regex', '', Application '$regex', '' and Owner '$regex', '' 
true
Found a listing in the collection with the Job Name '$regex', '^XSC', Server '$regex', '', Group Name '$regex', '', Application '$regex', '' and Owner '$regex', '' 
true
Found a listing in the collection with the Job Name '$regex', '^TSM', Server '$regex', '', Group Name '$regex', '', Application '$regex', '' and Owner '$regex', '' 
false
true
Found a listing in the collection with the Job Name '$eq', 'ctmdaily', Server '$regex', '', Group Name '$regex', '', Application '$regex', '' and Owner '$regex', '' 
true
Found a listing in the collection with the Job Name '$eq', 'ctmdaily', Server '$regex', '', Group Name '$regex', '', Application '$regex', '' and Owner '$regex', '' 
true
Found a listing in the collection with the Job Name '$regex', '^DW', Server '$regex', '', Group Name '$regex', '', Application '$regex', '' and Owner '$regex', '' 
true
Found a listing in the collection with the Job Name '$eq', 'ctmdaily', Server '$regex', '', Group Name '$regex', '', Application '$regex', '' and Owner '$regex', '' 
false
true
Found a listing in the collection with the Job Name '$eq', 'ctmdaily', Server '$regex', '', Group Name '$regex', '', Application '$regex', '' and Owner '$regex', '' 
true
Found a listing in the collection with the Job Name '$eq', 'ctmdaily', Server '$regex', '', Group Name '$regex', '', Application '$regex', '' and Owner '$regex', '' 
true
Found a listing in the collection with the Job Name '$eq', 'CTMDAILY', Server '$regex', '', Group Name '$regex', '', Application '$regex', '' and Owner '$regex', '' 
true
No Listings found with the Job Name '$regex', '^STOP', Server '$regex', '', Group Name '$regex', '', Application '$regex', '' and Owner '$regex', '' 
true
No Listings found with the Job Name '$regex', '^STOP', Server '$regex', '', Group Name '$regex', '', Application '$regex', '' and Owner '$regex', '' 
true
No Listings found with the Job Name '$regex', '^stop', Server '$regex', '', Group Name '$regex', '', Application '$regex', '' and Owner '$regex', '' 
true
No Listings found with the Job Name '$regex', '^stop', Server '$regex', '', Group Name '$regex', '', Application '$regex', '' and Owner '$regex', '' 
true
Found a listing in the collection with the Job Name '$regex', '^XSC', Server '$regex', '', Group Name '$regex', '', Application '$regex', '' and Owner '$regex', '' 
true
Found a listing in the collection with the Job Name '$regex', '^XSC', Server '$regex', '', Group Name '$regex', '', Application '$regex', '' and Owner '$regex', '' 
true
No Listings found with the Job Name '$regex', '^INF', Server '$regex', '', Group Name '$regex', '', Application '$regex', '' and Owner '$regex', '' 
true
Found a listing in the collection with the Job Name '$regex', '^EBI', Server '$regex', '', Group Name '$regex', '', Application '$regex', '' and Owner '$regex', '' 
true
Found a listing in the collection with the Job Name '$regex', '^XSME', Server '$regex', '', Group Name '$regex', '', Application '$regex', '' and Owner '$regex', '' 
true
Found a listing in the collection with the Job Name '$regex', '^TEST', Server '$regex', '', Group Name '$regex', '', Application '$regex', '' and Owner '$regex', '' 
true
No Listings found with the Job Name '$regex', '^TEST', Server '$regex', '', Group Name '$regex', '', Application '$regex', '' and Owner '$regex', '' 
true
No Listings found with the Job Name '$regex', '^TEST', Server '$regex', '', Group Name '$regex', '', Application '$regex', '' and Owner '$regex', '' 
true
No Listings found with the Job Name '$eq', 'TEST-UATIBANK01-DOWN', Server '$regex', '', Group Name '$regex', '', Application '$regex', '' and Owner '$regex', '' 
true
No Listings found with the Job Name '$eq', 'TEST-UATIBANK01-DOWN', Server '$regex', '', Group Name '$regex', '', Application '$regex', '' and Owner '$regex', '' 
true
true
Found a listing in the collection with the Job Name '$regex', '^TEST', Server '$regex', '', Group Name '$regex', '', Application '$regex', '' and Owner '$regex', '' 
true
No Listings found with the Job Name '$regex', '^START', Server '$regex', '', Group Name '$regex', '', Application '$regex', '' and Owner '$regex', '' 
true
No Listings found with the Job Name '$regex', '^START', Server '$regex', '', Group Name '$regex', '', Application '$regex', '' and Owner '$regex', '' 
true
Found a listing in the collection with the Job Name '$regex', '^XSC', Server '$regex', '', Group Name '$regex', '', Application '$regex', '' and Owner '$regex', '' 
true
Found a listing in the collection with the Job Name '$regex', '^XSC', Server '$regex', '', Group Name '$regex', '', Application '$regex', '' and Owner '$regex', '' 
true
Found a listing in the collection with the Job Name '$regex', '^GISTA', Server '$regex', '', Group Name '$regex', '', Application '$regex', '' and Owner '$regex', '' 
true
Found a listing in the collection with the Job Name '$regex', '^INF', Server '$regex', '', Group Name '$regex', '', Application '$regex', '' and Owner '$regex', '' 
true
Found a listing in the collection with the Job Name '$regex', '^INF', Server '$regex', '', Group Name '$regex', '', Application '$regex', '' and Owner '$regex', '' 
true
Found a listing in the collection with the Job Name '$regex', '^XSC', Server '$regex', '', Group Name '$regex', '', Application '$regex', '' and Owner '$regex', '' 
true
Found a listing in the collection with the Job Name '$regex', '^XSC', Server '$regex', '', Group Name '$regex', '', Application '$regex', '' and Owner '$regex', '' 
true
Found a listing in the collection with the Job Name '$regex', '^XSC', Server '$regex', '', Group Name '$regex', '', Application '$regex', '' and Owner '$regex', '' 
true
Found a listing in the collection with the Job Name '$regex', '^XSC', Server '$regex', '', Group Name '$regex', '', Application '$regex', '' and Owner '$regex', '' 
false
true
No Listings found with the Job Name '$eq', 'FILEWATCHER', Server '$regex', '', Group Name '$regex', '', Application '$regex', '' and Owner '$regex', '' 
true
Found a listing in the collection with the Job Name '$regex', '^XSC', Server '$regex', '', Group Name '$regex', '', Application '$regex', '' and Owner '$regex', '' 
true
Found a listing in the collection with the Job Name '$regex', '^XSC', Server '$regex', '', Group Name '$regex', '', Application '$regex', '' and Owner '$regex', '' 
true
No Listings found with the Job Name '$regex', '^INF', Server '$regex', '', Group Name '$regex', '', Application '$regex', '' and Owner '$regex', '' 
true
No Listings found with the Job Name '$regex', '^INF', Server '$regex', '', Group Name '$regex', '', Application '$regex', '' and Owner '$regex', '' 
true
Found a listing in the collection with the Job Name '$regex', '^CTMMNG', Server '$regex', '', Group Name '$regex', '', Application '$regex', '' and Owner '$regex', '' 
true
Found a listing in the collection with the Job Name '$eq', 'CTMMNGOAWDEV', Server '$regex', '', Group Name '$regex', '', Table '$regex', '' and Owner '$regex', '' 
true
Found a listing in the collection with the Job Name '$regex', '^RUIDCONNECT', Server '$regex', '', Group Name '$regex', '', Table '$regex', '' and Owner '$regex', '' 
true
Found a listing in the collection with the Job Name '$regex', '', Server '$regex', '', Group Name '$regex', '', Application '$regex', '' and Owner '$regex', '' 
true
Found a listing in the collection with the Job Name '$regex', '', Server '$regex', '', Group Name '$regex', '', Application '$regex', '' and Owner '$regex', '' 
true
No Listings found with the Job Name '$regex', '^STOP', Server '$regex', '', Group Name '$regex', '', Application '$regex', '' and Owner '$regex', '' 
true
Found a listing in the collection with the Job Name '$regex', '^XSW', Server '$regex', '', Group Name '$regex', '', Application '$regex', '' and Owner '$regex', '' 
true
No Listings found with the Job Name '$regex', '^AI', Server '$regex', '', Group Name '$regex', '', Application '$regex', '' and Owner '$regex', '' 
true
Found a listing in the collection with the Job Name '$regex', '^AI', Server '$regex', '', Group Name '$regex', '', Application '$regex', '' and Owner '$regex', '' 
true
No Listings found with the Job Name '$regex', '^AI', Server '$regex', '', Group Name '$regex', '', Application '$regex', '' and Owner '$regex', '' 
true
No Listings found with the Job Name '$regex', '^START', Server '$regex', '', Group Name '$regex', '', Application '$regex', '' and Owner '$regex', '' 
true
Found a listing in the collection with the Job Name '$regex', '^TEST', Server '$regex', '', Group Name '$regex', '', Application '$regex', '' and Owner '$regex', '' 
true
No Listings found with the Job Name '$regex', '^TEST', Server '$regex', '', Group Name '$regex', '', Application '$regex', '' and Owner '$regex', '' 
true
Found a listing in the collection with the Job Name '$regex', '^XS', Server '$regex', '', Group Name '$regex', '', Application '$regex', '' and Owner '$regex', '' 
true
No Listings found with the Job Name '$regex', '^AI', Server '$regex', '', Group Name '$regex', '', Application '$regex', '' and Owner '$regex', '' 
true
Found a listing in the collection with the Job Name '$regex', '^XS', Server '$regex', '', Group Name '$regex', '', Application '$regex', '' and Owner '$regex', '' 
true
Found a listing in the collection with the Job Name '$regex', '^XS', Server '$regex', '', Group Name '$regex', '', Application '$regex', '' and Owner '$regex', '' 
true
Found a listing in the collection with the Job Name '$regex', '^XS', Server '$regex', '', Group Name '$regex', '', Application '$regex', '' and Owner '$regex', '' 
true
No Listings found with the Job Name '$regex', '^nbu', Server '$regex', '', Group Name '$regex', '', Application '$regex', '' and Owner '$regex', '' 
true
Found a listing in the collection with the Job Name '$regex', '^NBU', Server '$regex', '', Group Name '$regex', '', Application '$regex', '' and Owner '$regex', '' 
true
Found a listing in the collection with the Job Name '$regex', '^NBU', Server '$regex', '', Group Name '$regex', '', Application '$regex', '' and Owner '$regex', '' 
true
No Listings found with the Job Name '$regex', '^INF', Server '$regex', '', Group Name '$regex', '', Application '$regex', '' and Owner '$regex', '' 
true
No Listings found with the Job Name '$regex', '^EBI', Server '$regex', '', Group Name '$regex', '', Application '$regex', '' and Owner '$regex', '' 
true
Found a listing in the collection with the Job Name '$regex', '^EBI', Server '$regex', '', Group Name '$regex', '', Application '$regex', '' and Owner '$regex', '' 
true
Found a listing in the collection with the Job Name '$regex', '^XS', Server '$regex', '', Group Name '$regex', '', Application '$regex', '' and Owner '$regex', '' 
true
Found a listing in the collection with the Job Name '$regex', '^NBU', Server '$regex', '', Group Name '$regex', '', Application '$regex', '' and Owner '$regex', '' 
true
No Listings found with the Job Name '$regex', '', Server '$regex', '', Group Name '$eq', 'DMSB-COPYTO-BACKUP', Table '$regex', '' and Owner '$regex', '' 
true
Found a listing in the collection with the Job Name '$eq', 'DMSB-HSKP-LOGINQ', Server '$regex', '', Group Name '$regex', '', Table '$regex', '' and Owner '$regex', '' 
false
false
true
Found a listing in the collection with the Job Name '$regex', '^DMSB', Server '$regex', '', Group Name '$regex', '', Table '$regex', '' and Owner '$regex', '' 
true
No Listings found with the Job Name '$eq', '^IMS', Server '$regex', '', Group Name '$regex', '', Table '$regex', '' and Owner '$regex', '' 
true
Found a listing in the collection with the Job Name '$regex', '^IMS', Server '$regex', '', Group Name '$regex', '', Table '$regex', '' and Owner '$regex', '' 
true
Found a listing in the collection with the Job Name '$eq', 'IMSGNJCL', Server '$regex', '', Group Name '$regex', '', Application '$regex', '' and Owner '$regex', '' 
true
No Listings found with the Job Name '$regex', '^TSM', Server '$regex', '', Group Name '$regex', '', Application '$regex', '' and Owner '$regex', '' 
true
No Listings found with the Job Name '$regex', '^NBU', Server '$regex', '', Group Name '$regex', '', Application '$regex', '' and Owner '$regex', '' 
true
No Listings found with the Job Name '$eq', 'ctmdaily', Server '$regex', '', Group Name '$regex', '', Application '$regex', '' and Owner '$regex', '' 
true
No Listings found with the Job Name '$eq', 'ctmdaily', Server '$regex', '', Group Name '$regex', '', Application '$regex', '' and Owner '$regex', '' 
true
Found a listing in the collection with the Job Name '$eq', 'ctmdaily', Server '$regex', '', Group Name '$regex', '', Application '$regex', '' and Owner '$regex', '' 
true
No Listings found with the Job Name '$eq', 'ctmdaily', Server '$regex', '', Group Name '$regex', '', Application '$regex', '' and Owner '$regex', '' 
true
Found a listing in the collection with the Job Name '$eq', 'ctmdaily', Server '$regex', '', Group Name '$regex', '', Application '$regex', '' and Owner '$regex', '' 
true
Found a listing in the collection with the Job Name '$eq', 'ctmdaily', Server '$regex', '', Group Name '$regex', '', Application '$regex', '' and Owner '$regex', '' 
true
Found a listing in the collection with the Job Name '$eq', 'ctmdaily', Server '$regex', '', Group Name '$regex', '', Application '$regex', '' and Owner '$regex', '' 
true
Found a listing in the collection with the Job Name '$eq', 'ctmdaily', Server '$regex', '', Group Name '$regex', '', Application '$regex', '' and Owner '$regex', '' 
true
Found a listing in the collection with the Job Name '$eq', 'ctmdaily', Server '$regex', '', Group Name '$regex', '', Application '$regex', '' and Owner '$regex', '' 
true
Found a listing in the collection with the Job Name '$eq', 'CTMDAILY', Server '$regex', '', Group Name '$regex', '', Application '$regex', '' and Owner '$regex', '' 
true
Found a listing in the collection with the Job Name '$regex', '^XS', Server '$regex', '', Group Name '$regex', '', Application '$regex', '' and Owner '$regex', '' 
true
Found a listing in the collection with the Job Name '$regex', '^TSM', Server '$regex', '', Group Name '$regex', '', Application '$regex', '' and Owner '$regex', '' 
true
No Listings found with the Job Name '$regex', '^tsm', Server '$regex', '', Group Name '$regex', '', Application '$regex', '' and Owner '$regex', '' 
true
No Listings found with the Job Name '$regex', '^TSM', Server '$regex', '', Group Name '$regex', '', Application '$regex', '' and Owner '$regex', '' 
true
Found a listing in the collection with the Job Name '$eq', 'CTMDAILY', Server '$regex', '', Group Name '$regex', '', Application '$regex', '' and Owner '$regex', '' 
true
Found a listing in the collection with the Job Name '$regex', '^TSM', Server '$regex', '', Group Name '$regex', '', Application '$regex', '' and Owner '$regex', '' 
true
Found a listing in the collection with the Job Name '$regex', '^NBU', Server '$regex', '', Group Name '$regex', '', Application '$regex', '' and Owner '$regex', '' 
true
Found a listing in the collection with the Job Name '$regex', '^NBU', Server '$regex', '', Group Name '$regex', '', Application '$regex', '' and Owner '$regex', '' 
true
Found a listing in the collection with the Job Name '$regex', '^TSM', Server '$regex', '', Group Name '$regex', '', Application '$regex', '' and Owner '$regex', '' 
true
Found a listing in the collection with the Job Name '$regex', '^NBU', Server '$regex', '', Group Name '$regex', '', Application '$regex', '' and Owner '$regex', '' 
true
No Listings found with the Job Name '$regex', '^NBU.*HM$', Server '$regex', '', Group Name '$regex', '', Application '$regex', '' and Owner '$regex', '' 
true
Found a listing in the collection with the Job Name '$eq', 'WLINTFIBSCMR41', Server '$regex', '', Group Name '$regex', '', Application '$regex', '' and Owner '$regex', '' 
false
true
Found a listing in the collection with the Job Name '$eq', 'NZXBSFVTUTPAY', Server '$regex', '', Group Name '$regex', '', Application '$regex', '' and Owner '$regex', '' 
true
Found a listing in the collection with the Job Name '$eq', 'ACIVPLU2', Server '$regex', '', Group Name '$regex', '', Application '$regex', '' and Owner '$regex', '' 
true
Found a listing in the collection with the Job Name '$eq', 'ctmdaily', Server '$regex', '', Group Name '$regex', '', Application '$regex', '' and Owner '$regex', '' 
true
Found a listing in the collection with the Job Name '$regex', '^XS', Server '$regex', '', Group Name '$regex', '', Application '$regex', '' and Owner '$regex', '' 
true
No Listings found with the Job Name '$eq', 'ctmdaily', Server '$regex', '', Group Name '$regex', '', Application '$regex', '' and Owner '$regex', '' 
true
Found a listing in the collection with the Job Name '$eq', 'ctmdaily', Server '$regex', '', Group Name '$regex', '', Application '$regex', '' and Owner '$regex', '' 
true
Found a listing in the collection with the Job Name '$eq', 'DPADBRRG', Server '$regex', '', Group Name '$regex', '', Application '$regex', '' and Owner '$regex', '' 
true
Found a listing in the collection with the Job Name '$eq', 'CTMDAILY', Server '$regex', '', Group Name '$regex', '', Application '$regex', '' and Owner '$regex', '' 
true
No Listings found with the Job Name '$regex', '^DLYIDS', Server '$regex', '', Group Name '$regex', '', Application '$regex', '' and Owner '$regex', '' 
false
true
Found a listing in the collection with the Job Name '$regex', '^NBU', Server '$regex', '', Group Name '$regex', '', Application '$regex', '' and Owner '$regex', '' 
true
Found a listing in the collection with the Job Name '$eq', 'ctmdaily', Server '$regex', '', Group Name '$regex', '', Table '$regex', '' and Owner '$regex', '' 
true
Found a listing in the collection with the Job Name '$eq', 'ctmdaily', Server '$regex', '', Group Name '$regex', '', Table '$regex', '' and Owner '$regex', '' 
true
Found a listing in the collection with the Job Name '$eq', 'ctmdaily', Server '$regex', '', Group Name '$regex', '', Application '$regex', '' and Owner '$regex', '' 
true
Found a listing in the collection with the Job Name '$eq', 'CTMDAILY', Server '$regex', '', Group Name '$regex', '', Table '$regex', '' and Owner '$regex', '' 
true
Found a listing in the collection with the Job Name '$regex', '^XS', Server '$regex', '', Group Name '$regex', '', Application '$regex', '' and Owner '$regex', '' 
false
false
false
true
Found a listing in the collection with the Job Name '$regex', '^DP', Server '$regex', '', Group Name '$regex', '', Application '$regex', '' and Owner '$regex', '' 
true
Found a listing in the collection with the Job Name '$eq', 'ctmdaily', Server '$regex', '', Group Name '$regex', '', Application '$regex', '' and Owner '$regex', '' 
true
Found a listing in the collection with the Job Name '$regex', '^XSME', Server '$regex', '', Group Name '$regex', '', Application '$regex', '' and Owner '$regex', '' 
false
true
No Listings found with the Job Name '$regex', '^XB', Server '$regex', '', Group Name '$regex', '', Application '$regex', '' and Owner '$regex', '' 
true
Found a listing in the collection with the Job Name '$regex', '^X', Server '$regex', '', Group Name '$regex', '', Application '$regex', '' and Owner '$regex', '' 
false
true
Found a listing in the collection with the Job Name '$regex', '^ctmdaily', Server '$regex', '', Group Name '$regex', '', Application '$regex', '' and Owner '$regex', '' 
true
Found a listing in the collection with the Job Name '$regex', '^ctmdaily', Server '$regex', '', Group Name '$regex', '', Application '$regex', '' and Owner '$regex', '' 
false
true
No Listings found with the Job Name '$regex', '^cdecCTSp', Server '$regex', '', Group Name '$regex', '', Application '$regex', '' and Owner '$regex', '' 
true
Found a listing in the collection with the Job Name '$regex', '^dPA', Server '$regex', '', Group Name '$regex', '', Application '$regex', '' and Owner '$regex', '' 
true
Found a listing in the collection with the Job Name '$regex', '^DPA', Server '$regex', '', Group Name '$regex', '', Application '$regex', '' and Owner '$regex', '' 
true
No Listings found with the Job Name '$regex', '', Server '$regex', '^OLN', Group Name '$regex', '', Application '$regex', '' and Owner '$regex', '' 
true
Found a listing in the collection with the Job Name '$regex', '', Server '$regex', '^OLN', Group Name '$regex', '', Application '$regex', '' and Owner '$regex', '' 
true
true
false
true
No Listings found with the Job Name '$regex', '^ctmdaily', Server '$regex', '', Group Name '$regex', '', Application '$regex', '' and Owner '$regex', '' 
true
true
false
true
true
Found a listing in the collection with the Job Name '$eq', 'ctmdaily', Server '$regex', '', Group Name '$regex', '', Application '$regex', '' and Owner '$regex', '' 
true
true
true
Found a listing in the collection with the Job Name '$eq', 'ctmdaily', Server '$regex', '', Group Name '$regex', '', Application '$regex', '' and Owner '$regex', '' 
true
true
true
Found a listing in the collection with the Job Name '$eq', 'ctmdaily', Server '$regex', '', Group Name '$regex', '', Application '$regex', '' and Owner '$regex', '' 
true
No Listings found with the Job Name '$regex', '^ctm.ly', Server '$regex', '', Group Name '$regex', '', Application '$regex', '' and Owner '$regex', '' 
true
No Listings found with the Job Name '$regex', '^ctm.ly', Server '$regex', '', Group Name '$regex', '', Application '$regex', '' and Owner '$regex', '' 
true
No Listings found with the Job Name '$regex', '^ctm.*ly', Server '$regex', '', Group Name '$regex', '', Application '$regex', '' and Owner '$regex', '' 
true
Found a listing in the collection with the Job Name '$regex', '^ctm.*ly', Server '$regex', '', Group Name '$regex', '', Application '$regex', '' and Owner '$regex', '' 
true
Found a listing in the collection with the Job Name '$regex', '^NBU', Server '$regex', '', Group Name '$regex', '', Application '$regex', '' and Owner '$regex', '' 
true
Found a listing in the collection with the Job Name '$regex', '^CTM', Server '$regex', '', Group Name '$regex', '', Application '$regex', '' and Owner '$regex', '' 
false
true
No Listings found with the Job Name '$eq', 'NBU-DBEDEV4_DOMIBC-AD', Server '$regex', '', Group Name '$regex', '', Application '$regex', '' and Owner '$regex', '' 
true
Found a listing in the collection with the Job Name '$eq', 'NBU-DBEDEV4_DOMIBC-AD', Server '$regex', '', Group Name '$regex', '', Application '$regex', '' and Owner '$regex', '' 
false
true
No Listings found with the Job Name '$eq', 'NBU-DBEDEV4_DOMIBC-HD', Server '$regex', '', Group Name '$regex', '', Application '$regex', '' and Owner '$regex', '' 
false
true
Found a listing in the collection with the Job Name '$eq', 'NBU-DBEDEV4_DOMIBC-HD', Server '$regex', '', Group Name '$regex', '', Application '$regex', '' and Owner '$regex', '' 
true
Found a listing in the collection with the Job Name '$regex', '^TSM', Server '$regex', '', Group Name '$regex', '', Application '$regex', '' and Owner '$regex', '' 
true
Found a listing in the collection with the Job Name '$regex', '^NBU', Server '$regex', '', Group Name '$regex', '', Application '$regex', '' and Owner '$regex', '' 
true
Found a listing in the collection with the Job Name '$regex', '^DP', Server '$regex', '', Group Name '$regex', '', Application '$regex', '' and Owner '$regex', '' 
true
true
true
true
Found a listing in the collection with the Job Name '$eq', 'ctmdaily', Server '$regex', '', Group Name '$regex', '', Application '$regex', '' and Owner '$regex', '' 
true
Found a listing in the collection with the Job Name '$regex', '^XSME', Server '$regex', '', Group Name '$regex', '', Application '$regex', '' and Owner '$regex', '' 
true
Found a listing in the collection with the Job Name '$regex', '^XS', Server '$regex', '', Group Name '$regex', '', Application '$regex', '' and Owner '$regex', '' 
true
No Listings found with the Job Name '$eq', 'ctmdaily', Server '$regex', '', Group Name '$regex', '', Application '$regex', '' and Owner '$regex', '' 
true
Found a listing in the collection with the Job Name '$eq', 'CTMDAILY', Server '$regex', '', Group Name '$regex', '', Application '$regex', '' and Owner '$regex', '' 
true
Found a listing in the collection with the Job Name '$eq', 'ctmdaily', Server '$regex', '', Group Name '$regex', '', Application '$regex', '' and Owner '$regex', '' 
true
Found a listing in the collection with the Job Name '$regex', '^NBU', Server '$regex', '', Group Name '$regex', '', Application '$regex', '' and Owner '$regex', '' 
true
Found a listing in the collection with the Job Name '$regex', '', Server '$regex', '', Group Name '$regex', '', Application '$regex', '' and Owner '$regex', '' 
true
Found a listing in the collection with the Job Name '$regex', '', Server '$regex', '', Group Name '$regex', '', Application '$regex', '' and Owner '$regex', '' 
true
Found a listing in the collection with the Job Name '$eq', 'ctmdaily', Server '$regex', '', Group Name '$regex', '', Application '$regex', '' and Owner '$regex', '' 
true
Found a listing in the collection with the Job Name '$regex', '^XMB', Server '$regex', '', Group Name '$regex', '', Application '$regex', '' and Owner '$regex', '' 
false
true
No Listings found with the Job Name '$eq', 'DELCONDF', Server '$regex', '', Group Name '$regex', '', Application '$regex', '' and Owner '$regex', '' 
false
true
No Listings found with the Job Name '$eq', 'DELCONDF', Server '$regex', '', Group Name '$regex', '', Application '$regex', '' and Owner '$regex', '' 
true
No Listings found with the Job Name '$regex', '^AI$', Server '$regex', '', Group Name '$regex', '', Application '$regex', '' and Owner '$regex', '' 
true
Found a listing in the collection with the Job Name '$regex', '', Server '$regex', '', Group Name '$regex', '', Application '$regex', '' and Owner '$regex', '' 
true
Found a listing in the collection with the Job Name '$regex', '', Server '$regex', '', Group Name '$regex', '', Application '$regex', '' and Owner '$regex', '' 
true
Found a listing in the collection with the Job Name '$regex', '', Server '$regex', '', Group Name '$regex', '', Table '$regex', '^SUAT' and Owner '$regex', '' 
true
Found a listing in the collection with the Job Name '$regex', '', Server '$regex', '', Group Name '$regex', '', Table '$regex', '^SUAT' and Owner '$regex', '' 
true
Found a listing in the collection with the Job Name '$regex', '', Server '$regex', '', Group Name '$regex', '', Application '$regex', '' and Owner '$regex', '' 
Document(s) found!
Document(s) found!
false
true
Found a listing in the collection with the Job Name '$eq', 'CTMDAILY', Server '$regex', '', Group Name '$regex', '', Application '$regex', '' and Owner '$regex', '' 
Document(s) found!
false
true
Found a listing in the collection with the Job Name '$eq', 'DPAPDU02', Server '$regex', '', Group Name '$regex', '', Application '$regex', '' and Owner '$regex', '' 
true
Found a listing in the collection with the Job Name '$eq', 'DPAPDU02', Server '$regex', '', Group Name '$regex', '', Table '$regex', '' and Owner '$regex', '' 
true
Found a listing in the collection with the Job Name '$eq', 'DPBPDU02', Server '$regex', '', Group Name '$regex', '', Table '$regex', '' and Owner '$regex', '' 
Document(s) found!
Document(s) found!
true
Found a listing in the collection with the Job Name '$regex', '', Server '$eq', 'olnribsapp01', Group Name '$regex', '', Application '$regex', '' and Owner '$regex', '' 
true
Found a listing in the collection with the Job Name '$regex', '', Server '$regex', '^olnribsapp0', Group Name '$regex', '', Application '$regex', '' and Owner '$regex', '' 
true
Found a listing in the collection with the Job Name '$regex', '', Server '$eq', 'olndbisuat01', Group Name '$regex', '', Application '$regex', '' and Owner '$regex', '' 
true
No Listings found with the Job Name '$regex', '', Server '$eq', 'olndbisuat02', Group Name '$regex', '', Application '$regex', '' and Owner '$regex', '' 
true
Found a listing in the collection with the Job Name '$regex', '', Server '$eq', 'olnuibsapp03', Group Name '$regex', '', Application '$regex', '' and Owner '$regex', '' 
true
No Listings found with the Job Name '$eq', 'DMSB-PROC-RDNACC-DEV', Server '$regex', '', Group Name '$regex', '', Table '$regex', '' and Owner '$regex', '' 
true
No Listings found with the Job Name '$eq', 'DMSB-PROC-RDNACC-DEV', Server '$regex', '', Group Name '$regex', '', Table '$regex', '' and Owner '$regex', '' 
true
Found a listing in the collection with the Job Name '$eq', 'DMSB-PROC-RDNACC-DEV', Server '$regex', '', Group Name '$regex', '', Application '$regex', '' and Owner '$regex', '' 
true
No Listings found with the Job Name '$regex', '^ctmdaily', Server '$regex', '', Group Name '$regex', '', Application '$regex', '' and Owner '$regex', '' 
true
No Listings found with the Job Name '$regex', '^ctmdaily', Server '$regex', '', Group Name '$regex', '', Application '$regex', '' and Owner '$regex', '' 
false
true
No Listings found with the Job Name '$eq', 'DMSB-PROC-RDNACC-DEV', Server '$regex', '', Group Name '$regex', '', Table '$regex', '' and Owner '$regex', '' 
true
No Listings found with the Job Name '$eq', 'DMSB-PROC-RDNACC-DEV', Server '$regex', '', Group Name '$regex', '', Table '$regex', '' and Owner '$regex', '' 
true
Found a listing in the collection with the Job Name '$eq', 'DMSB-PROC-RDNACC-DEV', Server '$regex', '', Group Name '$regex', '', Application '$regex', '' and Owner '$regex', '' 
true
No Listings found with the Job Name '$eq', 'DMSB-PROC-RDNACC', Server '$regex', '', Group Name '$regex', '', Table '$regex', '' and Owner '$regex', '' 
true
Found a listing in the collection with the Job Name '$regex', '^DMSB', Server '$regex', '', Group Name '$regex', '', Table '$regex', '' and Owner '$regex', '' 
true
Found a listing in the collection with the Job Name '$regex', '^DMSB', Server '$regex', '', Group Name '$regex', '', Table '$regex', '' and Owner '$regex', '' 
true
Found a listing in the collection with the Job Name '$regex', '^DMSB', Server '$regex', '', Group Name '$regex', '', Table '$regex', '' and Owner '$regex', '' 
true
No Listings found with the Job Name '$regex', '^DMSB', Server '$regex', '', Group Name '$regex', '', Table '$regex', '' and Owner '$regex', '' 
true
No Listings found with the Job Name '$regex', '^DMSB', Server '$regex', '', Group Name '$regex', '', Table '$regex', '' and Owner '$regex', '' 
true
Found a listing in the collection with the Job Name '$regex', '^DMSB', Server '$regex', '', Group Name '$regex', '', Application '$regex', '' and Owner '$regex', '' 
true
Found a listing in the collection with the Job Name '$regex', '^DMSB', Server '$regex', '', Group Name '$regex', '', Application '$regex', '' and Owner '$regex', '' 
true
false
true
No Listings found with the Job Name '$regex', '^ctmdaily', Server '$regex', '', Group Name '$regex', '', Application '$regex', '' and Owner '$regex', '' 
true
No Listings found with the Job Name '$eq', 'ctmdaily', Server '$regex', '', Group Name '$regex', '', Application '$regex', '' and Owner '$regex', '' 
true
true
Found a listing in the collection with the Job Name '$eq', 'CTMDAILY', Server '$regex', '', Group Name '$regex', '', Application '$regex', '' and Owner '$regex', '' 
Found a listing in the collection with the Job Name '$regex', '^ACI.*RSCL$', Server '$regex', '', Group Name '$regex', '', Table '$regex', '' and Owner '$regex', '' 
true
No Listings found with the Job Name '$regex', '', Server '$eq', 'RH2APPCONSIN05', Group Name '$regex', '', Application '$regex', '' and Owner '$regex', '' 
true
No Listings found with the Job Name '$regex', '', Server '$eq', 'rh2appconsin05', Group Name '$regex', '', Application '$regex', '' and Owner '$regex', '' 
true
Found a listing in the collection with the Job Name '$eq', 'DPTRSI01', Server '$regex', '', Group Name '$regex', '', Application '$regex', '' and Owner '$regex', '' 
true
Found a listing in the collection with the Job Name '$eq', 'DPTRSI01', Server '$regex', '', Group Name '$regex', '', Table '$regex', '' and Owner '$regex', '' 
true
No Listings found with the Job Name '$regex', '', Server '$regex', '^autowebewallet', Group Name '$regex', '', Application '$regex', '' and Owner '$regex', '' 
Document(s) found!
