(node:14568) [MONGODB DRIVER] Warning: cursor.count is deprecated and will be removed in the next major version, please use `collection.estimatedDocumentCount` or `collection.countDocuments` instead 
(Use `node --trace-warnings ...` to show where the warning was created)
D:\node-express\utils\query.js:14
			}if else(ctmPlatform === 'Informatica'){
			    ^^^^

SyntaxError: Unexpected token 'else'
    at Object.compileFunction (node:vm:360:18)
    at wrapSafe (node:internal/modules/cjs/loader:1055:15)
    at Module._compile (node:internal/modules/cjs/loader:1090:27)
    at Object.Module._extensions..js (node:internal/modules/cjs/loader:1180:10)
    at Module.load (node:internal/modules/cjs/loader:1004:32)
    at Function.Module._load (node:internal/modules/cjs/loader:839:12)
    at Module.require (node:internal/modules/cjs/loader:1028:19)
    at require (node:internal/modules/cjs/helpers:102:18)
    at Object.<anonymous> (D:\node-express\server.js:19:26)
    at Module._compile (node:internal/modules/cjs/loader:1126:14)
D:\node-express\utils\query.js:14
			}if else(ctmPlatform === 'Informatica'){
			    ^^^^

SyntaxError: Unexpected token 'else'
    at Object.compileFunction (node:vm:360:18)
    at wrapSafe (node:internal/modules/cjs/loader:1055:15)
    at Module._compile (node:internal/modules/cjs/loader:1090:27)
    at Object.Module._extensions..js (node:internal/modules/cjs/loader:1180:10)
    at Module.load (node:internal/modules/cjs/loader:1004:32)
    at Function.Module._load (node:internal/modules/cjs/loader:839:12)
    at Module.require (node:internal/modules/cjs/loader:1028:19)
    at require (node:internal/modules/cjs/helpers:102:18)
    at Object.<anonymous> (D:\node-express\server.js:19:26)
    at Module._compile (node:internal/modules/cjs/loader:1126:14)
D:\node-express\utils\query.js:14
			}if else(ctmPlatform === 'Informatica'){
			    ^^^^

SyntaxError: Unexpected token 'else'
    at Object.compileFunction (node:vm:360:18)
    at wrapSafe (node:internal/modules/cjs/loader:1055:15)
    at Module._compile (node:internal/modules/cjs/loader:1090:27)
    at Object.Module._extensions..js (node:internal/modules/cjs/loader:1180:10)
    at Module.load (node:internal/modules/cjs/loader:1004:32)
    at Function.Module._load (node:internal/modules/cjs/loader:839:12)
    at Module.require (node:internal/modules/cjs/loader:1028:19)
    at require (node:internal/modules/cjs/helpers:102:18)
    at Object.<anonymous> (D:\node-express\server.js:19:26)
    at Module._compile (node:internal/modules/cjs/loader:1126:14)
D:\node-express\utils\query.js:14
			}if else(ctmPlatform === 'Informatica'){
			    ^^^^

SyntaxError: Unexpected token 'else'
    at Object.compileFunction (node:vm:360:18)
    at wrapSafe (node:internal/modules/cjs/loader:1055:15)
    at Module._compile (node:internal/modules/cjs/loader:1090:27)
    at Object.Module._extensions..js (node:internal/modules/cjs/loader:1180:10)
    at Module.load (node:internal/modules/cjs/loader:1004:32)
    at Function.Module._load (node:internal/modules/cjs/loader:839:12)
    at Module.require (node:internal/modules/cjs/loader:1028:19)
    at require (node:internal/modules/cjs/helpers:102:18)
    at Object.<anonymous> (D:\node-express\server.js:19:26)
    at Module._compile (node:internal/modules/cjs/loader:1126:14)
D:\node-express\utils\query.js:14
			}if else(ctmPlatform === 'Informatica'){
			    ^^^^

SyntaxError: Unexpected token 'else'
    at Object.compileFunction (node:vm:360:18)
    at wrapSafe (node:internal/modules/cjs/loader:1055:15)
    at Module._compile (node:internal/modules/cjs/loader:1090:27)
    at Object.Module._extensions..js (node:internal/modules/cjs/loader:1180:10)
    at Module.load (node:internal/modules/cjs/loader:1004:32)
    at Function.Module._load (node:internal/modules/cjs/loader:839:12)
    at Module.require (node:internal/modules/cjs/loader:1028:19)
    at require (node:internal/modules/cjs/helpers:102:18)
    at Object.<anonymous> (D:\node-express\server.js:19:26)
    at Module._compile (node:internal/modules/cjs/loader:1126:14)
D:\node-express\utils\query.js:14
			}if else(ctmPlatform === 'Informatica'){
			    ^^^^

SyntaxError: Unexpected token 'else'
    at Object.compileFunction (node:vm:360:18)
    at wrapSafe (node:internal/modules/cjs/loader:1055:15)
    at Module._compile (node:internal/modules/cjs/loader:1090:27)
    at Object.Module._extensions..js (node:internal/modules/cjs/loader:1180:10)
    at Module.load (node:internal/modules/cjs/loader:1004:32)
    at Function.Module._load (node:internal/modules/cjs/loader:839:12)
    at Module.require (node:internal/modules/cjs/loader:1028:19)
    at require (node:internal/modules/cjs/helpers:102:18)
    at Object.<anonymous> (D:\node-express\server.js:19:26)
    at Module._compile (node:internal/modules/cjs/loader:1126:14)
ReferenceError: ctmLikeInApplForm is not defined
    at Object.queryJobTerdaftar (D:\node-express\utils\query.js:34:8)
    at runMicrotasks (<anonymous>)
    at processTicksAndRejections (node:internal/process/task_queues:96:5)
    at async D:\node-express\server.js:186:18
ReferenceError: ctmLikeInApplForm is not defined
    at Object.queryJobTerdaftar (D:\node-express\utils\query.js:34:8)
    at processTicksAndRejections (node:internal/process/task_queues:96:5)
    at async D:\node-express\server.js:186:18
ReferenceError: $eq is not defined
    at Object.queryJobTerdaftar (D:\node-express\utils\query.js:19:39)
    at D:\node-express\server.js:186:41
    at Layer.handle [as handle_request] (D:\node-express\node_modules\express\lib\router\layer.js:95:5)
    at next (D:\node-express\node_modules\express\lib\router\route.js:144:13)
    at Route.dispatch (D:\node-express\node_modules\express\lib\router\route.js:114:3)
    at Layer.handle [as handle_request] (D:\node-express\node_modules\express\lib\router\layer.js:95:5)
    at D:\node-express\node_modules\express\lib\router\index.js:284:15
    at Function.process_params (D:\node-express\node_modules\express\lib\router\index.js:346:12)
    at next (D:\node-express\node_modules\express\lib\router\index.js:280:10)
    at D:\node-express\node_modules\body-parser\lib\read.js:137:5
ReferenceError: $eq is not defined
    at Object.queryJobTerdaftar (D:\node-express\utils\query.js:15:39)
    at D:\node-express\server.js:186:41
    at Layer.handle [as handle_request] (D:\node-express\node_modules\express\lib\router\layer.js:95:5)
    at next (D:\node-express\node_modules\express\lib\router\route.js:144:13)
    at Route.dispatch (D:\node-express\node_modules\express\lib\router\route.js:114:3)
    at Layer.handle [as handle_request] (D:\node-express\node_modules\express\lib\router\layer.js:95:5)
    at D:\node-express\node_modules\express\lib\router\index.js:284:15
    at Function.process_params (D:\node-express\node_modules\express\lib\router\index.js:346:12)
    at next (D:\node-express\node_modules\express\lib\router\index.js:280:10)
    at D:\node-express\node_modules\body-parser\lib\read.js:137:5
ReferenceError: ctmLikeInApplForm is not defined
    at Object.queryJobTerdaftar (D:\node-express\utils\query.js:31:8)
    at runMicrotasks (<anonymous>)
    at processTicksAndRejections (node:internal/process/task_queues:96:5)
    at async D:\node-express\server.js:186:18
D:\node-express\utils\query.js:11
            }else (ctmPlatform === 'OPEN SYSTEM'){
                                                 ^

SyntaxError: Unexpected token '{'
    at Object.compileFunction (node:vm:360:18)
    at wrapSafe (node:internal/modules/cjs/loader:1055:15)
    at Module._compile (node:internal/modules/cjs/loader:1090:27)
    at Object.Module._extensions..js (node:internal/modules/cjs/loader:1180:10)
    at Module.load (node:internal/modules/cjs/loader:1004:32)
    at Function.Module._load (node:internal/modules/cjs/loader:839:12)
    at Module.require (node:internal/modules/cjs/loader:1028:19)
    at require (node:internal/modules/cjs/helpers:102:18)
    at Object.<anonymous> (D:\node-express\server.js:19:26)
    at Module._compile (node:internal/modules/cjs/loader:1126:14)
D:\node-express\utils\query.js:11
            }else (ctmPlatform === 'OPEN SYSTEM'){
                                                 ^

SyntaxError: Unexpected token '{'
    at Object.compileFunction (node:vm:360:18)
    at wrapSafe (node:internal/modules/cjs/loader:1055:15)
    at Module._compile (node:internal/modules/cjs/loader:1090:27)
    at Object.Module._extensions..js (node:internal/modules/cjs/loader:1180:10)
    at Module.load (node:internal/modules/cjs/loader:1004:32)
    at Function.Module._load (node:internal/modules/cjs/loader:839:12)
    at Module.require (node:internal/modules/cjs/loader:1028:19)
    at require (node:internal/modules/cjs/helpers:102:18)
    at Object.<anonymous> (D:\node-express\server.js:19:26)
    at Module._compile (node:internal/modules/cjs/loader:1126:14)
D:\node-express\utils\query.js:11
            }else (ctmPlatform === 'OPEN SYSTEM'){
                                                 ^

SyntaxError: Unexpected token '{'
    at Object.compileFunction (node:vm:360:18)
    at wrapSafe (node:internal/modules/cjs/loader:1055:15)
    at Module._compile (node:internal/modules/cjs/loader:1090:27)
    at Object.Module._extensions..js (node:internal/modules/cjs/loader:1180:10)
    at Module.load (node:internal/modules/cjs/loader:1004:32)
    at Function.Module._load (node:internal/modules/cjs/loader:839:12)
    at Module.require (node:internal/modules/cjs/loader:1028:19)
    at require (node:internal/modules/cjs/helpers:102:18)
    at Object.<anonymous> (D:\node-express\server.js:19:26)
    at Module._compile (node:internal/modules/cjs/loader:1126:14)
ReferenceError: ctmLikeInApplForm is not defined
    at Object.queryJobTerdaftar (D:\node-express\utils\query.js:23:8)
    at processTicksAndRejections (node:internal/process/task_queues:96:5)
    at async D:\node-express\server.js:186:18
ReferenceError: ctmLikeInApplForm is not defined
    at Object.queryJobTerdaftar (D:\node-express\utils\query.js:23:8)
    at processTicksAndRejections (node:internal/process/task_queues:96:5)
    at async D:\node-express\server.js:186:18
MongoServerError: $regex has to be a string
    at Connection.onMessage (D:\node-express\node_modules\mongodb\lib\cmap\connection.js:210:30)
    at MessageStream.<anonymous> (D:\node-express\node_modules\mongodb\lib\cmap\connection.js:63:60)
    at MessageStream.emit (node:events:513:28)
    at processIncomingData (D:\node-express\node_modules\mongodb\lib\cmap\message_stream.js:132:20)
    at MessageStream._write (D:\node-express\node_modules\mongodb\lib\cmap\message_stream.js:33:9)
    at writeOrBuffer (node:internal/streams/writable:391:12)
    at _write (node:internal/streams/writable:332:10)
    at MessageStream.Writable.write (node:internal/streams/writable:336:10)
    at Socket.ondata (node:internal/streams/readable:754:22)
    at Socket.emit (node:events:513:28) {
  operationTime: new Timestamp({ t: 1674631043, i: 7 }),
  ok: 0,
  code: 2,
  codeName: 'BadValue',
  '$clusterTime': {
    clusterTime: new Timestamp({ t: 1674631043, i: 7 }),
    signature: {
      hash: new Binary(Buffer.from("f98b5a5f880d54ee49818c1c8987fd41db8f09a8", "hex"), 0),
      keyId: new Long("7148757096056487937")
    }
  },
  [Symbol(errorLabels)]: Set(0) {}
}
MongoServerError: $regex has to be a string
    at Connection.onMessage (D:\node-express\node_modules\mongodb\lib\cmap\connection.js:210:30)
    at MessageStream.<anonymous> (D:\node-express\node_modules\mongodb\lib\cmap\connection.js:63:60)
    at MessageStream.emit (node:events:513:28)
    at processIncomingData (D:\node-express\node_modules\mongodb\lib\cmap\message_stream.js:132:20)
    at MessageStream._write (D:\node-express\node_modules\mongodb\lib\cmap\message_stream.js:33:9)
    at writeOrBuffer (node:internal/streams/writable:391:12)
    at _write (node:internal/streams/writable:332:10)
    at MessageStream.Writable.write (node:internal/streams/writable:336:10)
    at Socket.ondata (node:internal/streams/readable:754:22)
    at Socket.emit (node:events:513:28) {
  operationTime: new Timestamp({ t: 1674631081, i: 52 }),
  ok: 0,
  code: 2,
  codeName: 'BadValue',
  '$clusterTime': {
    clusterTime: new Timestamp({ t: 1674631081, i: 52 }),
    signature: {
      hash: new Binary(Buffer.from("89b77807b87c2184a4ece8994145b0ec9ce40051", "hex"), 0),
      keyId: new Long("7148757096056487937")
    }
  },
  [Symbol(errorLabels)]: Set(0) {}
}
MongoServerError: $regex has to be a string
    at Connection.onMessage (D:\node-express\node_modules\mongodb\lib\cmap\connection.js:210:30)
    at MessageStream.<anonymous> (D:\node-express\node_modules\mongodb\lib\cmap\connection.js:63:60)
    at MessageStream.emit (node:events:513:28)
    at processIncomingData (D:\node-express\node_modules\mongodb\lib\cmap\message_stream.js:132:20)
    at MessageStream._write (D:\node-express\node_modules\mongodb\lib\cmap\message_stream.js:33:9)
    at writeOrBuffer (node:internal/streams/writable:391:12)
    at _write (node:internal/streams/writable:332:10)
    at MessageStream.Writable.write (node:internal/streams/writable:336:10)
    at Socket.ondata (node:internal/streams/readable:754:22)
    at Socket.emit (node:events:513:28) {
  operationTime: new Timestamp({ t: 1674631230, i: 21421 }),
  ok: 0,
  code: 2,
  codeName: 'BadValue',
  '$clusterTime': {
    clusterTime: new Timestamp({ t: 1674631230, i: 21421 }),
    signature: {
      hash: new Binary(Buffer.from("bc724ff3d8c024be96480af3792bd96914d26ada", "hex"), 0),
      keyId: new Long("7148757096056487937")
    }
  },
  [Symbol(errorLabels)]: Set(0) {}
}
MongoServerError: $regex has to be a string
    at Connection.onMessage (D:\node-express\node_modules\mongodb\lib\cmap\connection.js:210:30)
    at MessageStream.<anonymous> (D:\node-express\node_modules\mongodb\lib\cmap\connection.js:63:60)
    at MessageStream.emit (node:events:513:28)
    at processIncomingData (D:\node-express\node_modules\mongodb\lib\cmap\message_stream.js:132:20)
    at MessageStream._write (D:\node-express\node_modules\mongodb\lib\cmap\message_stream.js:33:9)
    at writeOrBuffer (node:internal/streams/writable:391:12)
    at _write (node:internal/streams/writable:332:10)
    at MessageStream.Writable.write (node:internal/streams/writable:336:10)
    at Socket.ondata (node:internal/streams/readable:754:22)
    at Socket.emit (node:events:513:28) {
  operationTime: new Timestamp({ t: 1674631440, i: 1076 }),
  ok: 0,
  code: 2,
  codeName: 'BadValue',
  '$clusterTime': {
    clusterTime: new Timestamp({ t: 1674631440, i: 1076 }),
    signature: {
      hash: new Binary(Buffer.from("e96d94f7bc0f0f387a198e7a763df3dbe2b8064f", "hex"), 0),
      keyId: new Long("7148757096056487937")
    }
  },
  [Symbol(errorLabels)]: Set(0) {}
}
MongoServerError: $regex has to be a string
    at Connection.onMessage (D:\node-express\node_modules\mongodb\lib\cmap\connection.js:210:30)
    at MessageStream.<anonymous> (D:\node-express\node_modules\mongodb\lib\cmap\connection.js:63:60)
    at MessageStream.emit (node:events:513:28)
    at processIncomingData (D:\node-express\node_modules\mongodb\lib\cmap\message_stream.js:132:20)
    at MessageStream._write (D:\node-express\node_modules\mongodb\lib\cmap\message_stream.js:33:9)
    at writeOrBuffer (node:internal/streams/writable:391:12)
    at _write (node:internal/streams/writable:332:10)
    at MessageStream.Writable.write (node:internal/streams/writable:336:10)
    at Socket.ondata (node:internal/streams/readable:754:22)
    at Socket.emit (node:events:513:28) {
  operationTime: new Timestamp({ t: 1674631459, i: 1024 }),
  ok: 0,
  code: 2,
  codeName: 'BadValue',
  '$clusterTime': {
    clusterTime: new Timestamp({ t: 1674631459, i: 1024 }),
    signature: {
      hash: new Binary(Buffer.from("3b1b58aaff80f0bc88998720a499d3dcfea27f47", "hex"), 0),
      keyId: new Long("7148757096056487937")
    }
  },
  [Symbol(errorLabels)]: Set(0) {}
}
MongoServerError: $regex has to be a string
    at Connection.onMessage (D:\node-express\node_modules\mongodb\lib\cmap\connection.js:210:30)
    at MessageStream.<anonymous> (D:\node-express\node_modules\mongodb\lib\cmap\connection.js:63:60)
    at MessageStream.emit (node:events:513:28)
    at processIncomingData (D:\node-express\node_modules\mongodb\lib\cmap\message_stream.js:132:20)
    at MessageStream._write (D:\node-express\node_modules\mongodb\lib\cmap\message_stream.js:33:9)
    at writeOrBuffer (node:internal/streams/writable:391:12)
    at _write (node:internal/streams/writable:332:10)
    at MessageStream.Writable.write (node:internal/streams/writable:336:10)
    at Socket.ondata (node:internal/streams/readable:754:22)
    at Socket.emit (node:events:513:28) {
  operationTime: new Timestamp({ t: 1674631528, i: 7 }),
  ok: 0,
  code: 2,
  codeName: 'BadValue',
  '$clusterTime': {
    clusterTime: new Timestamp({ t: 1674631528, i: 7 }),
    signature: {
      hash: new Binary(Buffer.from("8763a124fbe8bea6b35e0e7e09586a6d4fe798b0", "hex"), 0),
      keyId: new Long("7148757096056487937")
    }
  },
  [Symbol(errorLabels)]: Set(0) {}
}
ReferenceError: ctmApplForm is not defined
    at Object.queryJobTerdaftar (D:\node-express\utils\query.js:25:17)
    at processTicksAndRejections (node:internal/process/task_queues:96:5)
    at async D:\node-express\server.js:186:18
ReferenceError: $eq is not defined
    at Object.queryJobTerdaftar (D:\node-express\utils\query.js:16:29)
    at D:\node-express\server.js:186:41
    at Layer.handle [as handle_request] (D:\node-express\node_modules\express\lib\router\layer.js:95:5)
    at next (D:\node-express\node_modules\express\lib\router\route.js:144:13)
    at Route.dispatch (D:\node-express\node_modules\express\lib\router\route.js:114:3)
    at Layer.handle [as handle_request] (D:\node-express\node_modules\express\lib\router\layer.js:95:5)
    at D:\node-express\node_modules\express\lib\router\index.js:284:15
    at Function.process_params (D:\node-express\node_modules\express\lib\router\index.js:346:12)
    at next (D:\node-express\node_modules\express\lib\router\index.js:280:10)
    at D:\node-express\node_modules\body-parser\lib\read.js:137:5
SyntaxError: Unexpected token 'if' in D:\node-express\views\information.ejs while compiling ejs

If the above error is not helpful, you may want to try EJS-Lint:
https://github.com/RyanZim/EJS-Lint
Or, if you meant to create an async function, pass `async: true` as an option.
    at new Function (<anonymous>)
    at Template.compile (D:\node-express\node_modules\ejs\lib\ejs.js:673:12)
    at Object.compile (D:\node-express\node_modules\ejs\lib\ejs.js:398:16)
    at handleCache (D:\node-express\node_modules\ejs\lib\ejs.js:235:18)
    at tryHandleCache (D:\node-express\node_modules\ejs\lib\ejs.js:274:16)
    at View.exports.renderFile [as engine] (D:\node-express\node_modules\ejs\lib\ejs.js:491:10)
    at View.render (D:\node-express\node_modules\express\lib\view.js:135:8)
    at tryRender (D:\node-express\node_modules\express\lib\application.js:657:10)
    at Function.render (D:\node-express\node_modules\express\lib\application.js:609:3)
    at ServerResponse.render (D:\node-express\node_modules\express\lib\response.js:1039:7)
SyntaxError: Unexpected token 'if' in D:\node-express\views\information.ejs while compiling ejs

If the above error is not helpful, you may want to try EJS-Lint:
https://github.com/RyanZim/EJS-Lint
Or, if you meant to create an async function, pass `async: true` as an option.
    at new Function (<anonymous>)
    at Template.compile (D:\node-express\node_modules\ejs\lib\ejs.js:673:12)
    at Object.compile (D:\node-express\node_modules\ejs\lib\ejs.js:398:16)
    at handleCache (D:\node-express\node_modules\ejs\lib\ejs.js:235:18)
    at tryHandleCache (D:\node-express\node_modules\ejs\lib\ejs.js:274:16)
    at View.exports.renderFile [as engine] (D:\node-express\node_modules\ejs\lib\ejs.js:491:10)
    at View.render (D:\node-express\node_modules\express\lib\view.js:135:8)
    at tryRender (D:\node-express\node_modules\express\lib\application.js:657:10)
    at Function.render (D:\node-express\node_modules\express\lib\application.js:609:3)
    at ServerResponse.render (D:\node-express\node_modules\express\lib\response.js:1039:7)
SyntaxError: Unexpected token 'if' in D:\node-express\views\information.ejs while compiling ejs

If the above error is not helpful, you may want to try EJS-Lint:
https://github.com/RyanZim/EJS-Lint
Or, if you meant to create an async function, pass `async: true` as an option.
    at new Function (<anonymous>)
    at Template.compile (D:\node-express\node_modules\ejs\lib\ejs.js:673:12)
    at Object.compile (D:\node-express\node_modules\ejs\lib\ejs.js:398:16)
    at handleCache (D:\node-express\node_modules\ejs\lib\ejs.js:235:18)
    at tryHandleCache (D:\node-express\node_modules\ejs\lib\ejs.js:274:16)
    at View.exports.renderFile [as engine] (D:\node-express\node_modules\ejs\lib\ejs.js:491:10)
    at View.render (D:\node-express\node_modules\express\lib\view.js:135:8)
    at tryRender (D:\node-express\node_modules\express\lib\application.js:657:10)
    at Function.render (D:\node-express\node_modules\express\lib\application.js:609:3)
    at ServerResponse.render (D:\node-express\node_modules\express\lib\response.js:1039:7)
SyntaxError: Unexpected token 'if' in D:\node-express\views\information.ejs while compiling ejs

If the above error is not helpful, you may want to try EJS-Lint:
https://github.com/RyanZim/EJS-Lint
Or, if you meant to create an async function, pass `async: true` as an option.
    at new Function (<anonymous>)
    at Template.compile (D:\node-express\node_modules\ejs\lib\ejs.js:673:12)
    at Object.compile (D:\node-express\node_modules\ejs\lib\ejs.js:398:16)
    at handleCache (D:\node-express\node_modules\ejs\lib\ejs.js:235:18)
    at tryHandleCache (D:\node-express\node_modules\ejs\lib\ejs.js:274:16)
    at View.exports.renderFile [as engine] (D:\node-express\node_modules\ejs\lib\ejs.js:491:10)
    at View.render (D:\node-express\node_modules\express\lib\view.js:135:8)
    at tryRender (D:\node-express\node_modules\express\lib\application.js:657:10)
    at Function.render (D:\node-express\node_modules\express\lib\application.js:609:3)
    at ServerResponse.render (D:\node-express\node_modules\express\lib\response.js:1039:7)
SyntaxError: Unexpected token 'if' in D:\node-express\views\information.ejs while compiling ejs

If the above error is not helpful, you may want to try EJS-Lint:
https://github.com/RyanZim/EJS-Lint
Or, if you meant to create an async function, pass `async: true` as an option.
    at new Function (<anonymous>)
    at Template.compile (D:\node-express\node_modules\ejs\lib\ejs.js:673:12)
    at Object.compile (D:\node-express\node_modules\ejs\lib\ejs.js:398:16)
    at handleCache (D:\node-express\node_modules\ejs\lib\ejs.js:235:18)
    at tryHandleCache (D:\node-express\node_modules\ejs\lib\ejs.js:274:16)
    at View.exports.renderFile [as engine] (D:\node-express\node_modules\ejs\lib\ejs.js:491:10)
    at View.render (D:\node-express\node_modules\express\lib\view.js:135:8)
    at tryRender (D:\node-express\node_modules\express\lib\application.js:657:10)
    at Function.render (D:\node-express\node_modules\express\lib\application.js:609:3)
    at ServerResponse.render (D:\node-express\node_modules\express\lib\response.js:1039:7)
SyntaxError: Invalid left-hand side in assignment in D:\node-express\views\information.ejs while compiling ejs

If the above error is not helpful, you may want to try EJS-Lint:
https://github.com/RyanZim/EJS-Lint
Or, if you meant to create an async function, pass `async: true` as an option.
    at new Function (<anonymous>)
    at Template.compile (D:\node-express\node_modules\ejs\lib\ejs.js:673:12)
    at Object.compile (D:\node-express\node_modules\ejs\lib\ejs.js:398:16)
    at handleCache (D:\node-express\node_modules\ejs\lib\ejs.js:235:18)
    at tryHandleCache (D:\node-express\node_modules\ejs\lib\ejs.js:274:16)
    at View.exports.renderFile [as engine] (D:\node-express\node_modules\ejs\lib\ejs.js:491:10)
    at View.render (D:\node-express\node_modules\express\lib\view.js:135:8)
    at tryRender (D:\node-express\node_modules\express\lib\application.js:657:10)
    at Function.render (D:\node-express\node_modules\express\lib\application.js:609:3)
    at ServerResponse.render (D:\node-express\node_modules\express\lib\response.js:1039:7)
(node:15456) [MONGODB DRIVER] Warning: cursor.count is deprecated and will be removed in the next major version, please use `collection.estimatedDocumentCount` or `collection.countDocuments` instead 
(Use `node --trace-warnings ...` to show where the warning was created)
MongoServerError: $in needs an array
    at Connection.onMessage (D:\node-express\node_modules\mongodb\lib\cmap\connection.js:210:30)
    at MessageStream.<anonymous> (D:\node-express\node_modules\mongodb\lib\cmap\connection.js:63:60)
    at MessageStream.emit (node:events:513:28)
    at processIncomingData (D:\node-express\node_modules\mongodb\lib\cmap\message_stream.js:132:20)
    at MessageStream._write (D:\node-express\node_modules\mongodb\lib\cmap\message_stream.js:33:9)
    at writeOrBuffer (node:internal/streams/writable:391:12)
    at _write (node:internal/streams/writable:332:10)
    at MessageStream.Writable.write (node:internal/streams/writable:336:10)
    at Socket.ondata (node:internal/streams/readable:754:22)
    at Socket.emit (node:events:513:28) {
  operationTime: new Timestamp({ t: 1674732079, i: 7 }),
  ok: 0,
  code: 2,
  codeName: 'BadValue',
  '$clusterTime': {
    clusterTime: new Timestamp({ t: 1674732079, i: 7 }),
    signature: {
      hash: new Binary(Buffer.from("d137255b34a4ab4c289216d11088a379ef359f3e", "hex"), 0),
      keyId: new Long("7148757096056487937")
    }
  },
  [Symbol(errorLabels)]: Set(0) {}
}
MongoServerError: $in needs an array
    at Connection.onMessage (D:\node-express\node_modules\mongodb\lib\cmap\connection.js:210:30)
    at MessageStream.<anonymous> (D:\node-express\node_modules\mongodb\lib\cmap\connection.js:63:60)
    at MessageStream.emit (node:events:513:28)
    at processIncomingData (D:\node-express\node_modules\mongodb\lib\cmap\message_stream.js:132:20)
    at MessageStream._write (D:\node-express\node_modules\mongodb\lib\cmap\message_stream.js:33:9)
    at writeOrBuffer (node:internal/streams/writable:391:12)
    at _write (node:internal/streams/writable:332:10)
    at MessageStream.Writable.write (node:internal/streams/writable:336:10)
    at Socket.ondata (node:internal/streams/readable:754:22)
    at Socket.emit (node:events:513:28) {
  operationTime: new Timestamp({ t: 1674732116, i: 2100 }),
  ok: 0,
  code: 2,
  codeName: 'BadValue',
  '$clusterTime': {
    clusterTime: new Timestamp({ t: 1674732116, i: 2100 }),
    signature: {
      hash: new Binary(Buffer.from("4ff75d9fabab3435d4e2ad8503dcf20d9723de51", "hex"), 0),
      keyId: new Long("7148757096056487937")
    }
  },
  [Symbol(errorLabels)]: Set(0) {}
}
MongoServerError: $in needs an array
    at Connection.onMessage (D:\node-express\node_modules\mongodb\lib\cmap\connection.js:210:30)
    at MessageStream.<anonymous> (D:\node-express\node_modules\mongodb\lib\cmap\connection.js:63:60)
    at MessageStream.emit (node:events:513:28)
    at processIncomingData (D:\node-express\node_modules\mongodb\lib\cmap\message_stream.js:132:20)
    at MessageStream._write (D:\node-express\node_modules\mongodb\lib\cmap\message_stream.js:33:9)
    at writeOrBuffer (node:internal/streams/writable:391:12)
    at _write (node:internal/streams/writable:332:10)
    at MessageStream.Writable.write (node:internal/streams/writable:336:10)
    at Socket.ondata (node:internal/streams/readable:754:22)
    at Socket.emit (node:events:513:28) {
  operationTime: new Timestamp({ t: 1674732198, i: 7 }),
  ok: 0,
  code: 2,
  codeName: 'BadValue',
  '$clusterTime': {
    clusterTime: new Timestamp({ t: 1674732198, i: 7 }),
    signature: {
      hash: new Binary(Buffer.from("e7c9c4b98270d617f1fc2b4df24b145f1a72efad", "hex"), 0),
      keyId: new Long("7148757096056487937")
    }
  },
  [Symbol(errorLabels)]: Set(0) {}
}
MongoServerError: $in needs an array
    at Connection.onMessage (D:\node-express\node_modules\mongodb\lib\cmap\connection.js:210:30)
    at MessageStream.<anonymous> (D:\node-express\node_modules\mongodb\lib\cmap\connection.js:63:60)
    at MessageStream.emit (node:events:513:28)
    at processIncomingData (D:\node-express\node_modules\mongodb\lib\cmap\message_stream.js:132:20)
    at MessageStream._write (D:\node-express\node_modules\mongodb\lib\cmap\message_stream.js:33:9)
    at writeOrBuffer (node:internal/streams/writable:391:12)
    at _write (node:internal/streams/writable:332:10)
    at MessageStream.Writable.write (node:internal/streams/writable:336:10)
    at Socket.ondata (node:internal/streams/readable:754:22)
    at Socket.emit (node:events:513:28) {
  operationTime: new Timestamp({ t: 1674732277, i: 9479 }),
  ok: 0,
  code: 2,
  codeName: 'BadValue',
  '$clusterTime': {
    clusterTime: new Timestamp({ t: 1674732277, i: 9479 }),
    signature: {
      hash: new Binary(Buffer.from("47731e940a6018d0aa1e3e00c57c1faa3ecc8932", "hex"), 0),
      keyId: new Long("7148757096056487937")
    }
  },
  [Symbol(errorLabels)]: Set(0) {}
}
MongoServerError: $in needs an array
    at Connection.onMessage (D:\node-express\node_modules\mongodb\lib\cmap\connection.js:210:30)
    at MessageStream.<anonymous> (D:\node-express\node_modules\mongodb\lib\cmap\connection.js:63:60)
    at MessageStream.emit (node:events:513:28)
    at processIncomingData (D:\node-express\node_modules\mongodb\lib\cmap\message_stream.js:132:20)
    at MessageStream._write (D:\node-express\node_modules\mongodb\lib\cmap\message_stream.js:33:9)
    at writeOrBuffer (node:internal/streams/writable:391:12)
    at _write (node:internal/streams/writable:332:10)
    at MessageStream.Writable.write (node:internal/streams/writable:336:10)
    at Socket.ondata (node:internal/streams/readable:754:22)
    at Socket.emit (node:events:513:28) {
  operationTime: new Timestamp({ t: 1674732316, i: 1024 }),
  ok: 0,
  code: 2,
  codeName: 'BadValue',
  '$clusterTime': {
    clusterTime: new Timestamp({ t: 1674732316, i: 1024 }),
    signature: {
      hash: new Binary(Buffer.from("aead28dc725fc85f2135dfd51ab4427ee8d10a6e", "hex"), 0),
      keyId: new Long("7148757096056487937")
    }
  },
  [Symbol(errorLabels)]: Set(0) {}
}
MongoServerError: $in needs an array
    at Connection.onMessage (D:\node-express\node_modules\mongodb\lib\cmap\connection.js:210:30)
    at MessageStream.<anonymous> (D:\node-express\node_modules\mongodb\lib\cmap\connection.js:63:60)
    at MessageStream.emit (node:events:513:28)
    at processIncomingData (D:\node-express\node_modules\mongodb\lib\cmap\message_stream.js:132:20)
    at MessageStream._write (D:\node-express\node_modules\mongodb\lib\cmap\message_stream.js:33:9)
    at writeOrBuffer (node:internal/streams/writable:391:12)
    at _write (node:internal/streams/writable:332:10)
    at MessageStream.Writable.write (node:internal/streams/writable:336:10)
    at Socket.ondata (node:internal/streams/readable:754:22)
    at Socket.emit (node:events:513:28) {
  operationTime: new Timestamp({ t: 1674732337, i: 9426 }),
  ok: 0,
  code: 2,
  codeName: 'BadValue',
  '$clusterTime': {
    clusterTime: new Timestamp({ t: 1674732337, i: 9426 }),
    signature: {
      hash: new Binary(Buffer.from("81fdab4e3c9ad668b391e938c739a17231828652", "hex"), 0),
      keyId: new Long("7148757096056487937")
    }
  },
  [Symbol(errorLabels)]: Set(0) {}
}
MongoServerError: $in needs an array
    at Connection.onMessage (D:\node-express\node_modules\mongodb\lib\cmap\connection.js:210:30)
    at MessageStream.<anonymous> (D:\node-express\node_modules\mongodb\lib\cmap\connection.js:63:60)
    at MessageStream.emit (node:events:513:28)
    at processIncomingData (D:\node-express\node_modules\mongodb\lib\cmap\message_stream.js:132:20)
    at MessageStream._write (D:\node-express\node_modules\mongodb\lib\cmap\message_stream.js:33:9)
    at writeOrBuffer (node:internal/streams/writable:391:12)
    at _write (node:internal/streams/writable:332:10)
    at MessageStream.Writable.write (node:internal/streams/writable:336:10)
    at Socket.ondata (node:internal/streams/readable:754:22)
    at Socket.emit (node:events:513:28) {
  operationTime: new Timestamp({ t: 1674732348, i: 1035 }),
  ok: 0,
  code: 2,
  codeName: 'BadValue',
  '$clusterTime': {
    clusterTime: new Timestamp({ t: 1674732348, i: 1035 }),
    signature: {
      hash: new Binary(Buffer.from("a62d65b1d34cbe464b705e419707133dd6228a47", "hex"), 0),
      keyId: new Long("7148757096056487937")
    }
  },
  [Symbol(errorLabels)]: Set(0) {}
}
MongoServerError: $in needs an array
    at Connection.onMessage (D:\node-express\node_modules\mongodb\lib\cmap\connection.js:210:30)
    at MessageStream.<anonymous> (D:\node-express\node_modules\mongodb\lib\cmap\connection.js:63:60)
    at MessageStream.emit (node:events:513:28)
    at processIncomingData (D:\node-express\node_modules\mongodb\lib\cmap\message_stream.js:132:20)
    at MessageStream._write (D:\node-express\node_modules\mongodb\lib\cmap\message_stream.js:33:9)
    at writeOrBuffer (node:internal/streams/writable:391:12)
    at _write (node:internal/streams/writable:332:10)
    at MessageStream.Writable.write (node:internal/streams/writable:336:10)
    at Socket.ondata (node:internal/streams/readable:754:22)
    at Socket.emit (node:events:513:28) {
  operationTime: new Timestamp({ t: 1674732386, i: 7 }),
  ok: 0,
  code: 2,
  codeName: 'BadValue',
  '$clusterTime': {
    clusterTime: new Timestamp({ t: 1674732386, i: 7 }),
    signature: {
      hash: new Binary(Buffer.from("64f8481554c183bd9af83690fa3592e9c315e775", "hex"), 0),
      keyId: new Long("7148757096056487937")
    }
  },
  [Symbol(errorLabels)]: Set(0) {}
}
MongoServerError: $in needs an array
    at Connection.onMessage (D:\node-express\node_modules\mongodb\lib\cmap\connection.js:210:30)
    at MessageStream.<anonymous> (D:\node-express\node_modules\mongodb\lib\cmap\connection.js:63:60)
    at MessageStream.emit (node:events:513:28)
    at processIncomingData (D:\node-express\node_modules\mongodb\lib\cmap\message_stream.js:132:20)
    at MessageStream._write (D:\node-express\node_modules\mongodb\lib\cmap\message_stream.js:33:9)
    at writeOrBuffer (node:internal/streams/writable:391:12)
    at _write (node:internal/streams/writable:332:10)
    at MessageStream.Writable.write (node:internal/streams/writable:336:10)
    at Socket.ondata (node:internal/streams/readable:754:22)
    at Socket.emit (node:events:513:28) {
  operationTime: new Timestamp({ t: 1674732408, i: 1024 }),
  ok: 0,
  code: 2,
  codeName: 'BadValue',
  '$clusterTime': {
    clusterTime: new Timestamp({ t: 1674732408, i: 1024 }),
    signature: {
      hash: new Binary(Buffer.from("1d6c7abb2c4341970aadf97a49df1592a368f14c", "hex"), 0),
      keyId: new Long("7148757096056487937")
    }
  },
  [Symbol(errorLabels)]: Set(0) {}
}
ReferenceError: ctmLikeInApplForm is not defined
    at Object.queryJobTerdaftar (D:\node-express\utils\query.js:26:26)
    at processTicksAndRejections (node:internal/process/task_queues:96:5)
    at async D:\node-express\server.js:186:18
D:\node-express\utils\query.js:56
                    },{ collation: { locale: `en`, strength: 2 } }
                      ^

SyntaxError: Unexpected token '{'
    at Object.compileFunction (node:vm:360:18)
    at wrapSafe (node:internal/modules/cjs/loader:1055:15)
    at Module._compile (node:internal/modules/cjs/loader:1090:27)
    at Object.Module._extensions..js (node:internal/modules/cjs/loader:1180:10)
    at Module.load (node:internal/modules/cjs/loader:1004:32)
    at Function.Module._load (node:internal/modules/cjs/loader:839:12)
    at Module.require (node:internal/modules/cjs/loader:1028:19)
    at require (node:internal/modules/cjs/helpers:102:18)
    at Object.<anonymous> (D:\node-express\server.js:19:26)
    at Module._compile (node:internal/modules/cjs/loader:1126:14)
D:\node-express\utils\query.js:56
                    },{ collation: { locale: `en`, strength: 2 } }
                      ^

SyntaxError: Unexpected token '{'
    at Object.compileFunction (node:vm:360:18)
    at wrapSafe (node:internal/modules/cjs/loader:1055:15)
    at Module._compile (node:internal/modules/cjs/loader:1090:27)
    at Object.Module._extensions..js (node:internal/modules/cjs/loader:1180:10)
    at Module.load (node:internal/modules/cjs/loader:1004:32)
    at Function.Module._load (node:internal/modules/cjs/loader:839:12)
    at Module.require (node:internal/modules/cjs/loader:1028:19)
    at require (node:internal/modules/cjs/helpers:102:18)
    at Object.<anonymous> (D:\node-express\server.js:19:26)
    at Module._compile (node:internal/modules/cjs/loader:1126:14)
D:\node-express\utils\query.js:56
                    },{ collation: { locale: `en`, strength: 2 } }
                      ^

SyntaxError: Unexpected token '{'
    at Object.compileFunction (node:vm:360:18)
    at wrapSafe (node:internal/modules/cjs/loader:1055:15)
    at Module._compile (node:internal/modules/cjs/loader:1090:27)
    at Object.Module._extensions..js (node:internal/modules/cjs/loader:1180:10)
    at Module.load (node:internal/modules/cjs/loader:1004:32)
    at Function.Module._load (node:internal/modules/cjs/loader:839:12)
    at Module.require (node:internal/modules/cjs/loader:1028:19)
    at require (node:internal/modules/cjs/helpers:102:18)
    at Object.<anonymous> (D:\node-express\server.js:19:26)
    at Module._compile (node:internal/modules/cjs/loader:1126:14)
D:\node-express\utils\query.js:56
                    },{ collation: { locale: "de" }
                      ^

SyntaxError: Unexpected token '{'
    at Object.compileFunction (node:vm:360:18)
    at wrapSafe (node:internal/modules/cjs/loader:1055:15)
    at Module._compile (node:internal/modules/cjs/loader:1090:27)
    at Object.Module._extensions..js (node:internal/modules/cjs/loader:1180:10)
    at Module.load (node:internal/modules/cjs/loader:1004:32)
    at Function.Module._load (node:internal/modules/cjs/loader:839:12)
    at Module.require (node:internal/modules/cjs/loader:1028:19)
    at require (node:internal/modules/cjs/helpers:102:18)
    at Object.<anonymous> (D:\node-express\server.js:19:26)
    at Module._compile (node:internal/modules/cjs/loader:1126:14)
D:\node-express\utils\query.js:56
                    },{ collation: { locale: "de" }
                      ^

SyntaxError: Unexpected token '{'
    at Object.compileFunction (node:vm:360:18)
    at wrapSafe (node:internal/modules/cjs/loader:1055:15)
    at Module._compile (node:internal/modules/cjs/loader:1090:27)
    at Object.Module._extensions..js (node:internal/modules/cjs/loader:1180:10)
    at Module.load (node:internal/modules/cjs/loader:1004:32)
    at Function.Module._load (node:internal/modules/cjs/loader:839:12)
    at Module.require (node:internal/modules/cjs/loader:1028:19)
    at require (node:internal/modules/cjs/helpers:102:18)
    at Object.<anonymous> (D:\node-express\server.js:19:26)
    at Module._compile (node:internal/modules/cjs/loader:1126:14)
D:\node-express\utils\query.js:56
                    },{ collation: { locale: "de" }
                      ^

SyntaxError: Unexpected token '{'
    at Object.compileFunction (node:vm:360:18)
    at wrapSafe (node:internal/modules/cjs/loader:1055:15)
    at Module._compile (node:internal/modules/cjs/loader:1090:27)
    at Object.Module._extensions..js (node:internal/modules/cjs/loader:1180:10)
    at Module.load (node:internal/modules/cjs/loader:1004:32)
    at Function.Module._load (node:internal/modules/cjs/loader:839:12)
    at Module.require (node:internal/modules/cjs/loader:1028:19)
    at require (node:internal/modules/cjs/helpers:102:18)
    at Object.<anonymous> (D:\node-express\server.js:19:26)
    at Module._compile (node:internal/modules/cjs/loader:1126:14)
MongoServerError: $options needs a $regex
    at Connection.onMessage (D:\node-express\node_modules\mongodb\lib\cmap\connection.js:210:30)
    at MessageStream.<anonymous> (D:\node-express\node_modules\mongodb\lib\cmap\connection.js:63:60)
    at MessageStream.emit (node:events:513:28)
    at processIncomingData (D:\node-express\node_modules\mongodb\lib\cmap\message_stream.js:132:20)
    at MessageStream._write (D:\node-express\node_modules\mongodb\lib\cmap\message_stream.js:33:9)
    at writeOrBuffer (node:internal/streams/writable:391:12)
    at _write (node:internal/streams/writable:332:10)
    at MessageStream.Writable.write (node:internal/streams/writable:336:10)
    at Socket.ondata (node:internal/streams/readable:754:22)
    at Socket.emit (node:events:513:28) {
  ok: 0,
  code: 2,
  codeName: 'BadValue',
  '$clusterTime': {
    clusterTime: new Timestamp({ t: 1675162934, i: 1024 }),
    signature: {
      hash: new Binary(Buffer.from("84d45756bc74687926e666838c9b39a8cbd726fa", "hex"), 0),
      keyId: new Long("7148757096056487937")
    }
  },
  operationTime: new Timestamp({ t: 1675162934, i: 1024 }),
  [Symbol(errorLabels)]: Set(0) {}
}
MongoServerError: $options needs a $regex
    at Connection.onMessage (D:\node-express\node_modules\mongodb\lib\cmap\connection.js:210:30)
    at MessageStream.<anonymous> (D:\node-express\node_modules\mongodb\lib\cmap\connection.js:63:60)
    at MessageStream.emit (node:events:513:28)
    at processIncomingData (D:\node-express\node_modules\mongodb\lib\cmap\message_stream.js:132:20)
    at MessageStream._write (D:\node-express\node_modules\mongodb\lib\cmap\message_stream.js:33:9)
    at writeOrBuffer (node:internal/streams/writable:391:12)
    at _write (node:internal/streams/writable:332:10)
    at MessageStream.Writable.write (node:internal/streams/writable:336:10)
    at Socket.ondata (node:internal/streams/readable:754:22)
    at Socket.emit (node:events:513:28) {
  ok: 0,
  code: 2,
  codeName: 'BadValue',
  '$clusterTime': {
    clusterTime: new Timestamp({ t: 1675162937, i: 7 }),
    signature: {
      hash: new Binary(Buffer.from("0e643dd10209d0d9187a7766f01f35eef55a4f75", "hex"), 0),
      keyId: new Long("7148757096056487937")
    }
  },
  operationTime: new Timestamp({ t: 1675162937, i: 7 }),
  [Symbol(errorLabels)]: Set(0) {}
}
ReferenceError: i is not defined
    at Object.queryJobTerdaftar (D:\node-express\utils\query.js:47:53)
    at processTicksAndRejections (node:internal/process/task_queues:96:5)
    at async D:\node-express\server.js:186:18
ReferenceError: i is not defined
    at Object.queryJobTerdaftar (D:\node-express\utils\query.js:55:66)
    at processTicksAndRejections (node:internal/process/task_queues:96:5)
    at async D:\node-express\server.js:186:18
ReferenceError: i is not defined
    at Object.queryJobTerdaftar (D:\node-express\utils\query.js:55:66)
    at processTicksAndRejections (node:internal/process/task_queues:96:5)
    at async D:\node-express\server.js:186:18
ReferenceError: i is not defined
    at Object.queryJobTerdaftar (D:\node-express\utils\query.js:47:54)
    at processTicksAndRejections (node:internal/process/task_queues:96:5)
    at async D:\node-express\server.js:186:18
ReferenceError: i is not defined
    at Object.queryJobTerdaftar (D:\node-express\utils\query.js:47:54)
    at processTicksAndRejections (node:internal/process/task_queues:96:5)
    at async D:\node-express\server.js:186:18
ReferenceError: i is not defined
    at Object.queryJobTerdaftar (D:\node-express\utils\query.js:55:68)
    at processTicksAndRejections (node:internal/process/task_queues:96:5)
    at async D:\node-express\server.js:186:18
ReferenceError: i is not defined
    at Object.queryJobTerdaftar (D:\node-express\utils\query.js:55:68)
    at processTicksAndRejections (node:internal/process/task_queues:96:5)
    at async D:\node-express\server.js:186:18
MongoServerError: $options needs a $regex
    at Connection.onMessage (D:\node-express\node_modules\mongodb\lib\cmap\connection.js:210:30)
    at MessageStream.<anonymous> (D:\node-express\node_modules\mongodb\lib\cmap\connection.js:63:60)
    at MessageStream.emit (node:events:513:28)
    at processIncomingData (D:\node-express\node_modules\mongodb\lib\cmap\message_stream.js:132:20)
    at MessageStream._write (D:\node-express\node_modules\mongodb\lib\cmap\message_stream.js:33:9)
    at writeOrBuffer (node:internal/streams/writable:391:12)
    at _write (node:internal/streams/writable:332:10)
    at MessageStream.Writable.write (node:internal/streams/writable:336:10)
    at Socket.ondata (node:internal/streams/readable:754:22)
    at Socket.emit (node:events:513:28) {
  ok: 0,
  code: 2,
  codeName: 'BadValue',
  '$clusterTime': {
    clusterTime: new Timestamp({ t: 1675243859, i: 291 }),
    signature: {
      hash: new Binary(Buffer.from("c004434cbdbc401c21995d834328c670848009a2", "hex"), 0),
      keyId: new Long("7148757096056487937")
    }
  },
  operationTime: new Timestamp({ t: 1675243859, i: 291 }),
  [Symbol(errorLabels)]: Set(0) {}
}
ReferenceError: i is not defined
    at Object.queryJobTerdaftar (D:\node-express\utils\query.js:55:67)
    at processTicksAndRejections (node:internal/process/task_queues:96:5)
    at async D:\node-express\server.js:186:18
ReferenceError: i is not defined
    at Object.queryJobTerdaftar (D:\node-express\utils\query.js:55:67)
    at processTicksAndRejections (node:internal/process/task_queues:96:5)
    at async D:\node-express\server.js:186:18
(node:13832) [MONGODB DRIVER] Warning: cursor.count is deprecated and will be removed in the next major version, please use `collection.estimatedDocumentCount` or `collection.countDocuments` instead 
(Use `node --trace-warnings ...` to show where the warning was created)
D:\node-express\utils\query.js:43
				var ctmJobName = ctmJobName, '$options = i'
				                             ^^^^^^^^^^^^^^

SyntaxError: Unexpected string
    at Object.compileFunction (node:vm:360:18)
    at wrapSafe (node:internal/modules/cjs/loader:1055:15)
    at Module._compile (node:internal/modules/cjs/loader:1090:27)
    at Object.Module._extensions..js (node:internal/modules/cjs/loader:1180:10)
    at Module.load (node:internal/modules/cjs/loader:1004:32)
    at Function.Module._load (node:internal/modules/cjs/loader:839:12)
    at Module.require (node:internal/modules/cjs/loader:1028:19)
    at require (node:internal/modules/cjs/helpers:102:18)
    at Object.<anonymous> (D:\node-express\server.js:19:26)
    at Module._compile (node:internal/modules/cjs/loader:1126:14)
D:\node-express\utils\query.js:43
				var ctmJobName = ctmJobName, '$options = i'
				                             ^^^^^^^^^^^^^^

SyntaxError: Unexpected string
    at Object.compileFunction (node:vm:360:18)
    at wrapSafe (node:internal/modules/cjs/loader:1055:15)
    at Module._compile (node:internal/modules/cjs/loader:1090:27)
    at Object.Module._extensions..js (node:internal/modules/cjs/loader:1180:10)
    at Module.load (node:internal/modules/cjs/loader:1004:32)
    at Function.Module._load (node:internal/modules/cjs/loader:839:12)
    at Module.require (node:internal/modules/cjs/loader:1028:19)
    at require (node:internal/modules/cjs/helpers:102:18)
    at Object.<anonymous> (D:\node-express\server.js:19:26)
    at Module._compile (node:internal/modules/cjs/loader:1126:14)
D:\node-express\utils\query.js:43
				var ctmJobName = ctmJobName, '$options = i'
				                             ^^^^^^^^^^^^^^

SyntaxError: Unexpected string
    at Object.compileFunction (node:vm:360:18)
    at wrapSafe (node:internal/modules/cjs/loader:1055:15)
    at Module._compile (node:internal/modules/cjs/loader:1090:27)
    at Object.Module._extensions..js (node:internal/modules/cjs/loader:1180:10)
    at Module.load (node:internal/modules/cjs/loader:1004:32)
    at Function.Module._load (node:internal/modules/cjs/loader:839:12)
    at Module.require (node:internal/modules/cjs/loader:1028:19)
    at require (node:internal/modules/cjs/helpers:102:18)
    at Object.<anonymous> (D:\node-express\server.js:19:26)
    at Module._compile (node:internal/modules/cjs/loader:1126:14)
D:\node-express\utils\query.js:56
                        [ctmLikeInJobName]: ctmJobName, $options = i
                                                        ^^^^^^^^^^^^

SyntaxError: Invalid shorthand property initializer
    at Object.compileFunction (node:vm:360:18)
    at wrapSafe (node:internal/modules/cjs/loader:1055:15)
    at Module._compile (node:internal/modules/cjs/loader:1090:27)
    at Object.Module._extensions..js (node:internal/modules/cjs/loader:1180:10)
    at Module.load (node:internal/modules/cjs/loader:1004:32)
    at Function.Module._load (node:internal/modules/cjs/loader:839:12)
    at Module.require (node:internal/modules/cjs/loader:1028:19)
    at require (node:internal/modules/cjs/helpers:102:18)
    at Object.<anonymous> (D:\node-express\server.js:19:26)
    at Module._compile (node:internal/modules/cjs/loader:1126:14)
D:\node-express\utils\query.js:56
                        [ctmLikeInJobName]: ctmJobName, $options = i
                                                        ^^^^^^^^^^^^

SyntaxError: Invalid shorthand property initializer
    at Object.compileFunction (node:vm:360:18)
    at wrapSafe (node:internal/modules/cjs/loader:1055:15)
    at Module._compile (node:internal/modules/cjs/loader:1090:27)
    at Object.Module._extensions..js (node:internal/modules/cjs/loader:1180:10)
    at Module.load (node:internal/modules/cjs/loader:1004:32)
    at Function.Module._load (node:internal/modules/cjs/loader:839:12)
    at Module.require (node:internal/modules/cjs/loader:1028:19)
    at require (node:internal/modules/cjs/helpers:102:18)
    at Object.<anonymous> (D:\node-express\server.js:19:26)
    at Module._compile (node:internal/modules/cjs/loader:1126:14)
D:\node-express\utils\query.js:56
                        [ctmLikeInJobName]: ctmJobName, $options = i
                                                        ^^^^^^^^^^^^

SyntaxError: Invalid shorthand property initializer
    at Object.compileFunction (node:vm:360:18)
    at wrapSafe (node:internal/modules/cjs/loader:1055:15)
    at Module._compile (node:internal/modules/cjs/loader:1090:27)
    at Object.Module._extensions..js (node:internal/modules/cjs/loader:1180:10)
    at Module.load (node:internal/modules/cjs/loader:1004:32)
    at Function.Module._load (node:internal/modules/cjs/loader:839:12)
    at Module.require (node:internal/modules/cjs/loader:1028:19)
    at require (node:internal/modules/cjs/helpers:102:18)
    at Object.<anonymous> (D:\node-express\server.js:19:26)
    at Module._compile (node:internal/modules/cjs/loader:1126:14)
D:\node-express\utils\query.js:56
                        [ctmLikeInJobName]: ctmJobName, $options = 'i'
                                                        ^^^^^^^^^^^^^^

SyntaxError: Invalid shorthand property initializer
    at Object.compileFunction (node:vm:360:18)
    at wrapSafe (node:internal/modules/cjs/loader:1055:15)
    at Module._compile (node:internal/modules/cjs/loader:1090:27)
    at Object.Module._extensions..js (node:internal/modules/cjs/loader:1180:10)
    at Module.load (node:internal/modules/cjs/loader:1004:32)
    at Function.Module._load (node:internal/modules/cjs/loader:839:12)
    at Module.require (node:internal/modules/cjs/loader:1028:19)
    at require (node:internal/modules/cjs/helpers:102:18)
    at Object.<anonymous> (D:\node-express\server.js:19:26)
    at Module._compile (node:internal/modules/cjs/loader:1126:14)
D:\node-express\utils\query.js:56
                        [ctmLikeInJobName]: ctmJobName, $options = 'i'
                                                        ^^^^^^^^^^^^^^

SyntaxError: Invalid shorthand property initializer
    at Object.compileFunction (node:vm:360:18)
    at wrapSafe (node:internal/modules/cjs/loader:1055:15)
    at Module._compile (node:internal/modules/cjs/loader:1090:27)
    at Object.Module._extensions..js (node:internal/modules/cjs/loader:1180:10)
    at Module.load (node:internal/modules/cjs/loader:1004:32)
    at Function.Module._load (node:internal/modules/cjs/loader:839:12)
    at Module.require (node:internal/modules/cjs/loader:1028:19)
    at require (node:internal/modules/cjs/helpers:102:18)
    at Object.<anonymous> (D:\node-express\server.js:19:26)
    at Module._compile (node:internal/modules/cjs/loader:1126:14)
D:\node-express\utils\query.js:56
                        [ctmLikeInJobName]: ctmJobName, $options = 'i'
                                                        ^^^^^^^^^^^^^^

SyntaxError: Invalid shorthand property initializer
    at Object.compileFunction (node:vm:360:18)
    at wrapSafe (node:internal/modules/cjs/loader:1055:15)
    at Module._compile (node:internal/modules/cjs/loader:1090:27)
    at Object.Module._extensions..js (node:internal/modules/cjs/loader:1180:10)
    at Module.load (node:internal/modules/cjs/loader:1004:32)
    at Function.Module._load (node:internal/modules/cjs/loader:839:12)
    at Module.require (node:internal/modules/cjs/loader:1028:19)
    at require (node:internal/modules/cjs/helpers:102:18)
    at Object.<anonymous> (D:\node-express\server.js:19:26)
    at Module._compile (node:internal/modules/cjs/loader:1126:14)
(node:7932) [MONGODB DRIVER] Warning: cursor.count is deprecated and will be removed in the next major version, please use `collection.estimatedDocumentCount` or `collection.countDocuments` instead 
(Use `node --trace-warnings ...` to show where the warning was created)
node:internal/modules/cjs/loader:959
  throw err;
  ^

Error: Cannot find module 'D:\node-express\node_modules\node-windows\lib\wrapper.js'
    at Function.Module._resolveFilename (node:internal/modules/cjs/loader:956:15)
    at Function.Module._load (node:internal/modules/cjs/loader:804:27)
    at Function.executeUserEntryPoint [as runMain] (node:internal/modules/run_main:81:12)
    at node:internal/main/run_main_module:17:47 {
  code: 'MODULE_NOT_FOUND',
  requireStack: []
}
node:internal/modules/cjs/loader:959
  throw err;
  ^

Error: Cannot find module 'D:\node-express\node_modules\node-windows\lib\wrapper.js'
    at Function.Module._resolveFilename (node:internal/modules/cjs/loader:956:15)
    at Function.Module._load (node:internal/modules/cjs/loader:804:27)
    at Function.executeUserEntryPoint [as runMain] (node:internal/modules/run_main:81:12)
    at node:internal/main/run_main_module:17:47 {
  code: 'MODULE_NOT_FOUND',
  requireStack: []
}
node:internal/modules/cjs/loader:959
  throw err;
  ^

Error: Cannot find module 'D:\node-express\node_modules\node-windows\lib\wrapper.js'
    at Function.Module._resolveFilename (node:internal/modules/cjs/loader:956:15)
    at Function.Module._load (node:internal/modules/cjs/loader:804:27)
    at Function.executeUserEntryPoint [as runMain] (node:internal/modules/run_main:81:12)
    at node:internal/main/run_main_module:17:47 {
  code: 'MODULE_NOT_FOUND',
  requireStack: []
}
node:internal/modules/cjs/loader:959
  throw err;
  ^

Error: Cannot find module 'D:\node-express\node_modules\node-windows\lib\wrapper.js'
    at Function.Module._resolveFilename (node:internal/modules/cjs/loader:956:15)
    at Function.Module._load (node:internal/modules/cjs/loader:804:27)
    at Function.executeUserEntryPoint [as runMain] (node:internal/modules/run_main:81:12)
    at node:internal/main/run_main_module:17:47 {
  code: 'MODULE_NOT_FOUND',
  requireStack: []
}
node:internal/modules/cjs/loader:959
  throw err;
  ^

Error: Cannot find module 'D:\node-express\node_modules\node-windows\lib\wrapper.js'
    at Function.Module._resolveFilename (node:internal/modules/cjs/loader:956:15)
    at Function.Module._load (node:internal/modules/cjs/loader:804:27)
    at Function.executeUserEntryPoint [as runMain] (node:internal/modules/run_main:81:12)
    at node:internal/main/run_main_module:17:47 {
  code: 'MODULE_NOT_FOUND',
  requireStack: []
}
node:internal/modules/cjs/loader:959
  throw err;
  ^

Error: Cannot find module 'D:\node-express\node_modules\node-windows\lib\wrapper.js'
    at Function.Module._resolveFilename (node:internal/modules/cjs/loader:956:15)
    at Function.Module._load (node:internal/modules/cjs/loader:804:27)
    at Function.executeUserEntryPoint [as runMain] (node:internal/modules/run_main:81:12)
    at node:internal/main/run_main_module:17:47 {
  code: 'MODULE_NOT_FOUND',
  requireStack: []
}
node:internal/modules/cjs/loader:959
  throw err;
  ^

Error: Cannot find module 'D:\node-express\node_modules\node-windows\lib\wrapper.js'
    at Function.Module._resolveFilename (node:internal/modules/cjs/loader:956:15)
    at Function.Module._load (node:internal/modules/cjs/loader:804:27)
    at Function.executeUserEntryPoint [as runMain] (node:internal/modules/run_main:81:12)
    at node:internal/main/run_main_module:17:47 {
  code: 'MODULE_NOT_FOUND',
  requireStack: []
}
