2023-02-24 10:01:08 - Starting C:\Program Files\nodejs\node.exe  --harmony --max_old_space_size=4096 D:\node-express\node_modules\node-windows\lib\wrapper.js --file D:\node-express\server.js --scriptoptions= --log "AutoWeb wrapper" --grow 0.25 --wait 1 --maxrestarts 3 --abortonerror n --stopparentfirst undefined
2023-02-24 10:01:08 - Started 12524
2023-02-24 10:12:03 - Stopping autoweb.exe
2023-02-24 10:12:03 - ProcessKill 12524
2023-02-24 10:12:03 - Found child process: 8148 Name: conhost.exe
2023-02-24 10:12:03 - Found child process: 12584 Name: node.exe
2023-02-24 10:12:03 - Stopping process 8148
2023-02-24 10:12:03 - Send SIGINT 8148
2023-02-24 10:12:03 - SIGINT to 8148 failed - Killing as fallback
2023-02-24 10:12:03 - Stopping process 12584
2023-02-24 10:12:03 - Send SIGINT 12584
2023-02-24 10:12:03 - SIGINT to 12584 failed - Killing as fallback
2023-02-24 10:12:03 - Stopping process 12524
2023-02-24 10:12:03 - Send SIGINT 12524
2023-02-24 10:12:03 - SIGINT to 12524 failed - Killing as fallback
2023-02-24 10:12:03 - Finished autoweb.exe
2023-02-24 10:12:05 - Starting C:\Program Files\nodejs\node.exe  --harmony --max_old_space_size=4096 D:\node-express\node_modules\node-windows\lib\wrapper.js --file D:\node-express\server.js --scriptoptions= --log "AutoWeb wrapper" --grow 0.25 --wait 1 --maxrestarts 3 --abortonerror n --stopparentfirst undefined
2023-02-24 10:12:05 - Started 15384
2023-02-24 10:33:08 - Stopping autoweb.exe
2023-02-24 10:33:08 - ProcessKill 15384
2023-02-24 10:33:08 - Found child process: 12888 Name: conhost.exe
2023-02-24 10:33:08 - Found child process: 15632 Name: node.exe
2023-02-24 10:33:08 - Stopping process 12888
2023-02-24 10:33:08 - Send SIGINT 12888
2023-02-24 10:33:08 - SIGINT to 12888 failed - Killing as fallback
2023-02-24 10:33:09 - Stopping process 15632
2023-02-24 10:33:09 - Send SIGINT 15632
2023-02-24 10:33:09 - SIGINT to 15632 failed - Killing as fallback
2023-02-24 10:33:09 - Stopping process 15384
2023-02-24 10:33:09 - Send SIGINT 15384
2023-02-24 10:33:09 - SIGINT to 15384 failed - Killing as fallback
2023-02-24 10:33:09 - Finished autoweb.exe
2023-02-24 10:33:22 - Starting C:\Program Files\nodejs\node.exe  --harmony --max_old_space_size=4096 D:\node-express\node_modules\node-windows\lib\wrapper.js --file D:\node-express\server.js --scriptoptions= --log "AutoWeb wrapper" --grow 0.25 --wait 1 --maxrestarts 3 --abortonerror n --stopparentfirst undefined
2023-02-24 10:33:22 - Started 7500
2023-02-24 10:36:57 - Stopping autoweb.exe
2023-02-24 10:36:57 - ProcessKill 7500
2023-02-24 10:36:57 - Found child process: 14932 Name: conhost.exe
2023-02-24 10:36:57 - Found child process: 12456 Name: node.exe
2023-02-24 10:36:57 - Stopping process 14932
2023-02-24 10:36:57 - Send SIGINT 14932
2023-02-24 10:36:57 - SIGINT to 14932 failed - Killing as fallback
2023-02-24 10:36:57 - Stopping process 12456
2023-02-24 10:36:57 - Send SIGINT 12456
2023-02-24 10:36:57 - SIGINT to 12456 failed - Killing as fallback
2023-02-24 10:36:57 - Stopping process 7500
2023-02-24 10:36:57 - Send SIGINT 7500
2023-02-24 10:36:57 - SIGINT to 7500 failed - Killing as fallback
2023-02-24 10:36:57 - Finished autoweb.exe
2023-02-24 10:36:58 - Starting C:\Program Files\nodejs\node.exe  --harmony --max_old_space_size=4096 D:\node-express\node_modules\node-windows\lib\wrapper.js --file D:\node-express\server.js --scriptoptions= --log "AutoWeb wrapper" --grow 0.25 --wait 1 --maxrestarts 3 --abortonerror n --stopparentfirst undefined
2023-02-24 10:36:58 - Started 14456
2023-02-24 10:57:04 - Stopping autoweb.exe
2023-02-24 10:57:04 - ProcessKill 14456
2023-02-24 10:57:04 - Found child process: 12388 Name: conhost.exe
2023-02-24 10:57:04 - Found child process: 14532 Name: node.exe
2023-02-24 10:57:04 - Stopping process 12388
2023-02-24 10:57:04 - Send SIGINT 12388
2023-02-24 10:57:04 - SIGINT to 12388 failed - Killing as fallback
2023-02-24 10:57:04 - Stopping process 14532
2023-02-24 10:57:04 - Send SIGINT 14532
2023-02-24 10:57:04 - SIGINT to 14532 failed - Killing as fallback
2023-02-24 10:57:04 - Stopping process 14456
2023-02-24 10:57:04 - Send SIGINT 14456
2023-02-24 10:57:04 - SIGINT to 14456 failed - Killing as fallback
2023-02-24 10:57:04 - Finished autoweb.exe
2023-02-24 10:57:05 - Starting C:\Program Files\nodejs\node.exe  --harmony --max_old_space_size=4096 D:\node-express\node_modules\node-windows\lib\wrapper.js --file D:\node-express\server.js --scriptoptions= --log "AutoWeb wrapper" --grow 0.25 --wait 1 --maxrestarts 3 --abortonerror n --stopparentfirst undefined
2023-02-24 10:57:05 - Started 7036
2023-02-24 10:58:02 - Starting C:\Program Files\nodejs\node.exe  --harmony --max_old_space_size=4096 D:\node-express\node_modules\node-windows\lib\wrapper.js --file D:\node-express\server.js --scriptoptions= --log "AutoWeb wrapper" --grow 0.25 --wait 1 --maxrestarts 3 --abortonerror n --stopparentfirst undefined
2023-02-24 10:58:02 - Started 9564
2023-02-24 10:58:43 - Starting C:\Program Files\nodejs\node.exe  --harmony --max_old_space_size=4096 D:\node-express\node_modules\node-windows\lib\wrapper.js --file D:\node-express\server.js --scriptoptions= --log "AutoWeb wrapper" --grow 0.25 --wait 1 --maxrestarts 3 --abortonerror n --stopparentfirst undefined
2023-02-24 10:58:43 - Started 11152
2023-02-24 11:00:22 - Starting C:\Program Files\nodejs\node.exe  --harmony --max_old_space_size=4096 D:\node-express\node_modules\node-windows\lib\wrapper.js --file D:\node-express\server.js --scriptoptions= --log "AutoWeb wrapper" --grow 0.25 --wait 1 --maxrestarts 3 --abortonerror n --stopparentfirst undefined
2023-02-24 11:00:22 - Started 408
2023-02-24 11:03:34 - Starting C:\Program Files\nodejs\node.exe  --harmony --max_old_space_size=4096 D:\node-express\node_modules\node-windows\lib\wrapper.js --file D:\node-express\server.js --scriptoptions= --log "AutoWeb wrapper" --grow 0.25 --wait 1 --maxrestarts 3 --abortonerror n --stopparentfirst undefined
2023-02-24 11:03:34 - Started 15892
2023-02-24 11:04:37 - Stopping autoweb.exe
2023-02-24 11:04:37 - ProcessKill 15892
2023-02-24 11:04:37 - Found child process: 16300 Name: conhost.exe
2023-02-24 11:04:37 - Found child process: 2088 Name: node.exe
2023-02-24 11:04:37 - Stopping process 16300
2023-02-24 11:04:37 - Send SIGINT 16300
2023-02-24 11:04:37 - SIGINT to 16300 failed - Killing as fallback
2023-02-24 11:04:37 - Stopping process 2088
2023-02-24 11:04:37 - Send SIGINT 2088
2023-02-24 11:04:37 - SIGINT to 2088 failed - Killing as fallback
2023-02-24 11:04:37 - Stopping process 15892
2023-02-24 11:04:37 - Send SIGINT 15892
2023-02-24 11:04:37 - SIGINT to 15892 failed - Killing as fallback
2023-02-24 11:04:37 - Finished autoweb.exe
2023-02-24 11:05:06 - Starting C:\Program Files\nodejs\node.exe  --harmony --max_old_space_size=4096 D:\node-express\node_modules\node-windows\lib\wrapper.js --file D:\node-express\server.js --scriptoptions= --log "AutoWeb wrapper" --grow 0.25 --wait 1 --maxrestarts 3 --abortonerror n --stopparentfirst undefined
2023-02-24 11:05:06 - Started 14664
2023-02-24 11:09:48 - Stopping autoweb.exe
2023-02-24 11:09:48 - ProcessKill 14664
2023-02-24 11:09:48 - Found child process: 10092 Name: conhost.exe
2023-02-24 11:09:48 - Found child process: 13032 Name: node.exe
2023-02-24 11:09:48 - Stopping process 10092
2023-02-24 11:09:48 - Send SIGINT 10092
2023-02-24 11:09:48 - SIGINT to 10092 failed - Killing as fallback
2023-02-24 11:09:48 - Stopping process 13032
2023-02-24 11:09:48 - Send SIGINT 13032
2023-02-24 11:09:48 - SIGINT to 13032 failed - Killing as fallback
2023-02-24 11:09:49 - Stopping process 14664
2023-02-24 11:09:49 - Send SIGINT 14664
2023-02-24 11:09:49 - SIGINT to 14664 failed - Killing as fallback
2023-02-24 11:09:49 - Finished autoweb.exe
2023-02-24 11:11:52 - Starting C:\Program Files\nodejs\node.exe  --harmony --max_old_space_size=4096 D:\node-express\node_modules\node-windows\lib\wrapper.js --file D:\node-express\server.js --scriptoptions= --log "AutoWeb wrapper" --grow 0.25 --wait 1 --maxrestarts 3 --abortonerror n --stopparentfirst undefined
2023-02-24 11:11:52 - Started 4164
2023-02-24 13:27:45 - Stopping autoweb.exe
2023-02-24 13:27:45 - ProcessKill 4164
2023-02-24 13:27:45 - Found child process: 13752 Name: conhost.exe
2023-02-24 13:27:45 - Found child process: 14788 Name: node.exe
2023-02-24 13:27:45 - Stopping process 13752
2023-02-24 13:27:45 - Send SIGINT 13752
2023-02-24 13:27:45 - SIGINT to 13752 failed - Killing as fallback
2023-02-24 13:27:45 - Stopping process 14788
2023-02-24 13:27:45 - Send SIGINT 14788
2023-02-24 13:27:45 - SIGINT to 14788 failed - Killing as fallback
2023-02-24 13:27:45 - Stopping process 4164
2023-02-24 13:27:45 - Send SIGINT 4164
2023-02-24 13:27:45 - SIGINT to 4164 failed - Killing as fallback
2023-02-24 13:27:45 - Finished autoweb.exe
2023-02-24 13:32:18 - Starting C:\Program Files\nodejs\node.exe  --harmony --max_old_space_size=4096 D:\node-express\node_modules\node-windows\lib\wrapper.js --file D:\node-express\server.js --scriptoptions= --log "AutoWeb wrapper" --grow 0.25 --wait 1 --maxrestarts 3 --abortonerror n --stopparentfirst undefined
2023-02-24 13:32:18 - Started 14996
2023-02-24 13:42:30 - Stopping autoweb.exe
2023-02-24 13:42:30 - ProcessKill 14996
2023-02-24 13:42:30 - Found child process: 2344 Name: conhost.exe
2023-02-24 13:42:30 - Found child process: 15556 Name: node.exe
2023-02-24 13:42:30 - Stopping process 2344
2023-02-24 13:42:30 - Send SIGINT 2344
2023-02-24 13:42:30 - SIGINT to 2344 failed - Killing as fallback
2023-02-24 13:42:30 - Stopping process 15556
2023-02-24 13:42:30 - Send SIGINT 15556
2023-02-24 13:42:30 - SIGINT to 15556 failed - Killing as fallback
2023-02-24 13:42:30 - Stopping process 14996
2023-02-24 13:42:30 - Send SIGINT 14996
2023-02-24 13:42:30 - SIGINT to 14996 failed - Killing as fallback
2023-02-24 13:42:30 - Finished autoweb.exe
2023-02-24 13:42:31 - Starting C:\Program Files\nodejs\node.exe  --harmony --max_old_space_size=4096 D:\node-express\node_modules\node-windows\lib\wrapper.js --file D:\node-express\server.js --scriptoptions= --log "AutoWeb wrapper" --grow 0.25 --wait 1 --maxrestarts 3 --abortonerror n --stopparentfirst undefined
2023-02-24 13:42:31 - Started 15892
2023-02-24 14:08:23 - Stopping autoweb.exe
2023-02-24 14:08:23 - ProcessKill 15892
2023-02-24 14:08:23 - Found child process: 10092 Name: conhost.exe
2023-02-24 14:08:23 - Found child process: 14344 Name: node.exe
2023-02-24 14:08:23 - Stopping process 10092
2023-02-24 14:08:23 - Send SIGINT 10092
2023-02-24 14:08:23 - SIGINT to 10092 failed - Killing as fallback
2023-02-24 14:08:23 - Stopping process 14344
2023-02-24 14:08:23 - Send SIGINT 14344
2023-02-24 14:08:23 - SIGINT to 14344 failed - Killing as fallback
2023-02-24 14:08:23 - Stopping process 15892
2023-02-24 14:08:23 - Send SIGINT 15892
2023-02-24 14:08:23 - SIGINT to 15892 failed - Killing as fallback
2023-02-24 14:08:23 - Finished autoweb.exe
2023-02-24 14:08:38 - Starting C:\Program Files\nodejs\node.exe  --harmony --max_old_space_size=4096 D:\node-express\node_modules\node-windows\lib\wrapper.js --file D:\node-express\server.js --scriptoptions= --log "AutoWeb wrapper" --grow 0.25 --wait 1 --maxrestarts 3 --abortonerror n --stopparentfirst undefined
2023-02-24 14:08:38 - Started 13716
2023-02-24 14:13:58 - Stopping autoweb.exe
2023-02-24 14:13:58 - ProcessKill 13716
2023-02-24 14:13:59 - Found child process: 4864 Name: conhost.exe
2023-02-24 14:13:59 - Found child process: 2372 Name: node.exe
2023-02-24 14:13:59 - Stopping process 4864
2023-02-24 14:13:59 - Send SIGINT 4864
2023-02-24 14:13:59 - SIGINT to 4864 failed - Killing as fallback
2023-02-24 14:13:59 - Stopping process 2372
2023-02-24 14:13:59 - Send SIGINT 2372
2023-02-24 14:13:59 - SIGINT to 2372 failed - Killing as fallback
2023-02-24 14:13:59 - Stopping process 13716
2023-02-24 14:13:59 - Send SIGINT 13716
2023-02-24 14:13:59 - SIGINT to 13716 failed - Killing as fallback
2023-02-24 14:13:59 - Finished autoweb.exe
2023-02-24 14:23:21 - Starting C:\Program Files\nodejs\node.exe  --harmony --max_old_space_size=4096 D:\node-express\node_modules\node-windows\lib\wrapper.js --file D:\node-express\server.js --scriptoptions= --log "AutoWeb wrapper" --grow 0.25 --wait 1 --maxrestarts 3 --abortonerror n --stopparentfirst undefined
2023-02-24 14:23:21 - Started 12432
2023-02-24 14:26:02 - Stopping autoweb.exe
2023-02-24 14:26:02 - ProcessKill 12432
2023-02-24 14:26:02 - Found child process: 15376 Name: conhost.exe
2023-02-24 14:26:02 - Found child process: 11460 Name: node.exe
2023-02-24 14:26:02 - Stopping process 15376
2023-02-24 14:26:02 - Send SIGINT 15376
2023-02-24 14:26:02 - SIGINT to 15376 failed - Killing as fallback
2023-02-24 14:26:02 - Stopping process 11460
2023-02-24 14:26:02 - Send SIGINT 11460
2023-02-24 14:26:02 - SIGINT to 11460 failed - Killing as fallback
2023-02-24 14:26:02 - Stopping process 12432
2023-02-24 14:26:02 - Send SIGINT 12432
2023-02-24 14:26:02 - SIGINT to 12432 failed - Killing as fallback
2023-02-24 14:26:02 - Finished autoweb.exe
2023-02-24 14:35:53 - Starting C:\Program Files\nodejs\node.exe  --harmony --max_old_space_size=4096 D:\node-express\node_modules\node-windows\lib\wrapper.js --file D:\node-express\server.js --scriptoptions= --log "AutoWeb wrapper" --grow 0.25 --wait 1 --maxrestarts 3 --abortonerror n --stopparentfirst undefined
2023-02-24 14:35:53 - Started 12532
2023-02-24 14:36:51 - Stopping autoweb.exe
2023-02-24 14:36:51 - ProcessKill 12532
2023-02-24 14:36:51 - Found child process: 15892 Name: conhost.exe
2023-02-24 14:36:51 - Found child process: 2292 Name: node.exe
2023-02-24 14:36:51 - Stopping process 15892
2023-02-24 14:36:51 - Send SIGINT 15892
2023-02-24 14:36:51 - SIGINT to 15892 failed - Killing as fallback
2023-02-24 14:36:51 - Stopping process 2292
2023-02-24 14:36:51 - Send SIGINT 2292
2023-02-24 14:36:51 - SIGINT to 2292 failed - Killing as fallback
2023-02-24 14:36:51 - Stopping process 12532
2023-02-24 14:36:51 - Send SIGINT 12532
2023-02-24 14:36:51 - SIGINT to 12532 failed - Killing as fallback
2023-02-24 14:36:51 - Finished autoweb.exe
2023-02-24 16:05:10 - Starting C:\Program Files\nodejs\node.exe  --harmony --max_old_space_size=4096 D:\node-express\node_modules\node-windows\lib\wrapper.js --file D:\node-express\server.js --scriptoptions= --log "AutoWeb wrapper" --grow 0.25 --wait 1 --maxrestarts 3 --abortonerror n --stopparentfirst undefined
2023-02-24 16:05:10 - Started 6504
2023-02-24 16:08:03 - Stopping autoweb.exe
2023-02-24 16:08:03 - ProcessKill 6504
2023-02-24 16:08:03 - Found child process: 14224 Name: conhost.exe
2023-02-24 16:08:03 - Found child process: 15732 Name: node.exe
2023-02-24 16:08:03 - Stopping process 14224
2023-02-24 16:08:03 - Send SIGINT 14224
2023-02-24 16:08:03 - SIGINT to 14224 failed - Killing as fallback
2023-02-24 16:08:03 - Stopping process 15732
2023-02-24 16:08:03 - Send SIGINT 15732
2023-02-24 16:08:03 - SIGINT to 15732 failed - Killing as fallback
2023-02-24 16:08:03 - Stopping process 6504
2023-02-24 16:08:03 - Send SIGINT 6504
2023-02-24 16:08:03 - SIGINT to 6504 failed - Killing as fallback
2023-02-24 16:08:03 - Finished autoweb.exe
2023-02-24 16:08:04 - Starting C:\Program Files\nodejs\node.exe  --harmony --max_old_space_size=4096 D:\node-express\node_modules\node-windows\lib\wrapper.js --file D:\node-express\server.js --scriptoptions= --log "AutoWeb wrapper" --grow 0.25 --wait 1 --maxrestarts 3 --abortonerror n --stopparentfirst undefined
2023-02-24 16:08:04 - Started 1684
2023-02-24 16:20:48 - Stopping autoweb.exe
2023-02-24 16:20:48 - ProcessKill 1684
2023-02-24 16:20:48 - Found child process: 11024 Name: conhost.exe
2023-02-24 16:20:48 - Found child process: 10228 Name: node.exe
2023-02-24 16:20:48 - Stopping process 11024
2023-02-24 16:20:48 - Send SIGINT 11024
2023-02-24 16:20:48 - SIGINT to 11024 failed - Killing as fallback
2023-02-24 16:20:48 - Stopping process 10228
2023-02-24 16:20:48 - Send SIGINT 10228
2023-02-24 16:20:48 - SIGINT to 10228 failed - Killing as fallback
2023-02-24 16:20:48 - Stopping process 1684
2023-02-24 16:20:48 - Send SIGINT 1684
2023-02-24 16:20:48 - SIGINT to 1684 failed - Killing as fallback
2023-02-24 16:20:48 - Finished autoweb.exe
2023-02-24 16:31:38 - Starting C:\Program Files\nodejs\node.exe  --harmony --max_old_space_size=4096 D:\node-express\node_modules\node-windows\lib\wrapper.js --file D:\node-express\server.js --scriptoptions= --log "AutoWeb wrapper" --grow 0.25 --wait 1 --maxrestarts 3 --abortonerror n --stopparentfirst undefined
2023-02-24 16:31:38 - Started 8972
2023-02-25 00:05:07 - Stopping autoweb.exe
2023-02-25 00:05:07 - ProcessKill 8972
2023-02-25 00:05:07 - Found child process: 15964 Name: conhost.exe
2023-02-25 00:05:07 - Found child process: 5576 Name: node.exe
2023-02-25 00:05:07 - Stopping process 15964
2023-02-25 00:05:07 - Send SIGINT 15964
2023-02-25 00:05:07 - SIGINT to 15964 failed - Killing as fallback
2023-02-25 00:05:07 - Stopping process 5576
2023-02-25 00:05:07 - Send SIGINT 5576
2023-02-25 00:05:07 - SIGINT to 5576 failed - Killing as fallback
2023-02-25 00:05:07 - Stopping process 8972
2023-02-25 00:05:07 - Send SIGINT 8972
2023-02-25 00:05:07 - SIGINT to 8972 failed - Killing as fallback
2023-02-25 00:05:07 - Finished autoweb.exe
2023-02-25 00:09:42 - Starting C:\Program Files\nodejs\node.exe  --harmony --max_old_space_size=4096 D:\node-express\node_modules\node-windows\lib\wrapper.js --file D:\node-express\server.js --scriptoptions= --log "AutoWeb wrapper" --grow 0.25 --wait 1 --maxrestarts 3 --abortonerror n --stopparentfirst undefined
2023-02-25 00:09:42 - Started 5572
2023-02-25 00:10:50 - Stopping autoweb.exe
2023-02-25 00:10:50 - ProcessKill 5572
2023-02-25 00:10:50 - Found child process: 10372 Name: conhost.exe
2023-02-25 00:10:50 - Found child process: 11160 Name: node.exe
2023-02-25 00:10:50 - Stopping process 10372
2023-02-25 00:10:50 - Send SIGINT 10372
2023-02-25 00:10:50 - SIGINT to 10372 failed - Killing as fallback
2023-02-25 00:10:50 - Stopping process 11160
2023-02-25 00:10:50 - Send SIGINT 11160
2023-02-25 00:10:50 - SIGINT to 11160 failed - Killing as fallback
2023-02-25 00:10:50 - Stopping process 5572
2023-02-25 00:10:50 - Send SIGINT 5572
2023-02-25 00:10:50 - SIGINT to 5572 failed - Killing as fallback
2023-02-25 00:10:50 - Finished autoweb.exe
2023-02-25 00:20:17 - Starting C:\Program Files\nodejs\node.exe  --harmony --max_old_space_size=4096 D:\node-express\node_modules\node-windows\lib\wrapper.js --file D:\node-express\server.js --scriptoptions= --log "AutoWeb wrapper" --grow 0.25 --wait 1 --maxrestarts 3 --abortonerror n --stopparentfirst undefined
2023-02-25 00:20:17 - Started 6552
2023-02-25 00:21:54 - Stopping autoweb.exe
2023-02-25 00:21:54 - ProcessKill 6552
2023-02-25 00:21:54 - Found child process: 6504 Name: conhost.exe
2023-02-25 00:21:54 - Found child process: 15948 Name: node.exe
2023-02-25 00:21:54 - Stopping process 6504
2023-02-25 00:21:54 - Send SIGINT 6504
2023-02-25 00:21:54 - SIGINT to 6504 failed - Killing as fallback
2023-02-25 00:21:54 - Stopping process 15948
2023-02-25 00:21:54 - Send SIGINT 15948
2023-02-25 00:21:54 - SIGINT to 15948 failed - Killing as fallback
2023-02-25 00:21:54 - Stopping process 6552
2023-02-25 00:21:54 - Send SIGINT 6552
2023-02-25 00:21:54 - SIGINT to 6552 failed - Killing as fallback
2023-02-25 00:21:54 - Finished autoweb.exe
2023-02-25 00:24:53 - Starting C:\Program Files\nodejs\node.exe  --harmony --max_old_space_size=4096 D:\node-express\node_modules\node-windows\lib\wrapper.js --file D:\node-express\server.js --scriptoptions= --log "AutoWeb wrapper" --grow 0.25 --wait 1 --maxrestarts 3 --abortonerror n --stopparentfirst undefined
2023-02-25 00:24:53 - Started 12320
2023-02-27 09:57:21 - Stopping autoweb.exe
2023-02-27 09:57:21 - ProcessKill 12320
2023-02-27 09:57:21 - Found child process: 16228 Name: conhost.exe
2023-02-27 09:57:21 - Found child process: 6420 Name: node.exe
2023-02-27 09:57:21 - Stopping process 16228
2023-02-27 09:57:21 - Send SIGINT 16228
2023-02-27 09:57:21 - SIGINT to 16228 failed - Killing as fallback
2023-02-27 09:57:21 - Stopping process 6420
2023-02-27 09:57:21 - Send SIGINT 6420
2023-02-27 09:57:21 - SIGINT to 6420 failed - Killing as fallback
2023-02-27 09:57:21 - Stopping process 12320
2023-02-27 09:57:21 - Send SIGINT 12320
2023-02-27 09:57:21 - SIGINT to 12320 failed - Killing as fallback
2023-02-27 09:57:21 - Finished autoweb.exe
2023-02-27 10:36:07 - Starting C:\Program Files\nodejs\node.exe  --harmony --max_old_space_size=4096 D:\node-express\node_modules\node-windows\lib\wrapper.js --file D:\node-express\server.js --scriptoptions= --log "AutoWeb wrapper" --grow 0.25 --wait 1 --maxrestarts 3 --abortonerror n --stopparentfirst undefined
2023-02-27 10:36:07 - Started 12568
2023-02-27 10:37:03 - Stopping autoweb.exe
2023-02-27 10:37:03 - ProcessKill 12568
2023-02-27 10:37:03 - Found child process: 11804 Name: conhost.exe
2023-02-27 10:37:03 - Found child process: 13172 Name: node.exe
2023-02-27 10:37:03 - Stopping process 11804
2023-02-27 10:37:03 - Send SIGINT 11804
2023-02-27 10:37:03 - SIGINT to 11804 failed - Killing as fallback
2023-02-27 10:37:03 - Stopping process 13172
2023-02-27 10:37:03 - Send SIGINT 13172
2023-02-27 10:37:03 - SIGINT to 13172 failed - Killing as fallback
2023-02-27 10:37:03 - Stopping process 12568
2023-02-27 10:37:03 - Send SIGINT 12568
2023-02-27 10:37:03 - SIGINT to 12568 failed - Killing as fallback
2023-02-27 10:37:03 - Finished autoweb.exe
2023-02-27 10:37:05 - Starting C:\Program Files\nodejs\node.exe  --harmony --max_old_space_size=4096 D:\node-express\node_modules\node-windows\lib\wrapper.js --file D:\node-express\server.js --scriptoptions= --log "AutoWeb wrapper" --grow 0.25 --wait 1 --maxrestarts 3 --abortonerror n --stopparentfirst undefined
2023-02-27 10:37:05 - Started 8368
2023-02-27 10:44:05 - Stopping autoweb.exe
2023-02-27 10:44:05 - ProcessKill 8368
2023-02-27 10:44:06 - Found child process: 15304 Name: conhost.exe
2023-02-27 10:44:06 - Found child process: 14648 Name: node.exe
2023-02-27 10:44:06 - Stopping process 15304
2023-02-27 10:44:06 - Send SIGINT 15304
2023-02-27 10:44:06 - SIGINT to 15304 failed - Killing as fallback
2023-02-27 10:44:06 - Stopping process 14648
2023-02-27 10:44:06 - Send SIGINT 14648
2023-02-27 10:44:06 - SIGINT to 14648 failed - Killing as fallback
2023-02-27 10:44:06 - Stopping process 8368
2023-02-27 10:44:06 - Send SIGINT 8368
2023-02-27 10:44:06 - SIGINT to 8368 failed - Killing as fallback
2023-02-27 10:44:06 - Finished autoweb.exe
2023-02-27 10:44:07 - Starting C:\Program Files\nodejs\node.exe  --harmony --max_old_space_size=4096 D:\node-express\node_modules\node-windows\lib\wrapper.js --file D:\node-express\server.js --scriptoptions= --log "AutoWeb wrapper" --grow 0.25 --wait 1 --maxrestarts 3 --abortonerror n --stopparentfirst undefined
2023-02-27 10:44:07 - Started 1816
2023-02-27 10:50:09 - Stopping autoweb.exe
2023-02-27 10:50:09 - ProcessKill 1816
2023-02-27 10:50:09 - Found child process: 8216 Name: conhost.exe
2023-02-27 10:50:09 - Found child process: 7752 Name: node.exe
2023-02-27 10:50:09 - Stopping process 8216
2023-02-27 10:50:09 - Send SIGINT 8216
2023-02-27 10:50:09 - SIGINT to 8216 failed - Killing as fallback
2023-02-27 10:50:09 - Stopping process 7752
2023-02-27 10:50:09 - Send SIGINT 7752
2023-02-27 10:50:09 - SIGINT to 7752 failed - Killing as fallback
2023-02-27 10:50:09 - Stopping process 1816
2023-02-27 10:50:09 - Send SIGINT 1816
2023-02-27 10:50:09 - SIGINT to 1816 failed - Killing as fallback
2023-02-27 10:50:09 - Finished autoweb.exe
2023-02-27 10:50:19 - Starting C:\Program Files\nodejs\node.exe  --harmony --max_old_space_size=4096 D:\node-express\node_modules\node-windows\lib\wrapper.js --file D:\node-express\server.js --scriptoptions= --log "AutoWeb wrapper" --grow 0.25 --wait 1 --maxrestarts 3 --abortonerror n --stopparentfirst undefined
2023-02-27 10:50:19 - Started 7524
2023-02-27 10:56:00 - Stopping autoweb.exe
2023-02-27 10:56:00 - ProcessKill 7524
2023-02-27 10:56:00 - Found child process: 10212 Name: conhost.exe
2023-02-27 10:56:00 - Found child process: 5652 Name: node.exe
2023-02-27 10:56:00 - Stopping process 10212
2023-02-27 10:56:00 - Send SIGINT 10212
2023-02-27 10:56:00 - SIGINT to 10212 failed - Killing as fallback
2023-02-27 10:56:00 - Stopping process 5652
2023-02-27 10:56:00 - Send SIGINT 5652
2023-02-27 10:56:00 - SIGINT to 5652 failed - Killing as fallback
2023-02-27 10:56:00 - Stopping process 7524
2023-02-27 10:56:00 - Send SIGINT 7524
2023-02-27 10:56:00 - SIGINT to 7524 failed - Killing as fallback
2023-02-27 10:56:00 - Finished autoweb.exe
2023-02-27 10:59:25 - Starting C:\Program Files\nodejs\node.exe  --harmony --max_old_space_size=4096 D:\node-express\node_modules\node-windows\lib\wrapper.js --file D:\node-express\server.js --scriptoptions= --log "AutoWeb wrapper" --grow 0.25 --wait 1 --maxrestarts 3 --abortonerror n --stopparentfirst undefined
2023-02-27 10:59:25 - Started 13748
2023-02-27 13:53:37 - Stopping autoweb.exe
2023-02-27 13:53:37 - ProcessKill 13748
2023-02-27 13:53:37 - Found child process: 14988 Name: conhost.exe
2023-02-27 13:53:37 - Found child process: 11324 Name: node.exe
2023-02-27 13:53:37 - Stopping process 14988
2023-02-27 13:53:37 - Send SIGINT 14988
2023-02-27 13:53:37 - SIGINT to 14988 failed - Killing as fallback
2023-02-27 13:53:37 - Stopping process 11324
2023-02-27 13:53:37 - Send SIGINT 11324
2023-02-27 13:53:37 - SIGINT to 11324 failed - Killing as fallback
2023-02-27 13:53:37 - Stopping process 13748
2023-02-27 13:53:37 - Send SIGINT 13748
2023-02-27 13:53:37 - SIGINT to 13748 failed - Killing as fallback
2023-02-27 13:53:37 - Finished autoweb.exe
2023-02-27 13:53:38 - Starting C:\Program Files\nodejs\node.exe  --harmony --max_old_space_size=4096 D:\node-express\node_modules\node-windows\lib\wrapper.js --file D:\node-express\server.js --scriptoptions= --log "AutoWeb wrapper" --grow 0.25 --wait 1 --maxrestarts 3 --abortonerror n --stopparentfirst undefined
2023-02-27 13:53:38 - Started 12888
2023-02-27 13:58:03 - Stopping autoweb.exe
2023-02-27 13:58:03 - ProcessKill 12888
2023-02-27 13:58:03 - Found child process: 15400 Name: conhost.exe
2023-02-27 13:58:03 - Found child process: 15612 Name: node.exe
2023-02-27 13:58:03 - Stopping process 15400
2023-02-27 13:58:03 - Send SIGINT 15400
2023-02-27 13:58:03 - SIGINT to 15400 failed - Killing as fallback
2023-02-27 13:58:04 - Stopping process 15612
2023-02-27 13:58:04 - Send SIGINT 15612
2023-02-27 13:58:04 - SIGINT to 15612 failed - Killing as fallback
2023-02-27 13:58:04 - Stopping process 12888
2023-02-27 13:58:04 - Send SIGINT 12888
2023-02-27 13:58:04 - SIGINT to 12888 failed - Killing as fallback
2023-02-27 13:58:04 - Finished autoweb.exe
2023-02-27 13:58:05 - Starting C:\Program Files\nodejs\node.exe  --harmony --max_old_space_size=4096 D:\node-express\node_modules\node-windows\lib\wrapper.js --file D:\node-express\server.js --scriptoptions= --log "AutoWeb wrapper" --grow 0.25 --wait 1 --maxrestarts 3 --abortonerror n --stopparentfirst undefined
2023-02-27 13:58:05 - Started 11980
2023-02-27 14:04:28 - Stopping autoweb.exe
2023-02-27 14:04:28 - ProcessKill 11980
2023-02-27 14:04:28 - Found child process: 156 Name: conhost.exe
2023-02-27 14:04:28 - Found child process: 4984 Name: node.exe
2023-02-27 14:04:29 - Stopping process 156
2023-02-27 14:04:29 - Send SIGINT 156
2023-02-27 14:04:29 - SIGINT to 156 failed - Killing as fallback
2023-02-27 14:04:29 - Stopping process 4984
2023-02-27 14:04:29 - Send SIGINT 4984
2023-02-27 14:04:29 - SIGINT to 4984 failed - Killing as fallback
2023-02-27 14:04:29 - Stopping process 11980
2023-02-27 14:04:29 - Send SIGINT 11980
2023-02-27 14:04:29 - SIGINT to 11980 failed - Killing as fallback
2023-02-27 14:04:29 - Finished autoweb.exe
2023-02-27 14:04:30 - Starting C:\Program Files\nodejs\node.exe  --harmony --max_old_space_size=4096 D:\node-express\node_modules\node-windows\lib\wrapper.js --file D:\node-express\server.js --scriptoptions= --log "AutoWeb wrapper" --grow 0.25 --wait 1 --maxrestarts 3 --abortonerror n --stopparentfirst undefined
2023-02-27 14:04:30 - Started 13716
2023-02-27 14:05:25 - Stopping autoweb.exe
2023-02-27 14:05:25 - ProcessKill 13716
2023-02-27 14:05:25 - Found child process: 15180 Name: conhost.exe
2023-02-27 14:05:25 - Found child process: 2100 Name: node.exe
2023-02-27 14:05:25 - Stopping process 15180
2023-02-27 14:05:25 - Send SIGINT 15180
2023-02-27 14:05:25 - SIGINT to 15180 failed - Killing as fallback
2023-02-27 14:05:25 - Stopping process 2100
2023-02-27 14:05:25 - Send SIGINT 2100
2023-02-27 14:05:25 - SIGINT to 2100 failed - Killing as fallback
2023-02-27 14:05:25 - Stopping process 13716
2023-02-27 14:05:25 - Send SIGINT 13716
2023-02-27 14:05:25 - SIGINT to 13716 failed - Killing as fallback
2023-02-27 14:05:25 - Finished autoweb.exe
2023-02-27 14:05:27 - Starting C:\Program Files\nodejs\node.exe  --harmony --max_old_space_size=4096 D:\node-express\node_modules\node-windows\lib\wrapper.js --file D:\node-express\server.js --scriptoptions= --log "AutoWeb wrapper" --grow 0.25 --wait 1 --maxrestarts 3 --abortonerror n --stopparentfirst undefined
2023-02-27 14:05:27 - Started 10120
2023-02-28 08:47:27 - Stopping autoweb.exe
2023-02-28 08:47:27 - ProcessKill 10120
2023-02-28 08:47:27 - Found child process: 2464 Name: conhost.exe
2023-02-28 08:47:27 - Found child process: 6844 Name: node.exe
2023-02-28 08:47:27 - Stopping process 2464
2023-02-28 08:47:27 - Send SIGINT 2464
2023-02-28 08:47:27 - SIGINT to 2464 failed - Killing as fallback
2023-02-28 08:47:27 - Stopping process 6844
2023-02-28 08:47:27 - Send SIGINT 6844
2023-02-28 08:47:27 - SIGINT to 6844 failed - Killing as fallback
2023-02-28 08:47:27 - Stopping process 10120
2023-02-28 08:47:27 - Send SIGINT 10120
2023-02-28 08:47:27 - SIGINT to 10120 failed - Killing as fallback
2023-02-28 08:47:27 - Finished autoweb.exe
2023-02-28 08:47:28 - Starting C:\Program Files\nodejs\node.exe  --harmony --max_old_space_size=4096 D:\node-express\node_modules\node-windows\lib\wrapper.js --file D:\node-express\server.js --scriptoptions= --log "AutoWeb wrapper" --grow 0.25 --wait 1 --maxrestarts 3 --abortonerror n --stopparentfirst undefined
2023-02-28 08:47:28 - Started 13120
2023-02-28 08:48:39 - Stopping autoweb.exe
2023-02-28 08:48:39 - ProcessKill 13120
2023-02-28 08:48:39 - Found child process: 3420 Name: conhost.exe
2023-02-28 08:48:39 - Found child process: 5396 Name: node.exe
2023-02-28 08:48:39 - Stopping process 3420
2023-02-28 08:48:39 - Send SIGINT 3420
2023-02-28 08:48:39 - SIGINT to 3420 failed - Killing as fallback
2023-02-28 08:48:39 - Stopping process 5396
2023-02-28 08:48:39 - Send SIGINT 5396
2023-02-28 08:48:39 - SIGINT to 5396 failed - Killing as fallback
2023-02-28 08:48:39 - Stopping process 13120
2023-02-28 08:48:39 - Send SIGINT 13120
2023-02-28 08:48:39 - SIGINT to 13120 failed - Killing as fallback
2023-02-28 08:48:39 - Finished autoweb.exe
2023-02-28 08:48:40 - Starting C:\Program Files\nodejs\node.exe  --harmony --max_old_space_size=4096 D:\node-express\node_modules\node-windows\lib\wrapper.js --file D:\node-express\server.js --scriptoptions= --log "AutoWeb wrapper" --grow 0.25 --wait 1 --maxrestarts 3 --abortonerror n --stopparentfirst undefined
2023-02-28 08:48:40 - Started 16120
2023-02-28 08:51:00 - Stopping autoweb.exe
2023-02-28 08:51:00 - ProcessKill 16120
2023-02-28 08:51:00 - Found child process: 14424 Name: conhost.exe
2023-02-28 08:51:00 - Found child process: 9380 Name: node.exe
2023-02-28 08:51:00 - Stopping process 14424
2023-02-28 08:51:00 - Send SIGINT 14424
2023-02-28 08:51:00 - SIGINT to 14424 failed - Killing as fallback
2023-02-28 08:51:00 - Stopping process 9380
2023-02-28 08:51:00 - Send SIGINT 9380
2023-02-28 08:51:00 - SIGINT to 9380 failed - Killing as fallback
2023-02-28 08:51:00 - Stopping process 16120
2023-02-28 08:51:00 - Send SIGINT 16120
2023-02-28 08:51:00 - SIGINT to 16120 failed - Killing as fallback
2023-02-28 08:51:00 - Finished autoweb.exe
2023-02-28 08:51:01 - Starting C:\Program Files\nodejs\node.exe  --harmony --max_old_space_size=4096 D:\node-express\node_modules\node-windows\lib\wrapper.js --file D:\node-express\server.js --scriptoptions= --log "AutoWeb wrapper" --grow 0.25 --wait 1 --maxrestarts 3 --abortonerror n --stopparentfirst undefined
2023-02-28 08:51:01 - Started 12284
2023-02-28 08:54:15 - Stopping autoweb.exe
2023-02-28 08:54:15 - ProcessKill 12284
2023-02-28 08:54:16 - Found child process: 5552 Name: conhost.exe
2023-02-28 08:54:16 - Found child process: 8196 Name: node.exe
2023-02-28 08:54:16 - Stopping process 5552
2023-02-28 08:54:16 - Send SIGINT 5552
2023-02-28 08:54:16 - SIGINT to 5552 failed - Killing as fallback
2023-02-28 08:54:16 - Stopping process 8196
2023-02-28 08:54:16 - Send SIGINT 8196
2023-02-28 08:54:16 - SIGINT to 8196 failed - Killing as fallback
2023-02-28 08:54:16 - Stopping process 12284
2023-02-28 08:54:16 - Send SIGINT 12284
2023-02-28 08:54:16 - SIGINT to 12284 failed - Killing as fallback
2023-02-28 08:54:16 - Finished autoweb.exe
2023-02-28 08:57:57 - Starting C:\Program Files\nodejs\node.exe  --harmony --max_old_space_size=4096 D:\node-express\node_modules\node-windows\lib\wrapper.js --file D:\node-express\server.js --scriptoptions= --log "AutoWeb wrapper" --grow 0.25 --wait 1 --maxrestarts 3 --abortonerror n --stopparentfirst undefined
2023-02-28 08:57:57 - Started 15052
2023-03-01 17:19:28 - Stopping autoweb.exe
2023-03-01 17:19:28 - ProcessKill 15052
2023-03-01 17:19:28 - Found child process: 5124 Name: conhost.exe
2023-03-01 17:19:28 - Found child process: 14636 Name: node.exe
2023-03-01 17:19:28 - Stopping process 5124
2023-03-01 17:19:28 - Send SIGINT 5124
2023-03-01 17:19:28 - SIGINT to 5124 failed - Killing as fallback
2023-03-01 17:19:28 - Stopping process 14636
2023-03-01 17:19:28 - Send SIGINT 14636
2023-03-01 17:19:28 - SIGINT to 14636 failed - Killing as fallback
2023-03-01 17:19:28 - Stopping process 15052
2023-03-01 17:19:28 - Send SIGINT 15052
2023-03-01 17:19:28 - SIGINT to 15052 failed - Killing as fallback
2023-03-01 17:19:28 - Finished autoweb.exe
2023-03-01 17:19:29 - Starting C:\Program Files\nodejs\node.exe  --harmony --max_old_space_size=4096 D:\node-express\node_modules\node-windows\lib\wrapper.js --file D:\node-express\server.js --scriptoptions= --log "AutoWeb wrapper" --grow 0.25 --wait 1 --maxrestarts 3 --abortonerror n --stopparentfirst undefined
2023-03-01 17:19:29 - Started 11180
2023-03-01 19:40:01 - Starting C:\Program Files\nodejs\node.exe  --harmony --max_old_space_size=4096 D:\node-express\node_modules\node-windows\lib\wrapper.js --file D:\node-express\server.js --scriptoptions= --log "AutoWeb wrapper" --grow 0.25 --wait 1 --maxrestarts 3 --abortonerror n --stopparentfirst undefined
2023-03-01 19:40:01 - Started 15092
2023-03-09 14:40:58 - Stopping autoweb.exe
2023-03-09 14:40:58 - ProcessKill 15092
2023-03-09 14:40:58 - Found child process: 10352 Name: conhost.exe
2023-03-09 14:40:58 - Found child process: 3964 Name: node.exe
2023-03-09 14:40:58 - Stopping process 10352
2023-03-09 14:40:58 - Send SIGINT 10352
2023-03-09 14:40:58 - SIGINT to 10352 failed - Killing as fallback
2023-03-09 14:40:58 - Stopping process 3964
2023-03-09 14:40:58 - Send SIGINT 3964
2023-03-09 14:40:58 - SIGINT to 3964 failed - Killing as fallback
2023-03-09 14:40:58 - Stopping process 15092
2023-03-09 14:40:58 - Send SIGINT 15092
2023-03-09 14:40:58 - SIGINT to 15092 failed - Killing as fallback
2023-03-09 14:40:58 - Finished autoweb.exe
2023-03-09 18:22:32 - Starting C:\Program Files\nodejs\node.exe  --harmony --max_old_space_size=4096 D:\node-express\node_modules\node-windows\lib\wrapper.js --file D:\node-express\server.js --scriptoptions= --log "AutoWeb wrapper" --grow 0.25 --wait 1 --maxrestarts 3 --abortonerror n --stopparentfirst undefined
2023-03-09 18:22:33 - Started 10228
2023-03-20 09:46:48 - Starting C:\Program Files\nodejs\node.exe  --harmony --max_old_space_size=4096 D:\node-express\node_modules\node-windows\lib\wrapper.js --file D:\node-express\server.js --scriptoptions= --log "AutoWeb wrapper" --grow 0.25 --wait 1 --maxrestarts 3 --abortonerror n --stopparentfirst undefined
2023-03-20 09:46:48 - Started 5748
2023-04-18 11:01:24 - Starting C:\Program Files\nodejs\node.exe  --harmony --max_old_space_size=4096 D:\node-express\node_modules\node-windows\lib\wrapper.js --file D:\node-express\server.js --scriptoptions= --log "AutoWeb wrapper" --grow 0.25 --wait 1 --maxrestarts 3 --abortonerror n --stopparentfirst undefined
2023-04-18 11:01:24 - Started 16816
2023-04-18 16:26:21 - Stopping autoweb.exe
2023-04-18 16:26:21 - ProcessKill 16816
2023-04-18 16:26:21 - Found child process: 13320 Name: conhost.exe
2023-04-18 16:26:21 - Found child process: 15552 Name: node.exe
2023-04-18 16:26:21 - Stopping process 13320
2023-04-18 16:26:21 - Send SIGINT 13320
2023-04-18 16:26:21 - SIGINT to 13320 failed - Killing as fallback
2023-04-18 16:26:21 - Stopping process 15552
2023-04-18 16:26:21 - Send SIGINT 15552
2023-04-18 16:26:21 - SIGINT to 15552 failed - Killing as fallback
2023-04-18 16:26:21 - Stopping process 16816
2023-04-18 16:26:21 - Send SIGINT 16816
2023-04-18 16:26:21 - SIGINT to 16816 failed - Killing as fallback
2023-04-18 16:26:21 - Finished autoweb.exe
2023-04-18 16:26:22 - Starting C:\Program Files\nodejs\node.exe  --harmony --max_old_space_size=4096 D:\node-express\node_modules\node-windows\lib\wrapper.js --file D:\node-express\server.js --scriptoptions= --log "AutoWeb wrapper" --grow 0.25 --wait 1 --maxrestarts 3 --abortonerror n --stopparentfirst undefined
2023-04-18 16:26:22 - Started 13596
2023-05-15 14:18:53 - Stopping autoweb.exe
2023-05-15 14:18:53 - ProcessKill 13596
2023-05-15 14:18:53 - Found child process: 8408 Name: conhost.exe
2023-05-15 14:18:53 - Found child process: 16876 Name: node.exe
2023-05-15 14:18:53 - Stopping process 8408
2023-05-15 14:18:53 - Send SIGINT 8408
2023-05-15 14:18:53 - SIGINT to 8408 failed - Killing as fallback
2023-05-15 14:18:53 - Stopping process 16876
2023-05-15 14:18:53 - Send SIGINT 16876
2023-05-15 14:18:53 - SIGINT to 16876 failed - Killing as fallback
2023-05-15 14:18:53 - Stopping process 13596
2023-05-15 14:18:53 - Send SIGINT 13596
2023-05-15 14:18:53 - SIGINT to 13596 failed - Killing as fallback
2023-05-15 14:18:53 - Finished autoweb.exe
2023-05-15 14:18:55 - Starting C:\Program Files\nodejs\node.exe  --harmony --max_old_space_size=4096 D:\node-express\node_modules\node-windows\lib\wrapper.js --file D:\node-express\server.js --scriptoptions= --log "AutoWeb wrapper" --grow 0.25 --wait 1 --maxrestarts 3 --abortonerror n --stopparentfirst undefined
2023-05-15 14:18:55 - Started 13472
2023-05-15 14:20:49 - Stopping autoweb.exe
2023-05-15 14:20:49 - ProcessKill 13472
2023-05-15 14:20:49 - Found child process: 17296 Name: conhost.exe
2023-05-15 14:20:49 - Found child process: 15192 Name: node.exe
2023-05-15 14:20:50 - Stopping process 17296
2023-05-15 14:20:50 - Send SIGINT 17296
2023-05-15 14:20:50 - SIGINT to 17296 failed - Killing as fallback
2023-05-15 14:20:50 - Stopping process 15192
2023-05-15 14:20:50 - Send SIGINT 15192
2023-05-15 14:20:50 - SIGINT to 15192 failed - Killing as fallback
2023-05-15 14:20:50 - Stopping process 13472
2023-05-15 14:20:50 - Send SIGINT 13472
2023-05-15 14:20:50 - SIGINT to 13472 failed - Killing as fallback
2023-05-15 14:20:50 - Finished autoweb.exe
2023-05-15 14:20:51 - Starting C:\Program Files\nodejs\node.exe  --harmony --max_old_space_size=4096 D:\node-express\node_modules\node-windows\lib\wrapper.js --file D:\node-express\server.js --scriptoptions= --log "AutoWeb wrapper" --grow 0.25 --wait 1 --maxrestarts 3 --abortonerror n --stopparentfirst undefined
2023-05-15 14:20:51 - Started 3824
2023-06-05 15:08:33 - Stopping autoweb.exe
2023-06-05 15:08:33 - ProcessKill 3824
2023-06-05 15:08:33 - Shutdown exception
Message:A system shutdown is in progress. (Exception from HRESULT: 0x8007045B)
Stacktrace:   at System.Runtime.InteropServices.Marshal.ThrowExceptionForHRInternal(Int32 errorCode, IntPtr errorInfo)
   at System.Management.ManagementScope.InitializeGuts(Object o)
   at System.Management.ManagementScope.Initialize()
   at System.Management.ManagementObjectSearcher.Initialize()
   at System.Management.ManagementObjectSearcher.Get()
   at winsw.WrapperService.GetChildPids(Int32 pid)
   at winsw.WrapperService.StopProcessAndChildren(Int32 pid)
   at winsw.WrapperService.StopIt()
   at winsw.WrapperService.OnShutdown()
2023-06-05 15:08:56 - Starting C:\Program Files\nodejs\node.exe  --harmony --max_old_space_size=4096 D:\node-express\node_modules\node-windows\lib\wrapper.js --file D:\node-express\server.js --scriptoptions= --log "AutoWeb wrapper" --grow 0.25 --wait 1 --maxrestarts 3 --abortonerror n --stopparentfirst undefined
2023-06-05 15:08:56 - Started 4760
2023-06-19 17:41:16 - Stopping autoweb.exe
2023-06-19 17:41:16 - ProcessKill 4760
2023-06-19 17:41:16 - Shutdown exception
Message:A system shutdown is in progress. (Exception from HRESULT: 0x8007045B)
Stacktrace:   at System.Runtime.InteropServices.Marshal.ThrowExceptionForHRInternal(Int32 errorCode, IntPtr errorInfo)
   at System.Management.ManagementScope.InitializeGuts(Object o)
   at System.Management.ManagementScope.Initialize()
   at System.Management.ManagementObjectSearcher.Initialize()
   at System.Management.ManagementObjectSearcher.Get()
   at winsw.WrapperService.GetChildPids(Int32 pid)
   at winsw.WrapperService.StopProcessAndChildren(Int32 pid)
   at winsw.WrapperService.StopIt()
   at winsw.WrapperService.OnShutdown()
2023-06-19 17:41:40 - Starting C:\Program Files\nodejs\node.exe  --harmony --max_old_space_size=4096 D:\node-express\node_modules\node-windows\lib\wrapper.js --file D:\node-express\server.js --scriptoptions= --log "AutoWeb wrapper" --grow 0.25 --wait 1 --maxrestarts 3 --abortonerror n --stopparentfirst undefined
2023-06-19 17:41:40 - Started 4588
2023-07-17 10:19:15 - Stopping autoweb.exe
2023-07-17 10:19:15 - ProcessKill 4588
2023-07-17 10:19:15 - Found child process: 4624 Name: conhost.exe
2023-07-17 10:19:15 - Found child process: 5740 Name: node.exe
2023-07-17 10:19:15 - Stopping process 4624
2023-07-17 10:19:15 - Send SIGINT 4624
2023-07-17 10:19:15 - SIGINT to 4624 failed - Killing as fallback
2023-07-17 10:19:15 - Stopping process 5740
2023-07-17 10:19:15 - Send SIGINT 5740
2023-07-17 10:19:15 - SIGINT to 5740 failed - Killing as fallback
2023-07-17 10:19:15 - Stopping process 4588
2023-07-17 10:19:15 - Send SIGINT 4588
2023-07-17 10:19:15 - SIGINT to 4588 failed - Killing as fallback
2023-07-17 10:19:15 - Finished autoweb.exe
2023-07-17 10:19:16 - Starting C:\Program Files\nodejs\node.exe  --harmony --max_old_space_size=4096 D:\node-express\node_modules\node-windows\lib\wrapper.js --file D:\node-express\server.js --scriptoptions= --log "AutoWeb wrapper" --grow 0.25 --wait 1 --maxrestarts 3 --abortonerror n --stopparentfirst undefined
2023-07-17 10:19:16 - Started 432
2023-07-17 10:47:52 - Stopping autoweb.exe
2023-07-17 10:47:52 - ProcessKill 432
2023-07-17 10:47:52 - Found child process: 4784 Name: conhost.exe
2023-07-17 10:47:52 - Found child process: 5952 Name: node.exe
2023-07-17 10:47:53 - Stopping process 4784
2023-07-17 10:47:53 - Send SIGINT 4784
2023-07-17 10:47:53 - SIGINT to 4784 failed - Killing as fallback
2023-07-17 10:47:53 - Stopping process 5952
2023-07-17 10:47:53 - Send SIGINT 5952
2023-07-17 10:47:53 - SIGINT to 5952 failed - Killing as fallback
2023-07-17 10:47:53 - Stopping process 432
2023-07-17 10:47:53 - Send SIGINT 432
2023-07-17 10:47:53 - SIGINT to 432 failed - Killing as fallback
2023-07-17 10:47:53 - Finished autoweb.exe
2023-07-17 10:47:54 - Starting C:\Program Files\nodejs\node.exe  --harmony --max_old_space_size=4096 D:\node-express\node_modules\node-windows\lib\wrapper.js --file D:\node-express\server.js --scriptoptions= --log "AutoWeb wrapper" --grow 0.25 --wait 1 --maxrestarts 3 --abortonerror n --stopparentfirst undefined
2023-07-17 10:47:54 - Started 7180
2023-07-17 14:19:46 - Stopping autoweb.exe
2023-07-17 14:19:46 - ProcessKill 7180
2023-07-17 14:19:46 - Found child process: 2104 Name: conhost.exe
2023-07-17 14:19:46 - Found child process: 9504 Name: node.exe
2023-07-17 14:19:46 - Stopping process 2104
2023-07-17 14:19:46 - Send SIGINT 2104
2023-07-17 14:19:46 - SIGINT to 2104 failed - Killing as fallback
2023-07-17 14:19:46 - Stopping process 9504
2023-07-17 14:19:46 - Send SIGINT 9504
2023-07-17 14:19:46 - SIGINT to 9504 failed - Killing as fallback
2023-07-17 14:19:46 - Stopping process 7180
2023-07-17 14:19:46 - Send SIGINT 7180
2023-07-17 14:19:46 - SIGINT to 7180 failed - Killing as fallback
2023-07-17 14:19:46 - Finished autoweb.exe
2023-07-17 14:19:48 - Starting C:\Program Files\nodejs\node.exe  --harmony --max_old_space_size=4096 D:\node-express\node_modules\node-windows\lib\wrapper.js --file D:\node-express\server.js --scriptoptions= --log "AutoWeb wrapper" --grow 0.25 --wait 1 --maxrestarts 3 --abortonerror n --stopparentfirst undefined
2023-07-17 14:19:48 - Started 9832
2023-07-17 14:28:35 - Stopping autoweb.exe
2023-07-17 14:28:35 - ProcessKill 9832
2023-07-17 14:28:35 - Found child process: 9680 Name: conhost.exe
2023-07-17 14:28:35 - Found child process: 11080 Name: node.exe
2023-07-17 14:28:35 - Stopping process 9680
2023-07-17 14:28:35 - Send SIGINT 9680
2023-07-17 14:28:35 - SIGINT to 9680 failed - Killing as fallback
2023-07-17 14:28:35 - Stopping process 11080
2023-07-17 14:28:35 - Send SIGINT 11080
2023-07-17 14:28:35 - SIGINT to 11080 failed - Killing as fallback
2023-07-17 14:28:35 - Stopping process 9832
2023-07-17 14:28:35 - Send SIGINT 9832
2023-07-17 14:28:35 - SIGINT to 9832 failed - Killing as fallback
2023-07-17 14:28:35 - Finished autoweb.exe
2023-07-17 14:28:36 - Starting C:\Program Files\nodejs\node.exe  --harmony --max_old_space_size=4096 D:\node-express\node_modules\node-windows\lib\wrapper.js --file D:\node-express\server.js --scriptoptions= --log "AutoWeb wrapper" --grow 0.25 --wait 1 --maxrestarts 3 --abortonerror n --stopparentfirst undefined
2023-07-17 14:28:36 - Started 10212
2023-07-17 14:33:12 - Stopping autoweb.exe
2023-07-17 14:33:12 - ProcessKill 10212
2023-07-17 14:33:12 - Found child process: 7316 Name: conhost.exe
2023-07-17 14:33:12 - Found child process: 8172 Name: node.exe
2023-07-17 14:33:12 - Stopping process 7316
2023-07-17 14:33:12 - Send SIGINT 7316
2023-07-17 14:33:12 - SIGINT to 7316 failed - Killing as fallback
2023-07-17 14:33:12 - Stopping process 8172
2023-07-17 14:33:12 - Send SIGINT 8172
2023-07-17 14:33:12 - SIGINT to 8172 failed - Killing as fallback
2023-07-17 14:33:12 - Stopping process 10212
2023-07-17 14:33:12 - Send SIGINT 10212
2023-07-17 14:33:12 - SIGINT to 10212 failed - Killing as fallback
2023-07-17 14:33:12 - Finished autoweb.exe
2023-07-17 14:33:14 - Starting C:\Program Files\nodejs\node.exe  --harmony --max_old_space_size=4096 D:\node-express\node_modules\node-windows\lib\wrapper.js --file D:\node-express\server.js --scriptoptions= --log "AutoWeb wrapper" --grow 0.25 --wait 1 --maxrestarts 3 --abortonerror n --stopparentfirst undefined
2023-07-17 14:33:14 - Started 10452
2023-07-17 14:34:16 - Stopping autoweb.exe
2023-07-17 14:34:16 - ProcessKill 10452
2023-07-17 14:34:16 - Found child process: 6864 Name: conhost.exe
2023-07-17 14:34:16 - Found child process: 7492 Name: node.exe
2023-07-17 14:34:16 - Stopping process 6864
2023-07-17 14:34:16 - Send SIGINT 6864
2023-07-17 14:34:16 - SIGINT to 6864 failed - Killing as fallback
2023-07-17 14:34:16 - Stopping process 7492
2023-07-17 14:34:16 - Send SIGINT 7492
2023-07-17 14:34:16 - SIGINT to 7492 failed - Killing as fallback
2023-07-17 14:34:16 - Stopping process 10452
2023-07-17 14:34:16 - Send SIGINT 10452
2023-07-17 14:34:16 - SIGINT to 10452 failed - Killing as fallback
2023-07-17 14:34:16 - Finished autoweb.exe
2023-07-17 14:34:18 - Starting C:\Program Files\nodejs\node.exe  --harmony --max_old_space_size=4096 D:\node-express\node_modules\node-windows\lib\wrapper.js --file D:\node-express\server.js --scriptoptions= --log "AutoWeb wrapper" --grow 0.25 --wait 1 --maxrestarts 3 --abortonerror n --stopparentfirst undefined
2023-07-17 14:34:18 - Started 4912
2023-07-17 14:35:52 - Stopping autoweb.exe
2023-07-17 14:35:52 - ProcessKill 4912
2023-07-17 14:35:52 - Found child process: 9268 Name: conhost.exe
2023-07-17 14:35:52 - Found child process: 3084 Name: node.exe
2023-07-17 14:35:52 - Stopping process 9268
2023-07-17 14:35:52 - Send SIGINT 9268
2023-07-17 14:35:52 - SIGINT to 9268 failed - Killing as fallback
2023-07-17 14:35:52 - Stopping process 3084
2023-07-17 14:35:52 - Send SIGINT 3084
2023-07-17 14:35:52 - SIGINT to 3084 failed - Killing as fallback
2023-07-17 14:35:52 - Stopping process 4912
2023-07-17 14:35:52 - Send SIGINT 4912
2023-07-17 14:35:52 - SIGINT to 4912 failed - Killing as fallback
2023-07-17 14:35:52 - Finished autoweb.exe
2023-07-17 14:35:53 - Starting C:\Program Files\nodejs\node.exe  --harmony --max_old_space_size=4096 D:\node-express\node_modules\node-windows\lib\wrapper.js --file D:\node-express\server.js --scriptoptions= --log "AutoWeb wrapper" --grow 0.25 --wait 1 --maxrestarts 3 --abortonerror n --stopparentfirst undefined
2023-07-17 14:35:53 - Started 10636
2023-09-21 14:58:34 - Stopping autoweb.exe
2023-09-21 14:58:34 - ProcessKill 10636
2023-09-21 14:58:34 - Found child process: 1788 Name: conhost.exe
2023-09-21 14:58:34 - Found child process: 5000 Name: node.exe
2023-09-21 14:58:34 - Stopping process 1788
2023-09-21 14:58:34 - Send SIGINT 1788
2023-09-21 14:58:34 - SIGINT to 1788 failed - Killing as fallback
2023-09-21 14:58:34 - Stopping process 5000
2023-09-21 14:58:34 - Send SIGINT 5000
2023-09-21 14:58:34 - SIGINT to 5000 failed - Killing as fallback
2023-09-21 14:58:34 - Stopping process 10636
2023-09-21 14:58:34 - Send SIGINT 10636
2023-09-21 14:58:34 - SIGINT to 10636 failed - Killing as fallback
2023-09-21 14:58:34 - Finished autoweb.exe
2023-09-21 14:58:35 - Starting C:\Program Files\nodejs\node.exe  --harmony --max_old_space_size=4096 D:\node-express\node_modules\node-windows\lib\wrapper.js --file D:\node-express\server.js --scriptoptions= --log "AutoWeb wrapper" --grow 0.25 --wait 1 --maxrestarts 3 --abortonerror n --stopparentfirst undefined
2023-09-21 14:58:35 - Started 10964
2023-09-21 15:29:10 - Stopping autoweb.exe
2023-09-21 15:29:10 - ProcessKill 10964
2023-09-21 15:29:10 - Found child process: 8804 Name: conhost.exe
2023-09-21 15:29:10 - Found child process: 11960 Name: node.exe
2023-09-21 15:29:10 - Stopping process 8804
2023-09-21 15:29:10 - Send SIGINT 8804
2023-09-21 15:29:10 - SIGINT to 8804 failed - Killing as fallback
2023-09-21 15:29:10 - Stopping process 11960
2023-09-21 15:29:10 - Send SIGINT 11960
2023-09-21 15:29:10 - SIGINT to 11960 failed - Killing as fallback
2023-09-21 15:29:10 - Stopping process 10964
2023-09-21 15:29:10 - Send SIGINT 10964
2023-09-21 15:29:10 - SIGINT to 10964 failed - Killing as fallback
2023-09-21 15:29:10 - Finished autoweb.exe
2023-09-21 15:29:11 - Starting C:\Program Files\nodejs\node.exe  --harmony --max_old_space_size=4096 D:\node-express\node_modules\node-windows\lib\wrapper.js --file D:\node-express\server.js --scriptoptions= --log "AutoWeb wrapper" --grow 0.25 --wait 1 --maxrestarts 3 --abortonerror n --stopparentfirst undefined
2023-09-21 15:29:11 - Started 3736
2023-09-21 15:44:40 - Stopping autoweb.exe
2023-09-21 15:44:40 - ProcessKill 3736
2023-09-21 15:44:40 - Found child process: 6244 Name: conhost.exe
2023-09-21 15:44:40 - Found child process: 4452 Name: node.exe
2023-09-21 15:44:40 - Stopping process 6244
2023-09-21 15:44:40 - Send SIGINT 6244
2023-09-21 15:44:40 - SIGINT to 6244 failed - Killing as fallback
2023-09-21 15:44:40 - Stopping process 4452
2023-09-21 15:44:40 - Send SIGINT 4452
2023-09-21 15:44:40 - SIGINT to 4452 failed - Killing as fallback
2023-09-21 15:44:40 - Stopping process 3736
2023-09-21 15:44:40 - Send SIGINT 3736
2023-09-21 15:44:40 - SIGINT to 3736 failed - Killing as fallback
2023-09-21 15:44:40 - Finished autoweb.exe
2023-09-21 15:44:42 - Starting C:\Program Files\nodejs\node.exe  --harmony --max_old_space_size=4096 D:\node-express\node_modules\node-windows\lib\wrapper.js --file D:\node-express\server.js --scriptoptions= --log "AutoWeb wrapper" --grow 0.25 --wait 1 --maxrestarts 3 --abortonerror n --stopparentfirst undefined
2023-09-21 15:44:42 - Started 5276
2023-09-21 15:49:18 - Stopping autoweb.exe
2023-09-21 15:49:18 - ProcessKill 5276
2023-09-21 15:49:18 - Found child process: 10524 Name: conhost.exe
2023-09-21 15:49:18 - Found child process: 11608 Name: node.exe
2023-09-21 15:49:18 - Stopping process 10524
2023-09-21 15:49:18 - Send SIGINT 10524
2023-09-21 15:49:18 - SIGINT to 10524 failed - Killing as fallback
2023-09-21 15:49:18 - Stopping process 11608
2023-09-21 15:49:18 - Send SIGINT 11608
2023-09-21 15:49:18 - SIGINT to 11608 failed - Killing as fallback
2023-09-21 15:49:18 - Stopping process 5276
2023-09-21 15:49:18 - Send SIGINT 5276
2023-09-21 15:49:18 - SIGINT to 5276 failed - Killing as fallback
2023-09-21 15:49:18 - Finished autoweb.exe
2023-09-21 15:49:20 - Starting C:\Program Files\nodejs\node.exe  --harmony --max_old_space_size=4096 D:\node-express\node_modules\node-windows\lib\wrapper.js --file D:\node-express\server.js --scriptoptions= --log "AutoWeb wrapper" --grow 0.25 --wait 1 --maxrestarts 3 --abortonerror n --stopparentfirst undefined
2023-09-21 15:49:20 - Started 3184
2023-09-21 16:14:26 - Stopping autoweb.exe
2023-09-21 16:14:26 - ProcessKill 3184
2023-09-21 16:14:26 - Found child process: 11692 Name: conhost.exe
2023-09-21 16:14:26 - Found child process: 5372 Name: node.exe
2023-09-21 16:14:26 - Stopping process 11692
2023-09-21 16:14:26 - Send SIGINT 11692
2023-09-21 16:14:26 - SIGINT to 11692 failed - Killing as fallback
2023-09-21 16:14:27 - Stopping process 5372
2023-09-21 16:14:27 - Send SIGINT 5372
2023-09-21 16:14:27 - SIGINT to 5372 failed - Killing as fallback
2023-09-21 16:14:27 - Stopping process 3184
2023-09-21 16:14:27 - Send SIGINT 3184
2023-09-21 16:14:27 - SIGINT to 3184 failed - Killing as fallback
2023-09-21 16:14:27 - Finished autoweb.exe
2023-09-21 16:14:28 - Starting C:\Program Files\nodejs\node.exe  --harmony --max_old_space_size=4096 D:\node-express\node_modules\node-windows\lib\wrapper.js --file D:\node-express\server.js --scriptoptions= --log "AutoWeb wrapper" --grow 0.25 --wait 1 --maxrestarts 3 --abortonerror n --stopparentfirst undefined
2023-09-21 16:14:28 - Started 11136
2023-10-17 15:18:30 - Stopping autoweb.exe
2023-10-17 15:18:30 - ProcessKill 11136
2023-10-17 15:18:31 - Shutdown exception
Message:A system shutdown is in progress. (Exception from HRESULT: 0x8007045B)
Stacktrace:   at System.Runtime.InteropServices.Marshal.ThrowExceptionForHRInternal(Int32 errorCode, IntPtr errorInfo)
   at System.Management.ManagementScope.InitializeGuts(Object o)
   at System.Management.ManagementScope.Initialize()
   at System.Management.ManagementObjectSearcher.Initialize()
   at System.Management.ManagementObjectSearcher.Get()
   at winsw.WrapperService.GetChildPids(Int32 pid)
   at winsw.WrapperService.StopProcessAndChildren(Int32 pid)
   at winsw.WrapperService.StopIt()
   at winsw.WrapperService.OnShutdown()
2023-10-17 15:18:55 - Starting C:\Program Files\nodejs\node.exe  --harmony --max_old_space_size=4096 D:\node-express\node_modules\node-windows\lib\wrapper.js --file D:\node-express\server.js --scriptoptions= --log "AutoWeb wrapper" --grow 0.25 --wait 1 --maxrestarts 3 --abortonerror n --stopparentfirst undefined
2023-10-17 15:18:58 - Started 5656
2023-10-30 16:41:30 - Stopping autoweb.exe
2023-10-30 16:41:30 - ProcessKill 5656
2023-10-30 16:41:30 - Found child process: 5668 Name: conhost.exe
2023-10-30 16:41:30 - Found child process: 5996 Name: node.exe
2023-10-30 16:41:30 - Stopping process 5668
2023-10-30 16:41:30 - Send SIGINT 5668
2023-10-30 16:41:30 - SIGINT to 5668 failed - Killing as fallback
2023-10-30 16:41:30 - Stopping process 5996
2023-10-30 16:41:30 - Send SIGINT 5996
2023-10-30 16:41:30 - SIGINT to 5996 failed - Killing as fallback
2023-10-30 16:41:30 - Stopping process 5656
2023-10-30 16:41:30 - Send SIGINT 5656
2023-10-30 16:41:30 - SIGINT to 5656 failed - Killing as fallback
2023-10-30 16:41:30 - Finished autoweb.exe
2023-10-30 16:41:31 - Starting C:\Program Files\nodejs\node.exe  --harmony --max_old_space_size=4096 D:\node-express\node_modules\node-windows\lib\wrapper.js --file D:\node-express\server.js --scriptoptions= --log "AutoWeb wrapper" --grow 0.25 --wait 1 --maxrestarts 3 --abortonerror n --stopparentfirst undefined
2023-10-30 16:41:31 - Started 2660
2023-10-30 16:41:46 - Starting C:\Program Files\nodejs\node.exe  --harmony --max_old_space_size=4096 D:\node-express\node_modules\node-windows\lib\wrapper.js --file D:\node-express\server.js --scriptoptions= --log "AutoWeb wrapper" --grow 0.25 --wait 1 --maxrestarts 3 --abortonerror n --stopparentfirst undefined
2023-10-30 16:41:46 - Started 2716
2023-10-30 16:44:32 - Starting C:\Program Files\nodejs\node.exe  --harmony --max_old_space_size=4096 D:\node-express\node_modules\node-windows\lib\wrapper.js --file D:\node-express\server.js --scriptoptions= --log "AutoWeb wrapper" --grow 0.25 --wait 1 --maxrestarts 3 --abortonerror n --stopparentfirst undefined
2023-10-30 16:44:32 - Started 10064
2023-11-15 11:00:26 - Stopping autoweb.exe
2023-11-15 11:00:26 - ProcessKill 10064
2023-11-15 11:00:26 - Found child process: 9716 Name: conhost.exe
2023-11-15 11:00:26 - Found child process: 9788 Name: node.exe
2023-11-15 11:00:26 - Stopping process 9716
2023-11-15 11:00:26 - Send SIGINT 9716
2023-11-15 11:00:26 - SIGINT to 9716 failed - Killing as fallback
2023-11-15 11:00:26 - Stopping process 9788
2023-11-15 11:00:26 - Send SIGINT 9788
2023-11-15 11:00:26 - SIGINT to 9788 failed - Killing as fallback
2023-11-15 11:00:26 - Stopping process 10064
2023-11-15 11:00:26 - Send SIGINT 10064
2023-11-15 11:00:26 - SIGINT to 10064 failed - Killing as fallback
2023-11-15 11:00:26 - Finished autoweb.exe
2023-11-15 11:24:41 - Starting C:\Program Files\nodejs\node.exe  --harmony --max_old_space_size=4096 D:\node-express\node_modules\node-windows\lib\wrapper.js --file D:\node-express\server.js --scriptoptions= --log "AutoWeb wrapper" --grow 0.25 --wait 1 --maxrestarts 3 --abortonerror n --stopparentfirst undefined
2023-11-15 11:24:41 - Started 10528
2023-11-15 11:30:26 - Stopping autoweb.exe
2023-11-15 11:30:26 - ProcessKill 10528
2023-11-15 11:30:26 - Found child process: 7156 Name: conhost.exe
2023-11-15 11:30:26 - Found child process: 1876 Name: node.exe
2023-11-15 11:30:26 - Found child process: 7520 Name: UpdaterUI.exe
2023-11-15 11:30:26 - Found child process: 10268 Name: mctray.exe
2023-11-15 11:30:26 - Stopping process 10268
2023-11-15 11:30:26 - Send SIGINT 10268
2023-11-15 11:30:26 - SIGINT to 10268 failed - Killing as fallback
2023-11-15 11:30:26 - Stopping process 7520
2023-11-15 11:30:26 - Send SIGINT 7520
2023-11-15 11:30:26 - SIGINT to 7520 failed - Killing as fallback
2023-11-15 11:30:26 - Stopping process 7156
2023-11-15 11:30:26 - Send SIGINT 7156
2023-11-15 11:30:26 - SIGINT to 7156 failed - Killing as fallback
2023-11-15 11:30:26 - Stopping process 1876
2023-11-15 11:30:26 - Send SIGINT 1876
2023-11-15 11:30:26 - SIGINT to 1876 failed - Killing as fallback
2023-11-15 11:30:26 - Stopping process 10528
2023-11-15 11:30:26 - Send SIGINT 10528
2023-11-15 11:30:26 - SIGINT to 10528 failed - Killing as fallback
2023-11-15 11:30:26 - Finished autoweb.exe
2023-11-15 11:30:27 - Starting C:\Program Files\nodejs\node.exe  --harmony --max_old_space_size=4096 D:\node-express\node_modules\node-windows\lib\wrapper.js --file D:\node-express\server.js --scriptoptions= --log "AutoWeb wrapper" --grow 0.25 --wait 1 --maxrestarts 3 --abortonerror n --stopparentfirst undefined
2023-11-15 11:30:27 - Started 1100
2023-11-15 11:32:51 - Stopping autoweb.exe
2023-11-15 11:32:51 - ProcessKill 1100
2023-11-15 11:32:51 - Found child process: 2800 Name: conhost.exe
2023-11-15 11:32:51 - Found child process: 10740 Name: node.exe
2023-11-15 11:32:51 - Stopping process 2800
2023-11-15 11:32:51 - Send SIGINT 2800
2023-11-15 11:32:51 - SIGINT to 2800 failed - Killing as fallback
2023-11-15 11:32:51 - Stopping process 10740
2023-11-15 11:32:51 - Send SIGINT 10740
2023-11-15 11:32:51 - SIGINT to 10740 failed - Killing as fallback
2023-11-15 11:32:51 - Stopping process 1100
2023-11-15 11:32:51 - Send SIGINT 1100
2023-11-15 11:32:51 - SIGINT to 1100 failed - Killing as fallback
2023-11-15 11:32:51 - Finished autoweb.exe
2023-11-15 11:32:52 - Starting C:\Program Files\nodejs\node.exe  --harmony --max_old_space_size=4096 D:\node-express\node_modules\node-windows\lib\wrapper.js --file D:\node-express\server.js --scriptoptions= --log "AutoWeb wrapper" --grow 0.25 --wait 1 --maxrestarts 3 --abortonerror n --stopparentfirst undefined
2023-11-15 11:32:52 - Started 3556
2023-11-15 11:33:51 - Stopping autoweb.exe
2023-11-15 11:33:51 - ProcessKill 3556
2023-11-15 11:33:51 - Found child process: 6032 Name: conhost.exe
2023-11-15 11:33:51 - Found child process: 9388 Name: node.exe
2023-11-15 11:33:51 - Stopping process 6032
2023-11-15 11:33:51 - Send SIGINT 6032
2023-11-15 11:33:51 - SIGINT to 6032 failed - Killing as fallback
2023-11-15 11:33:51 - Stopping process 9388
2023-11-15 11:33:51 - Send SIGINT 9388
2023-11-15 11:33:51 - SIGINT to 9388 failed - Killing as fallback
2023-11-15 11:33:51 - Stopping process 3556
2023-11-15 11:33:51 - Send SIGINT 3556
2023-11-15 11:33:51 - SIGINT to 3556 failed - Killing as fallback
2023-11-15 11:33:51 - Finished autoweb.exe
2023-11-15 11:33:52 - Starting C:\Program Files\nodejs\node.exe  --harmony --max_old_space_size=4096 D:\node-express\node_modules\node-windows\lib\wrapper.js --file D:\node-express\server.js --scriptoptions= --log "AutoWeb wrapper" --grow 0.25 --wait 1 --maxrestarts 3 --abortonerror n --stopparentfirst undefined
2023-11-15 11:33:52 - Started 8596
2023-11-15 11:34:49 - Stopping autoweb.exe
2023-11-15 11:34:49 - ProcessKill 8596
2023-11-15 11:34:49 - Found child process: 7684 Name: conhost.exe
2023-11-15 11:34:49 - Found child process: 9088 Name: node.exe
2023-11-15 11:34:49 - Stopping process 7684
2023-11-15 11:34:49 - Send SIGINT 7684
2023-11-15 11:34:49 - SIGINT to 7684 failed - Killing as fallback
2023-11-15 11:34:49 - Stopping process 9088
2023-11-15 11:34:49 - Send SIGINT 9088
2023-11-15 11:34:49 - SIGINT to 9088 failed - Killing as fallback
2023-11-15 11:34:49 - Stopping process 8596
2023-11-15 11:34:49 - Send SIGINT 8596
2023-11-15 11:34:49 - SIGINT to 8596 failed - Killing as fallback
2023-11-15 11:34:49 - Finished autoweb.exe
2023-11-15 11:34:51 - Starting C:\Program Files\nodejs\node.exe  --harmony --max_old_space_size=4096 D:\node-express\node_modules\node-windows\lib\wrapper.js --file D:\node-express\server.js --scriptoptions= --log "AutoWeb wrapper" --grow 0.25 --wait 1 --maxrestarts 3 --abortonerror n --stopparentfirst undefined
2023-11-15 11:34:51 - Started 6348
2023-11-15 11:35:49 - Stopping autoweb.exe
2023-11-15 11:35:49 - ProcessKill 6348
2023-11-15 11:35:49 - Found child process: 9876 Name: conhost.exe
2023-11-15 11:35:49 - Found child process: 9156 Name: node.exe
2023-11-15 11:35:49 - Stopping process 9876
2023-11-15 11:35:49 - Send SIGINT 9876
2023-11-15 11:35:49 - SIGINT to 9876 failed - Killing as fallback
2023-11-15 11:35:49 - Stopping process 9156
2023-11-15 11:35:49 - Send SIGINT 9156
2023-11-15 11:35:49 - SIGINT to 9156 failed - Killing as fallback
2023-11-15 11:35:49 - Stopping process 6348
2023-11-15 11:35:49 - Send SIGINT 6348
2023-11-15 11:35:49 - SIGINT to 6348 failed - Killing as fallback
2023-11-15 11:35:49 - Finished autoweb.exe
2023-11-15 11:35:51 - Starting C:\Program Files\nodejs\node.exe  --harmony --max_old_space_size=4096 D:\node-express\node_modules\node-windows\lib\wrapper.js --file D:\node-express\server.js --scriptoptions= --log "AutoWeb wrapper" --grow 0.25 --wait 1 --maxrestarts 3 --abortonerror n --stopparentfirst undefined
2023-11-15 11:35:51 - Started 10336
2023-11-15 11:38:05 - Stopping autoweb.exe
2023-11-15 11:38:05 - ProcessKill 10336
2023-11-15 11:38:05 - Found child process: 3516 Name: conhost.exe
2023-11-15 11:38:05 - Found child process: 5784 Name: node.exe
2023-11-15 11:38:05 - Stopping process 3516
2023-11-15 11:38:05 - Send SIGINT 3516
2023-11-15 11:38:05 - SIGINT to 3516 failed - Killing as fallback
2023-11-15 11:38:05 - Stopping process 5784
2023-11-15 11:38:05 - Send SIGINT 5784
2023-11-15 11:38:05 - SIGINT to 5784 failed - Killing as fallback
2023-11-15 11:38:05 - Stopping process 10336
2023-11-15 11:38:05 - Send SIGINT 10336
2023-11-15 11:38:05 - SIGINT to 10336 failed - Killing as fallback
2023-11-15 11:38:05 - Finished autoweb.exe
2023-11-15 11:38:06 - Starting C:\Program Files\nodejs\node.exe  --harmony --max_old_space_size=4096 D:\node-express\node_modules\node-windows\lib\wrapper.js --file D:\node-express\server.js --scriptoptions= --log "AutoWeb wrapper" --grow 0.25 --wait 1 --maxrestarts 3 --abortonerror n --stopparentfirst undefined
2023-11-15 11:38:06 - Started 8676
2023-11-15 14:12:22 - Stopping autoweb.exe
2023-11-15 14:12:22 - ProcessKill 8676
2023-11-15 14:12:22 - Found child process: 1412 Name: conhost.exe
2023-11-15 14:12:22 - Found child process: 11148 Name: node.exe
2023-11-15 14:12:22 - Stopping process 1412
2023-11-15 14:12:22 - Send SIGINT 1412
2023-11-15 14:12:22 - SIGINT to 1412 failed - Killing as fallback
2023-11-15 14:12:22 - Stopping process 11148
2023-11-15 14:12:22 - Send SIGINT 11148
2023-11-15 14:12:22 - SIGINT to 11148 failed - Killing as fallback
2023-11-15 14:12:22 - Stopping process 8676
2023-11-15 14:12:22 - Send SIGINT 8676
2023-11-15 14:12:22 - SIGINT to 8676 failed - Killing as fallback
2023-11-15 14:12:22 - Finished autoweb.exe
2023-11-15 14:12:24 - Starting C:\Program Files\nodejs\node.exe  --harmony --max_old_space_size=4096 D:\node-express\node_modules\node-windows\lib\wrapper.js --file D:\node-express\server.js --scriptoptions= --log "AutoWeb wrapper" --grow 0.25 --wait 1 --maxrestarts 3 --abortonerror n --stopparentfirst undefined
2023-11-15 14:12:24 - Started 5848
2023-11-15 14:13:36 - Stopping autoweb.exe
2023-11-15 14:13:36 - ProcessKill 5848
2023-11-15 14:13:36 - Found child process: 3740 Name: conhost.exe
2023-11-15 14:13:36 - Found child process: 8124 Name: node.exe
2023-11-15 14:13:36 - Stopping process 3740
2023-11-15 14:13:36 - Send SIGINT 3740
2023-11-15 14:13:36 - SIGINT to 3740 failed - Killing as fallback
2023-11-15 14:13:36 - Stopping process 8124
2023-11-15 14:13:36 - Send SIGINT 8124
2023-11-15 14:13:36 - SIGINT to 8124 failed - Killing as fallback
2023-11-15 14:13:36 - Stopping process 5848
2023-11-15 14:13:36 - Send SIGINT 5848
2023-11-15 14:13:36 - SIGINT to 5848 failed - Killing as fallback
2023-11-15 14:13:36 - Finished autoweb.exe
2023-11-15 14:13:38 - Starting C:\Program Files\nodejs\node.exe  --harmony --max_old_space_size=4096 D:\node-express\node_modules\node-windows\lib\wrapper.js --file D:\node-express\server.js --scriptoptions= --log "AutoWeb wrapper" --grow 0.25 --wait 1 --maxrestarts 3 --abortonerror n --stopparentfirst undefined
2023-11-15 14:13:38 - Started 1600
2023-11-15 14:21:38 - Stopping autoweb.exe
2023-11-15 14:21:38 - ProcessKill 1600
2023-11-15 14:21:38 - Found child process: 8016 Name: conhost.exe
2023-11-15 14:21:38 - Found child process: 6804 Name: node.exe
2023-11-15 14:21:38 - Stopping process 8016
2023-11-15 14:21:38 - Send SIGINT 8016
2023-11-15 14:21:38 - SIGINT to 8016 failed - Killing as fallback
2023-11-15 14:21:38 - Stopping process 6804
2023-11-15 14:21:38 - Send SIGINT 6804
2023-11-15 14:21:38 - SIGINT to 6804 failed - Killing as fallback
2023-11-15 14:21:38 - Stopping process 1600
2023-11-15 14:21:38 - Send SIGINT 1600
2023-11-15 14:21:38 - SIGINT to 1600 failed - Killing as fallback
2023-11-15 14:21:38 - Finished autoweb.exe
2023-11-15 14:21:39 - Starting C:\Program Files\nodejs\node.exe  --harmony --max_old_space_size=4096 D:\node-express\node_modules\node-windows\lib\wrapper.js --file D:\node-express\server.js --scriptoptions= --log "AutoWeb wrapper" --grow 0.25 --wait 1 --maxrestarts 3 --abortonerror n --stopparentfirst undefined
2023-11-15 14:21:39 - Started 3396
2023-11-15 14:48:17 - Stopping autoweb.exe
2023-11-15 14:48:17 - ProcessKill 3396
2023-11-15 14:48:17 - Found child process: 11148 Name: conhost.exe
2023-11-15 14:48:17 - Found child process: 10044 Name: node.exe
2023-11-15 14:48:17 - Stopping process 11148
2023-11-15 14:48:17 - Send SIGINT 11148
2023-11-15 14:48:17 - SIGINT to 11148 failed - Killing as fallback
2023-11-15 14:48:17 - Stopping process 10044
2023-11-15 14:48:17 - Send SIGINT 10044
2023-11-15 14:48:17 - SIGINT to 10044 failed - Killing as fallback
2023-11-15 14:48:17 - Stopping process 3396
2023-11-15 14:48:17 - Send SIGINT 3396
2023-11-15 14:48:17 - SIGINT to 3396 failed - Killing as fallback
2023-11-15 14:48:17 - Finished autoweb.exe
2023-11-15 14:48:19 - Starting C:\Program Files\nodejs\node.exe  --harmony --max_old_space_size=4096 D:\node-express\node_modules\node-windows\lib\wrapper.js --file D:\node-express\server.js --scriptoptions= --log "AutoWeb wrapper" --grow 0.25 --wait 1 --maxrestarts 3 --abortonerror n --stopparentfirst undefined
2023-11-15 14:48:19 - Started 10688
2023-11-15 14:50:55 - Stopping autoweb.exe
2023-11-15 14:50:55 - ProcessKill 10688
2023-11-15 14:50:55 - Found child process: 9856 Name: conhost.exe
2023-11-15 14:50:55 - Found child process: 10512 Name: node.exe
2023-11-15 14:50:55 - Stopping process 9856
2023-11-15 14:50:55 - Send SIGINT 9856
2023-11-15 14:50:55 - SIGINT to 9856 failed - Killing as fallback
2023-11-15 14:50:55 - Stopping process 10512
2023-11-15 14:50:55 - Send SIGINT 10512
2023-11-15 14:50:55 - SIGINT to 10512 failed - Killing as fallback
2023-11-15 14:50:55 - Stopping process 10688
2023-11-15 14:50:55 - Send SIGINT 10688
2023-11-15 14:50:55 - SIGINT to 10688 failed - Killing as fallback
2023-11-15 14:50:55 - Finished autoweb.exe
2023-11-15 14:50:56 - Starting C:\Program Files\nodejs\node.exe  --harmony --max_old_space_size=4096 D:\node-express\node_modules\node-windows\lib\wrapper.js --file D:\node-express\server.js --scriptoptions= --log "AutoWeb wrapper" --grow 0.25 --wait 1 --maxrestarts 3 --abortonerror n --stopparentfirst undefined
2023-11-15 14:50:56 - Started 9708
2023-11-15 15:05:21 - Stopping autoweb.exe
2023-11-15 15:05:21 - ProcessKill 9708
2023-11-15 15:05:22 - Found child process: 8440 Name: conhost.exe
2023-11-15 15:05:22 - Found child process: 7508 Name: node.exe
2023-11-15 15:05:22 - Stopping process 8440
2023-11-15 15:05:22 - Send SIGINT 8440
2023-11-15 15:05:22 - SIGINT to 8440 failed - Killing as fallback
2023-11-15 15:05:22 - Stopping process 7508
2023-11-15 15:05:22 - Send SIGINT 7508
2023-11-15 15:05:22 - SIGINT to 7508 failed - Killing as fallback
2023-11-15 15:05:22 - Stopping process 9708
2023-11-15 15:05:22 - Send SIGINT 9708
2023-11-15 15:05:22 - SIGINT to 9708 failed - Killing as fallback
2023-11-15 15:05:22 - Finished autoweb.exe
2023-11-15 15:05:23 - Starting C:\Program Files\nodejs\node.exe  --harmony --max_old_space_size=4096 D:\node-express\node_modules\node-windows\lib\wrapper.js --file D:\node-express\server.js --scriptoptions= --log "AutoWeb wrapper" --grow 0.25 --wait 1 --maxrestarts 3 --abortonerror n --stopparentfirst undefined
2023-11-15 15:05:23 - Started 9772
2023-11-15 15:13:30 - Stopping autoweb.exe
2023-11-15 15:13:30 - ProcessKill 9772
2023-11-15 15:13:30 - Found child process: 9404 Name: conhost.exe
2023-11-15 15:13:30 - Found child process: 1860 Name: node.exe
2023-11-15 15:13:30 - Stopping process 9404
2023-11-15 15:13:30 - Send SIGINT 9404
2023-11-15 15:13:30 - SIGINT to 9404 failed - Killing as fallback
2023-11-15 15:13:30 - Stopping process 1860
2023-11-15 15:13:30 - Send SIGINT 1860
2023-11-15 15:13:30 - SIGINT to 1860 failed - Killing as fallback
2023-11-15 15:13:30 - Stopping process 9772
2023-11-15 15:13:30 - Send SIGINT 9772
2023-11-15 15:13:30 - SIGINT to 9772 failed - Killing as fallback
2023-11-15 15:13:30 - Finished autoweb.exe
2023-11-15 15:13:31 - Starting C:\Program Files\nodejs\node.exe  --harmony --max_old_space_size=4096 D:\node-express\node_modules\node-windows\lib\wrapper.js --file D:\node-express\server.js --scriptoptions= --log "AutoWeb wrapper" --grow 0.25 --wait 1 --maxrestarts 3 --abortonerror n --stopparentfirst undefined
2023-11-15 15:13:31 - Started 4252
2023-11-15 15:19:06 - Stopping autoweb.exe
2023-11-15 15:19:06 - ProcessKill 4252
2023-11-15 15:19:06 - Found child process: 2428 Name: conhost.exe
2023-11-15 15:19:06 - Found child process: 4572 Name: node.exe
2023-11-15 15:19:06 - Stopping process 2428
2023-11-15 15:19:06 - Send SIGINT 2428
2023-11-15 15:19:06 - SIGINT to 2428 failed - Killing as fallback
2023-11-15 15:19:06 - Stopping process 4572
2023-11-15 15:19:06 - Send SIGINT 4572
2023-11-15 15:19:06 - SIGINT to 4572 failed - Killing as fallback
2023-11-15 15:19:06 - Stopping process 4252
2023-11-15 15:19:06 - Send SIGINT 4252
2023-11-15 15:19:06 - SIGINT to 4252 failed - Killing as fallback
2023-11-15 15:19:06 - Finished autoweb.exe
2023-11-15 15:19:07 - Starting C:\Program Files\nodejs\node.exe  --harmony --max_old_space_size=4096 D:\node-express\node_modules\node-windows\lib\wrapper.js --file D:\node-express\server.js --scriptoptions= --log "AutoWeb wrapper" --grow 0.25 --wait 1 --maxrestarts 3 --abortonerror n --stopparentfirst undefined
2023-11-15 15:19:07 - Started 944
2023-11-15 15:21:38 - Stopping autoweb.exe
2023-11-15 15:21:38 - ProcessKill 944
2023-11-15 15:21:38 - Found child process: 4280 Name: conhost.exe
2023-11-15 15:21:38 - Found child process: 9744 Name: node.exe
2023-11-15 15:21:38 - Stopping process 4280
2023-11-15 15:21:38 - Send SIGINT 4280
2023-11-15 15:21:38 - SIGINT to 4280 failed - Killing as fallback
2023-11-15 15:21:38 - Stopping process 9744
2023-11-15 15:21:38 - Send SIGINT 9744
2023-11-15 15:21:38 - SIGINT to 9744 failed - Killing as fallback
2023-11-15 15:21:38 - Stopping process 944
2023-11-15 15:21:38 - Send SIGINT 944
2023-11-15 15:21:38 - SIGINT to 944 failed - Killing as fallback
2023-11-15 15:21:38 - Finished autoweb.exe
2023-11-15 15:21:40 - Starting C:\Program Files\nodejs\node.exe  --harmony --max_old_space_size=4096 D:\node-express\node_modules\node-windows\lib\wrapper.js --file D:\node-express\server.js --scriptoptions= --log "AutoWeb wrapper" --grow 0.25 --wait 1 --maxrestarts 3 --abortonerror n --stopparentfirst undefined
2023-11-15 15:21:40 - Started 1236
2023-11-15 15:25:25 - Stopping autoweb.exe
2023-11-15 15:25:25 - ProcessKill 1236
2023-11-15 15:25:25 - Found child process: 10756 Name: conhost.exe
2023-11-15 15:25:25 - Found child process: 1428 Name: node.exe
2023-11-15 15:25:25 - Stopping process 10756
2023-11-15 15:25:25 - Send SIGINT 10756
2023-11-15 15:25:25 - SIGINT to 10756 failed - Killing as fallback
2023-11-15 15:25:25 - Stopping process 1428
2023-11-15 15:25:25 - Send SIGINT 1428
2023-11-15 15:25:25 - SIGINT to 1428 failed - Killing as fallback
2023-11-15 15:25:25 - Stopping process 1236
2023-11-15 15:25:25 - Send SIGINT 1236
2023-11-15 15:25:25 - SIGINT to 1236 failed - Killing as fallback
2023-11-15 15:25:25 - Finished autoweb.exe
2023-11-15 15:25:26 - Starting C:\Program Files\nodejs\node.exe  --harmony --max_old_space_size=4096 D:\node-express\node_modules\node-windows\lib\wrapper.js --file D:\node-express\server.js --scriptoptions= --log "AutoWeb wrapper" --grow 0.25 --wait 1 --maxrestarts 3 --abortonerror n --stopparentfirst undefined
2023-11-15 15:25:26 - Started 10436
2023-11-15 15:28:59 - Stopping autoweb.exe
2023-11-15 15:28:59 - ProcessKill 10436
2023-11-15 15:28:59 - Found child process: 4252 Name: conhost.exe
2023-11-15 15:28:59 - Found child process: 9156 Name: node.exe
2023-11-15 15:28:59 - Stopping process 4252
2023-11-15 15:28:59 - Send SIGINT 4252
2023-11-15 15:28:59 - SIGINT to 4252 failed - Killing as fallback
2023-11-15 15:28:59 - Stopping process 9156
2023-11-15 15:28:59 - Send SIGINT 9156
2023-11-15 15:28:59 - SIGINT to 9156 failed - Killing as fallback
2023-11-15 15:28:59 - Stopping process 10436
2023-11-15 15:28:59 - Send SIGINT 10436
2023-11-15 15:28:59 - SIGINT to 10436 failed - Killing as fallback
2023-11-15 15:28:59 - Finished autoweb.exe
2023-11-15 15:29:00 - Starting C:\Program Files\nodejs\node.exe  --harmony --max_old_space_size=4096 D:\node-express\node_modules\node-windows\lib\wrapper.js --file D:\node-express\server.js --scriptoptions= --log "AutoWeb wrapper" --grow 0.25 --wait 1 --maxrestarts 3 --abortonerror n --stopparentfirst undefined
2023-11-15 15:29:00 - Started 10016
2023-11-15 16:29:42 - Stopping autoweb.exe
2023-11-15 16:29:42 - ProcessKill 10016
2023-11-15 16:29:42 - Found child process: 11256 Name: conhost.exe
2023-11-15 16:29:42 - Found child process: 8788 Name: node.exe
2023-11-15 16:29:42 - Stopping process 11256
2023-11-15 16:29:42 - Send SIGINT 11256
2023-11-15 16:29:42 - SIGINT to 11256 failed - Killing as fallback
2023-11-15 16:29:42 - Stopping process 8788
2023-11-15 16:29:42 - Send SIGINT 8788
2023-11-15 16:29:42 - SIGINT to 8788 failed - Killing as fallback
2023-11-15 16:29:42 - Stopping process 10016
2023-11-15 16:29:42 - Send SIGINT 10016
2023-11-15 16:29:42 - SIGINT to 10016 failed - Killing as fallback
2023-11-15 16:29:42 - Finished autoweb.exe
2023-11-15 16:29:44 - Starting C:\Program Files\nodejs\node.exe  --harmony --max_old_space_size=4096 D:\node-express\node_modules\node-windows\lib\wrapper.js --file D:\node-express\server.js --scriptoptions= --log "AutoWeb wrapper" --grow 0.25 --wait 1 --maxrestarts 3 --abortonerror n --stopparentfirst undefined
2023-11-15 16:29:44 - Started 9752
2023-11-15 16:34:21 - Starting C:\Program Files\nodejs\node.exe  --harmony --max_old_space_size=4096 D:\node-express\node_modules\node-windows\lib\wrapper.js --file D:\node-express\server.js --scriptoptions= --log "AutoWeb wrapper" --grow 0.25 --wait 1 --maxrestarts 3 --abortonerror n --stopparentfirst undefined
2023-11-15 16:34:21 - Started 4252
2023-11-15 16:40:57 - Stopping autoweb.exe
2023-11-15 16:40:57 - ProcessKill 4252
2023-11-15 16:40:57 - Found child process: 5864 Name: conhost.exe
2023-11-15 16:40:57 - Found child process: 1532 Name: node.exe
2023-11-15 16:40:57 - Stopping process 5864
2023-11-15 16:40:57 - Send SIGINT 5864
2023-11-15 16:40:57 - SIGINT to 5864 failed - Killing as fallback
2023-11-15 16:40:57 - Stopping process 1532
2023-11-15 16:40:57 - Send SIGINT 1532
2023-11-15 16:40:57 - SIGINT to 1532 failed - Killing as fallback
2023-11-15 16:40:57 - Stopping process 4252
2023-11-15 16:40:57 - Send SIGINT 4252
2023-11-15 16:40:57 - SIGINT to 4252 failed - Killing as fallback
2023-11-15 16:40:57 - Finished autoweb.exe
2023-11-15 16:40:58 - Starting C:\Program Files\nodejs\node.exe  --harmony --max_old_space_size=4096 D:\node-express\node_modules\node-windows\lib\wrapper.js --file D:\node-express\server.js --scriptoptions= --log "AutoWeb wrapper" --grow 0.25 --wait 1 --maxrestarts 3 --abortonerror n --stopparentfirst undefined
2023-11-15 16:40:58 - Started 8912
2023-11-15 16:43:59 - Stopping autoweb.exe
2023-11-15 16:43:59 - ProcessKill 8912
2023-11-15 16:43:59 - Found child process: 9880 Name: conhost.exe
2023-11-15 16:43:59 - Found child process: 9900 Name: node.exe
2023-11-15 16:44:00 - Stopping process 9880
2023-11-15 16:44:00 - Send SIGINT 9880
2023-11-15 16:44:00 - SIGINT to 9880 failed - Killing as fallback
2023-11-15 16:44:00 - Stopping process 9900
2023-11-15 16:44:00 - Send SIGINT 9900
2023-11-15 16:44:00 - SIGINT to 9900 failed - Killing as fallback
2023-11-15 16:44:00 - Stopping process 8912
2023-11-15 16:44:00 - Send SIGINT 8912
2023-11-15 16:44:00 - SIGINT to 8912 failed - Killing as fallback
2023-11-15 16:44:00 - Finished autoweb.exe
2023-11-15 16:44:01 - Starting C:\Program Files\nodejs\node.exe  --harmony --max_old_space_size=4096 D:\node-express\node_modules\node-windows\lib\wrapper.js --file D:\node-express\server.js --scriptoptions= --log "AutoWeb wrapper" --grow 0.25 --wait 1 --maxrestarts 3 --abortonerror n --stopparentfirst undefined
2023-11-15 16:44:01 - Started 10632
2023-11-15 17:10:09 - Stopping autoweb.exe
2023-11-15 17:10:09 - ProcessKill 10632
2023-11-15 17:10:09 - Found child process: 4080 Name: conhost.exe
2023-11-15 17:10:09 - Found child process: 5940 Name: node.exe
2023-11-15 17:10:09 - Stopping process 4080
2023-11-15 17:10:09 - Send SIGINT 4080
2023-11-15 17:10:09 - SIGINT to 4080 failed - Killing as fallback
2023-11-15 17:10:09 - Stopping process 5940
2023-11-15 17:10:09 - Send SIGINT 5940
2023-11-15 17:10:09 - SIGINT to 5940 failed - Killing as fallback
2023-11-15 17:10:09 - Stopping process 10632
2023-11-15 17:10:09 - Send SIGINT 10632
2023-11-15 17:10:09 - SIGINT to 10632 failed - Killing as fallback
2023-11-15 17:10:09 - Finished autoweb.exe
2023-11-15 17:10:10 - Starting C:\Program Files\nodejs\node.exe  --harmony --max_old_space_size=4096 D:\node-express\node_modules\node-windows\lib\wrapper.js --file D:\node-express\server.js --scriptoptions= --log "AutoWeb wrapper" --grow 0.25 --wait 1 --maxrestarts 3 --abortonerror n --stopparentfirst undefined
2023-11-15 17:10:10 - Started 3432
2023-11-18 12:30:58 - Stopping autoweb.exe
2023-11-18 12:30:58 - ProcessKill 3432
2023-11-18 12:30:58 - Found child process: 9168 Name: conhost.exe
2023-11-18 12:30:58 - Found child process: 10740 Name: node.exe
2023-11-18 12:30:58 - Stopping process 9168
2023-11-18 12:30:58 - Send SIGINT 9168
2023-11-18 12:30:58 - SIGINT to 9168 failed - Killing as fallback
2023-11-18 12:30:58 - Stopping process 10740
2023-11-18 12:30:58 - Send SIGINT 10740
2023-11-18 12:30:58 - SIGINT to 10740 failed - Killing as fallback
2023-11-18 12:30:58 - Stopping process 3432
2023-11-18 12:30:58 - Send SIGINT 3432
2023-11-18 12:30:58 - SIGINT to 3432 failed - Killing as fallback
2023-11-18 12:30:58 - Finished autoweb.exe
